2018-06-21 19:04:55.651 INFO  com.friends.FriendsApplication Line:48  - Starting FriendsApplication on DESKTOP-07EM5CC with PID 3144 (D:\java\workplace\make_friends_manage\target\classes started by 92123 in D:\java\workplace\make_friends_manage)
2018-06-21 19:04:55.759 INFO  com.friends.FriendsApplication Line:665 - The following profiles are active: dev
2018-06-21 19:04:55.905 INFO  org.springframework.boot.context.embedded.AnnotationConfigEmbeddedWebApplicationContext Line:581 - Refreshing org.springframework.boot.context.embedded.AnnotationConfigEmbeddedWebApplicationContext@495fac5f: startup date [Thu Jun 21 19:04:55 CST 2018]; root of context hierarchy
2018-06-21 19:04:56.032 INFO  org.hibernate.validator.internal.util.Version Line:30  - HV000001: Hibernate Validator 5.2.4.Final
2018-06-21 19:05:03.958 INFO  org.springframework.context.support.PostProcessorRegistrationDelegate$BeanPostProcessorChecker Line:328 - Bean 'org.springframework.transaction.annotation.ProxyTransactionManagementConfiguration' of type [class org.springframework.transaction.annotation.ProxyTransactionManagementConfiguration$$EnhancerBySpringCGLIB$$adca3940] is not eligible for getting processed by all BeanPostProcessors (for example: not eligible for auto-proxying)
2018-06-21 19:05:04.034 INFO  org.springframework.context.support.PostProcessorRegistrationDelegate$BeanPostProcessorChecker Line:328 - Bean 'shiroConfiguration' of type [class com.friends.common.shiro.ShiroConfiguration$$EnhancerBySpringCGLIB$$c3418e24] is not eligible for getting processed by all BeanPostProcessors (for example: not eligible for auto-proxying)
2018-06-21 19:05:04.156 INFO  com.friends.common.shiro.ShiroConfiguration Line:156 - ShiroConfiguration.getEhCacheManager()
2018-06-21 19:05:04.174 INFO  org.springframework.context.support.PostProcessorRegistrationDelegate$BeanPostProcessorChecker Line:328 - Bean 'ehCacheManager' of type [class org.apache.shiro.cache.ehcache.EhCacheManager] is not eligible for getting processed by all BeanPostProcessors (for example: not eligible for auto-proxying)
2018-06-21 19:05:04.682 INFO  org.apache.shiro.cache.ehcache.EhCacheManager Line:170 - Using existing EHCache named [passwordRetryCache]
2018-06-21 19:05:04.691 INFO  org.springframework.context.support.PostProcessorRegistrationDelegate$BeanPostProcessorChecker Line:328 - Bean 'hashedCredentialsMatcher' of type [class com.friends.common.shiro.RetryLimitHashedCredentialsMatcher] is not eligible for getting processed by all BeanPostProcessors (for example: not eligible for auto-proxying)
2018-06-21 19:05:04.825 INFO  org.springframework.context.support.PostProcessorRegistrationDelegate$BeanPostProcessorChecker Line:328 - Bean '(inner bean)#5dbbb292' of type [class org.springframework.beans.factory.config.PropertiesFactoryBean] is not eligible for getting processed by all BeanPostProcessors (for example: not eligible for auto-proxying)
2018-06-21 19:05:04.826 INFO  org.springframework.context.support.PostProcessorRegistrationDelegate$BeanPostProcessorChecker Line:328 - Bean '(inner bean)#5dbbb292' of type [class java.util.Properties] is not eligible for getting processed by all BeanPostProcessors (for example: not eligible for auto-proxying)
2018-06-21 19:05:04.832 INFO  org.springframework.context.support.PostProcessorRegistrationDelegate$BeanPostProcessorChecker Line:328 - Bean '(inner bean)#5460edd3' of type [class org.springframework.data.repository.core.support.PropertiesBasedNamedQueries] is not eligible for getting processed by all BeanPostProcessors (for example: not eligible for auto-proxying)
2018-06-21 19:05:04.843 INFO  org.springframework.context.support.PostProcessorRegistrationDelegate$BeanPostProcessorChecker Line:328 - Bean '(inner bean)#1c046c92' of type [class org.springframework.data.repository.query.ExtensionAwareEvaluationContextProvider] is not eligible for getting processed by all BeanPostProcessors (for example: not eligible for auto-proxying)
2018-06-21 19:05:04.849 INFO  org.springframework.context.support.PostProcessorRegistrationDelegate$BeanPostProcessorChecker Line:328 - Bean 'org.springframework.boot.autoconfigure.jdbc.DataSourceConfiguration$Generic' of type [class org.springframework.boot.autoconfigure.jdbc.DataSourceConfiguration$Generic] is not eligible for getting processed by all BeanPostProcessors (for example: not eligible for auto-proxying)
2018-06-21 19:05:05.223 INFO  org.springframework.context.support.PostProcessorRegistrationDelegate$BeanPostProcessorChecker Line:328 - Bean 'spring.datasource-org.springframework.boot.autoconfigure.jdbc.DataSourceProperties' of type [class org.springframework.boot.autoconfigure.jdbc.DataSourceProperties] is not eligible for getting processed by all BeanPostProcessors (for example: not eligible for auto-proxying)
2018-06-21 19:05:05.371 INFO  org.springframework.context.support.PostProcessorRegistrationDelegate$BeanPostProcessorChecker Line:328 - Bean 'dataSource' of type [class com.alibaba.druid.pool.DruidDataSource] is not eligible for getting processed by all BeanPostProcessors (for example: not eligible for auto-proxying)
2018-06-21 19:05:05.387 INFO  org.springframework.context.support.PostProcessorRegistrationDelegate$BeanPostProcessorChecker Line:328 - Bean 'org.springframework.boot.autoconfigure.jdbc.DataSourceAutoConfiguration' of type [class org.springframework.boot.autoconfigure.jdbc.DataSourceAutoConfiguration$$EnhancerBySpringCGLIB$$8fbddca0] is not eligible for getting processed by all BeanPostProcessors (for example: not eligible for auto-proxying)
2018-06-21 19:05:05.414 INFO  org.springframework.context.support.PostProcessorRegistrationDelegate$BeanPostProcessorChecker Line:328 - Bean 'dataSourceInitializer' of type [class org.springframework.boot.autoconfigure.jdbc.DataSourceInitializer] is not eligible for getting processed by all BeanPostProcessors (for example: not eligible for auto-proxying)
2018-06-21 19:05:05.446 INFO  org.springframework.context.support.PostProcessorRegistrationDelegate$BeanPostProcessorChecker Line:328 - Bean 'spring.jpa-org.springframework.boot.autoconfigure.orm.jpa.JpaProperties' of type [class org.springframework.boot.autoconfigure.orm.jpa.JpaProperties] is not eligible for getting processed by all BeanPostProcessors (for example: not eligible for auto-proxying)
2018-06-21 19:05:05.463 INFO  org.springframework.context.support.PostProcessorRegistrationDelegate$BeanPostProcessorChecker Line:328 - Bean 'org.springframework.boot.autoconfigure.orm.jpa.HibernateJpaAutoConfiguration' of type [class org.springframework.boot.autoconfigure.orm.jpa.HibernateJpaAutoConfiguration$$EnhancerBySpringCGLIB$$17509d60] is not eligible for getting processed by all BeanPostProcessors (for example: not eligible for auto-proxying)
2018-06-21 19:05:05.618 INFO  org.springframework.context.support.PostProcessorRegistrationDelegate$BeanPostProcessorChecker Line:328 - Bean 'jpaVendorAdapter' of type [class org.springframework.orm.jpa.vendor.HibernateJpaVendorAdapter] is not eligible for getting processed by all BeanPostProcessors (for example: not eligible for auto-proxying)
2018-06-21 19:05:05.627 INFO  org.springframework.context.support.PostProcessorRegistrationDelegate$BeanPostProcessorChecker Line:328 - Bean 'entityManagerFactoryBuilder' of type [class org.springframework.boot.orm.jpa.EntityManagerFactoryBuilder] is not eligible for getting processed by all BeanPostProcessors (for example: not eligible for auto-proxying)
2018-06-21 19:05:05.812 INFO  com.alibaba.druid.pool.DruidDataSource Line:722 - {dataSource-1} inited
2018-06-21 19:05:06.700 INFO  org.springframework.orm.jpa.LocalContainerEntityManagerFactoryBean Line:349 - Building JPA container EntityManagerFactory for persistence unit 'default'
2018-06-21 19:05:06.841 INFO  org.hibernate.jpa.internal.util.LogHelper Line:31  - HHH000204: Processing PersistenceUnitInfo [
	name: default
	...]
2018-06-21 19:05:07.147 INFO  org.hibernate.Version Line:37  - HHH000412: Hibernate Core {5.0.11.Final}
2018-06-21 19:05:07.151 INFO  org.hibernate.cfg.Environment Line:213 - HHH000206: hibernate.properties not found
2018-06-21 19:05:07.154 INFO  org.hibernate.cfg.Environment Line:317 - HHH000021: Bytecode provider name : javassist
2018-06-21 19:05:07.377 INFO  org.hibernate.annotations.common.Version Line:66  - HCANN000001: Hibernate Commons Annotations {5.0.1.Final}
2018-06-21 19:05:08.073 INFO  org.hibernate.dialect.Dialect Line:156 - HHH000400: Using dialect: org.hibernate.dialect.MySQL5Dialect
2018-06-21 19:05:09.697 INFO  org.hibernate.tool.hbm2ddl.SchemaUpdate Line:105 - HHH000228: Running hbm2ddl schema update
2018-06-21 19:05:20.449 INFO  org.springframework.orm.jpa.LocalContainerEntityManagerFactoryBean Line:382 - Initialized JPA EntityManagerFactory for persistence unit 'default'
2018-06-21 19:05:20.453 INFO  org.springframework.context.support.PostProcessorRegistrationDelegate$BeanPostProcessorChecker Line:328 - Bean 'entityManagerFactory' of type [class org.springframework.orm.jpa.LocalContainerEntityManagerFactoryBean] is not eligible for getting processed by all BeanPostProcessors (for example: not eligible for auto-proxying)
2018-06-21 19:05:20.454 INFO  org.springframework.context.support.PostProcessorRegistrationDelegate$BeanPostProcessorChecker Line:328 - Bean 'entityManagerFactory' of type [class com.sun.proxy.$Proxy80] is not eligible for getting processed by all BeanPostProcessors (for example: not eligible for auto-proxying)
2018-06-21 19:05:20.476 INFO  org.springframework.context.support.PostProcessorRegistrationDelegate$BeanPostProcessorChecker Line:328 - Bean '(inner bean)#6f731759' of type [class com.sun.proxy.$Proxy82] is not eligible for getting processed by all BeanPostProcessors (for example: not eligible for auto-proxying)
2018-06-21 19:05:20.652 INFO  org.springframework.context.support.PostProcessorRegistrationDelegate$BeanPostProcessorChecker Line:328 - Bean 'jpaMappingContext' of type [class org.springframework.data.jpa.repository.config.JpaMetamodelMappingContextFactoryBean] is not eligible for getting processed by all BeanPostProcessors (for example: not eligible for auto-proxying)
2018-06-21 19:05:20.653 INFO  org.springframework.context.support.PostProcessorRegistrationDelegate$BeanPostProcessorChecker Line:328 - Bean 'jpaMappingContext' of type [class org.springframework.data.jpa.mapping.JpaMetamodelMappingContext] is not eligible for getting processed by all BeanPostProcessors (for example: not eligible for auto-proxying)
2018-06-21 19:05:21.027 INFO  org.hibernate.hql.internal.QueryTranslatorFactoryInitiator Line:47  - HHH000397: Using ASTQueryTranslatorFactory
2018-06-21 19:05:21.244 INFO  org.springframework.context.support.PostProcessorRegistrationDelegate$BeanPostProcessorChecker Line:328 - Bean 'sysUserDao' of type [class org.springframework.data.jpa.repository.support.JpaRepositoryFactoryBean] is not eligible for getting processed by all BeanPostProcessors (for example: not eligible for auto-proxying)
2018-06-21 19:05:21.245 INFO  org.springframework.context.support.PostProcessorRegistrationDelegate$BeanPostProcessorChecker Line:328 - Bean 'sysUserDao' of type [class com.sun.proxy.$Proxy85] is not eligible for getting processed by all BeanPostProcessors (for example: not eligible for auto-proxying)
2018-06-21 19:05:21.251 INFO  org.springframework.context.support.PostProcessorRegistrationDelegate$BeanPostProcessorChecker Line:328 - Bean 'org.springframework.orm.jpa.SharedEntityManagerCreator#0' of type [class com.sun.proxy.$Proxy82] is not eligible for getting processed by all BeanPostProcessors (for example: not eligible for auto-proxying)
2018-06-21 19:05:21.273 INFO  org.springframework.context.support.PostProcessorRegistrationDelegate$BeanPostProcessorChecker Line:328 - Bean '(inner bean)#6a30f6b1' of type [class org.springframework.beans.factory.config.PropertiesFactoryBean] is not eligible for getting processed by all BeanPostProcessors (for example: not eligible for auto-proxying)
2018-06-21 19:05:21.274 INFO  org.springframework.context.support.PostProcessorRegistrationDelegate$BeanPostProcessorChecker Line:328 - Bean '(inner bean)#6a30f6b1' of type [class java.util.Properties] is not eligible for getting processed by all BeanPostProcessors (for example: not eligible for auto-proxying)
2018-06-21 19:05:21.275 INFO  org.springframework.context.support.PostProcessorRegistrationDelegate$BeanPostProcessorChecker Line:328 - Bean '(inner bean)#7e27b77a' of type [class org.springframework.data.repository.core.support.PropertiesBasedNamedQueries] is not eligible for getting processed by all BeanPostProcessors (for example: not eligible for auto-proxying)
2018-06-21 19:05:21.276 INFO  org.springframework.context.support.PostProcessorRegistrationDelegate$BeanPostProcessorChecker Line:328 - Bean '(inner bean)#7c1c0892' of type [class org.springframework.data.repository.query.ExtensionAwareEvaluationContextProvider] is not eligible for getting processed by all BeanPostProcessors (for example: not eligible for auto-proxying)
2018-06-21 19:05:21.278 INFO  org.springframework.context.support.PostProcessorRegistrationDelegate$BeanPostProcessorChecker Line:328 - Bean '(inner bean)#1d51b6a8' of type [class com.sun.proxy.$Proxy82] is not eligible for getting processed by all BeanPostProcessors (for example: not eligible for auto-proxying)
2018-06-21 19:05:21.295 INFO  org.springframework.context.support.PostProcessorRegistrationDelegate$BeanPostProcessorChecker Line:328 - Bean 'sysRoleDao' of type [class org.springframework.data.jpa.repository.support.JpaRepositoryFactoryBean] is not eligible for getting processed by all BeanPostProcessors (for example: not eligible for auto-proxying)
2018-06-21 19:05:21.296 INFO  org.springframework.context.support.PostProcessorRegistrationDelegate$BeanPostProcessorChecker Line:328 - Bean 'sysRoleDao' of type [class com.sun.proxy.$Proxy88] is not eligible for getting processed by all BeanPostProcessors (for example: not eligible for auto-proxying)
2018-06-21 19:05:21.301 INFO  org.springframework.context.support.PostProcessorRegistrationDelegate$BeanPostProcessorChecker Line:328 - Bean 'sysRoleServiceImpl' of type [class com.friends.service.impl.SysRoleServiceImpl] is not eligible for getting processed by all BeanPostProcessors (for example: not eligible for auto-proxying)
2018-06-21 19:05:21.390 INFO  org.springframework.context.support.PostProcessorRegistrationDelegate$BeanPostProcessorChecker Line:328 - Bean 'sysUserServiceImpl' of type [class com.friends.service.impl.SysUserServiceImpl] is not eligible for getting processed by all BeanPostProcessors (for example: not eligible for auto-proxying)
2018-06-21 19:05:21.425 INFO  org.springframework.context.support.PostProcessorRegistrationDelegate$BeanPostProcessorChecker Line:328 - Bean '(inner bean)#6b9fc5c7' of type [class org.springframework.beans.factory.config.PropertiesFactoryBean] is not eligible for getting processed by all BeanPostProcessors (for example: not eligible for auto-proxying)
2018-06-21 19:05:21.425 INFO  org.springframework.context.support.PostProcessorRegistrationDelegate$BeanPostProcessorChecker Line:328 - Bean '(inner bean)#6b9fc5c7' of type [class java.util.Properties] is not eligible for getting processed by all BeanPostProcessors (for example: not eligible for auto-proxying)
2018-06-21 19:05:21.426 INFO  org.springframework.context.support.PostProcessorRegistrationDelegate$BeanPostProcessorChecker Line:328 - Bean '(inner bean)#3a83cfbc' of type [class org.springframework.data.repository.core.support.PropertiesBasedNamedQueries] is not eligible for getting processed by all BeanPostProcessors (for example: not eligible for auto-proxying)
2018-06-21 19:05:21.426 INFO  org.springframework.context.support.PostProcessorRegistrationDelegate$BeanPostProcessorChecker Line:328 - Bean '(inner bean)#5ace6611' of type [class org.springframework.data.repository.query.ExtensionAwareEvaluationContextProvider] is not eligible for getting processed by all BeanPostProcessors (for example: not eligible for auto-proxying)
2018-06-21 19:05:21.427 INFO  org.springframework.context.support.PostProcessorRegistrationDelegate$BeanPostProcessorChecker Line:328 - Bean '(inner bean)#164db8f0' of type [class com.sun.proxy.$Proxy82] is not eligible for getting processed by all BeanPostProcessors (for example: not eligible for auto-proxying)
2018-06-21 19:05:21.440 INFO  org.springframework.context.support.PostProcessorRegistrationDelegate$BeanPostProcessorChecker Line:328 - Bean 'sysPermissionDao' of type [class org.springframework.data.jpa.repository.support.JpaRepositoryFactoryBean] is not eligible for getting processed by all BeanPostProcessors (for example: not eligible for auto-proxying)
2018-06-21 19:05:21.440 INFO  org.springframework.context.support.PostProcessorRegistrationDelegate$BeanPostProcessorChecker Line:328 - Bean 'sysPermissionDao' of type [class com.sun.proxy.$Proxy89] is not eligible for getting processed by all BeanPostProcessors (for example: not eligible for auto-proxying)
2018-06-21 19:05:21.444 INFO  org.springframework.context.support.PostProcessorRegistrationDelegate$BeanPostProcessorChecker Line:328 - Bean 'sysPermissionServiceImpl' of type [class com.friends.service.impl.SysPermissionServiceImpl] is not eligible for getting processed by all BeanPostProcessors (for example: not eligible for auto-proxying)
2018-06-21 19:05:21.460 INFO  org.springframework.context.support.PostProcessorRegistrationDelegate$BeanPostProcessorChecker Line:328 - Bean 'myShiroRealm' of type [class com.friends.common.shiro.MyShiroRealm] is not eligible for getting processed by all BeanPostProcessors (for example: not eligible for auto-proxying)
2018-06-21 19:05:21.464 INFO  org.apache.shiro.cache.ehcache.EhCacheManager Line:159 - Cache with name 'com.friends.common.shiro.MyShiroRealm.authorizationCache' does not yet exist.  Creating now.
2018-06-21 19:05:21.465 INFO  org.apache.shiro.cache.ehcache.EhCacheManager Line:166 - Added EhCache named [com.friends.common.shiro.MyShiroRealm.authorizationCache]
2018-06-21 19:05:21.466 INFO  com.friends.common.shiro.ShiroConfiguration Line:182 - ShiroConfiguration.rememberMeManager()
2018-06-21 19:05:21.468 INFO  com.friends.common.shiro.ShiroConfiguration Line:168 - ShiroConfiguration.rememberMeCookie()
2018-06-21 19:05:21.477 INFO  org.springframework.context.support.PostProcessorRegistrationDelegate$BeanPostProcessorChecker Line:328 - Bean 'rememberMeCookie' of type [class org.apache.shiro.web.servlet.SimpleCookie] is not eligible for getting processed by all BeanPostProcessors (for example: not eligible for auto-proxying)
2018-06-21 19:05:21.487 INFO  org.springframework.context.support.PostProcessorRegistrationDelegate$BeanPostProcessorChecker Line:328 - Bean 'rememberMeManager' of type [class org.apache.shiro.web.mgt.CookieRememberMeManager] is not eligible for getting processed by all BeanPostProcessors (for example: not eligible for auto-proxying)
2018-06-21 19:05:21.506 INFO  org.springframework.context.support.PostProcessorRegistrationDelegate$BeanPostProcessorChecker Line:328 - Bean 'securityManager' of type [class org.apache.shiro.web.mgt.DefaultWebSecurityManager] is not eligible for getting processed by all BeanPostProcessors (for example: not eligible for auto-proxying)
2018-06-21 19:05:21.542 INFO  org.springframework.context.support.PostProcessorRegistrationDelegate$BeanPostProcessorChecker Line:328 - Bean 'authorizationAttributeSourceAdvisor' of type [class org.apache.shiro.spring.security.interceptor.AuthorizationAttributeSourceAdvisor] is not eligible for getting processed by all BeanPostProcessors (for example: not eligible for auto-proxying)
2018-06-21 19:05:21.544 INFO  com.friends.common.shiro.ShiroConfiguration Line:44  - ShiroConfiguration.shirFilter()
2018-06-21 19:05:22.265 INFO  org.springframework.boot.context.embedded.tomcat.TomcatEmbeddedServletContainer Line:87  - Tomcat initialized with port(s): 8031 (http)
2018-06-21 19:05:22.288 INFO  org.apache.catalina.core.StandardService Line:179 - Starting service Tomcat
2018-06-21 19:05:22.291 INFO  org.apache.catalina.core.StandardEngine Line:179 - Starting Servlet Engine: Apache Tomcat/8.5.5
2018-06-21 19:05:23.377 INFO  org.apache.jasper.servlet.TldScanner Line:179 - At least one JAR was scanned for TLDs yet contained no TLDs. Enable debug logging for this logger for a complete list of JARs that were scanned but no TLDs were found in them. Skipping unneeded JARs during scanning can improve startup time and JSP compilation time.
2018-06-21 19:05:23.393 INFO  org.apache.catalina.core.ContainerBase.[Tomcat].[localhost].[/] Line:179 - Initializing Spring embedded WebApplicationContext
2018-06-21 19:05:23.394 INFO  org.springframework.web.context.ContextLoader Line:276 - Root WebApplicationContext: initialization completed in 27490 ms
2018-06-21 19:05:24.199 INFO  org.springframework.boot.web.servlet.FilterRegistrationBean Line:258 - Mapping filter: 'characterEncodingFilter' to: [/*]
2018-06-21 19:05:24.200 INFO  org.springframework.boot.web.servlet.FilterRegistrationBean Line:258 - Mapping filter: 'hiddenHttpMethodFilter' to: [/*]
2018-06-21 19:05:24.200 INFO  org.springframework.boot.web.servlet.FilterRegistrationBean Line:258 - Mapping filter: 'httpPutFormContentFilter' to: [/*]
2018-06-21 19:05:24.201 INFO  org.springframework.boot.web.servlet.FilterRegistrationBean Line:258 - Mapping filter: 'requestContextFilter' to: [/*]
2018-06-21 19:05:24.203 INFO  org.springframework.boot.web.servlet.DelegatingFilterProxyRegistrationBean Line:258 - Mapping filter: 'springSecurityFilterChain' to: [/*]
2018-06-21 19:05:24.204 INFO  org.springframework.boot.web.servlet.FilterRegistrationBean Line:258 - Mapping filter: 'shirFilter' to: [/*]
2018-06-21 19:05:24.204 INFO  org.springframework.boot.web.servlet.ServletRegistrationBean Line:190 - Mapping servlet: 'dispatcherServlet' to [/]
2018-06-21 19:05:30.531 INFO  org.springframework.web.servlet.mvc.method.annotation.RequestMappingHandlerAdapter Line:534 - Looking for @ControllerAdvice: org.springframework.boot.context.embedded.AnnotationConfigEmbeddedWebApplicationContext@495fac5f: startup date [Thu Jun 21 19:04:55 CST 2018]; root of context hierarchy
2018-06-21 19:05:30.763 INFO  org.springframework.web.servlet.mvc.method.annotation.RequestMappingHandlerMapping Line:543 - Mapped "{[/activity/add],methods=[GET]}" onto public org.springframework.web.servlet.ModelAndView com.friends.controller.ActivityController.add(org.springframework.web.servlet.ModelAndView)
2018-06-21 19:05:30.766 INFO  org.springframework.web.servlet.mvc.method.annotation.RequestMappingHandlerMapping Line:543 - Mapped "{[/activity/update],methods=[POST]}" onto public com.friends.utils.Result com.friends.controller.ActivityController.update(java.lang.String)
2018-06-21 19:05:30.767 INFO  org.springframework.web.servlet.mvc.method.annotation.RequestMappingHandlerMapping Line:543 - Mapped "{[/activity/delete],methods=[POST]}" onto public com.friends.utils.Result com.friends.controller.ActivityController.delete(java.lang.String[])
2018-06-21 19:05:30.768 INFO  org.springframework.web.servlet.mvc.method.annotation.RequestMappingHandlerMapping Line:543 - Mapped "{[/activity/save],methods=[POST]}" onto public com.friends.utils.Result com.friends.controller.ActivityController.save(java.lang.String)
2018-06-21 19:05:30.769 INFO  org.springframework.web.servlet.mvc.method.annotation.RequestMappingHandlerMapping Line:543 - Mapped "{[/activity/pushMessage],methods=[POST]}" onto public com.friends.utils.Result com.friends.controller.ActivityController.pushMessage(java.lang.String)
2018-06-21 19:05:30.769 INFO  org.springframework.web.servlet.mvc.method.annotation.RequestMappingHandlerMapping Line:543 - Mapped "{[/activity/activityEnroll],methods=[GET]}" onto public org.springframework.web.servlet.ModelAndView com.friends.controller.ActivityController.enroll()
2018-06-21 19:05:30.770 INFO  org.springframework.web.servlet.mvc.method.annotation.RequestMappingHandlerMapping Line:543 - Mapped "{[/activity/activityImages],methods=[GET]}" onto public org.springframework.web.servlet.ModelAndView com.friends.controller.ActivityController.activityImages()
2018-06-21 19:05:30.770 INFO  org.springframework.web.servlet.mvc.method.annotation.RequestMappingHandlerMapping Line:543 - Mapped "{[/activity/queryDynamic],methods=[POST]}" onto public com.friends.utils.Result com.friends.controller.ActivityController.queryDynamic(java.lang.String)
2018-06-21 19:05:30.771 INFO  org.springframework.web.servlet.mvc.method.annotation.RequestMappingHandlerMapping Line:543 - Mapped "{[/activity/activityList],methods=[GET]}" onto public org.springframework.web.servlet.ModelAndView com.friends.controller.ActivityController.page()
2018-06-21 19:05:30.771 INFO  org.springframework.web.servlet.mvc.method.annotation.RequestMappingHandlerMapping Line:543 - Mapped "{[/activity/addPoints],methods=[POST]}" onto public com.friends.utils.Result com.friends.controller.ActivityController.addPoints(java.lang.String,java.lang.String)
2018-06-21 19:05:30.771 INFO  org.springframework.web.servlet.mvc.method.annotation.RequestMappingHandlerMapping Line:543 - Mapped "{[/activity/upload2],methods=[POST]}" onto public com.friends.utils.Result com.friends.controller.ActivityController.upload2(org.springframework.web.multipart.MultipartFile) throws java.io.IOException
2018-06-21 19:05:30.772 INFO  org.springframework.web.servlet.mvc.method.annotation.RequestMappingHandlerMapping Line:543 - Mapped "{[/activity/edit],methods=[GET]}" onto public org.springframework.web.servlet.ModelAndView com.friends.controller.ActivityController.edit(org.springframework.web.servlet.ModelAndView,java.lang.String)
2018-06-21 19:05:30.773 INFO  org.springframework.web.servlet.mvc.method.annotation.RequestMappingHandlerMapping Line:543 - Mapped "{[/activity/upload],methods=[POST]}" onto public java.lang.Object com.friends.controller.ActivityController.upload(org.springframework.web.multipart.MultipartFile) throws java.io.IOException
2018-06-21 19:05:30.773 INFO  org.springframework.web.servlet.mvc.method.annotation.RequestMappingHandlerMapping Line:543 - Mapped "{[/activity/minusPoints],methods=[POST]}" onto public com.friends.utils.Result com.friends.controller.ActivityController.minusPoints(java.lang.String,java.lang.String)
2018-06-21 19:05:30.774 INFO  org.springframework.web.servlet.mvc.method.annotation.RequestMappingHandlerMapping Line:543 - Mapped "{[/activity/ByActivityIdqueryUser],methods=[POST]}" onto public com.friends.utils.Result com.friends.controller.ActivityController.queryDynamic2(java.lang.String)
2018-06-21 19:05:30.775 INFO  org.springframework.web.servlet.mvc.method.annotation.RequestMappingHandlerMapping Line:543 - Mapped "{[/activity/enrollDetail],methods=[GET]}" onto public org.springframework.web.servlet.ModelAndView com.friends.controller.ActivityController.detail2(org.springframework.web.servlet.ModelAndView,java.lang.String)
2018-06-21 19:05:30.776 INFO  org.springframework.web.servlet.mvc.method.annotation.RequestMappingHandlerMapping Line:543 - Mapped "{[/activity/saveActivityImg],methods=[POST]}" onto public com.friends.utils.Result com.friends.controller.ActivityController.saveActivityImg(java.lang.String,java.lang.String,java.lang.String,java.lang.String)
2018-06-21 19:05:30.776 INFO  org.springframework.web.servlet.mvc.method.annotation.RequestMappingHandlerMapping Line:543 - Mapped "{[/activity/detail],methods=[GET]}" onto public org.springframework.web.servlet.ModelAndView com.friends.controller.ActivityController.detail(org.springframework.web.servlet.ModelAndView,java.lang.String)
2018-06-21 19:05:30.776 INFO  org.springframework.web.servlet.mvc.method.annotation.RequestMappingHandlerMapping Line:543 - Mapped "{[/activity/queryActivityByUserId],methods=[POST]}" onto public com.friends.utils.Result com.friends.controller.ActivityController.queryActivityByUserId(java.lang.String)
2018-06-21 19:05:30.781 INFO  org.springframework.web.servlet.mvc.method.annotation.RequestMappingHandlerMapping Line:543 - Mapped "{[/friendsActivity/add],methods=[GET]}" onto public org.springframework.web.servlet.ModelAndView com.friends.controller.FriendsActivityController.add(org.springframework.web.servlet.ModelAndView)
2018-06-21 19:05:30.782 INFO  org.springframework.web.servlet.mvc.method.annotation.RequestMappingHandlerMapping Line:543 - Mapped "{[/friendsActivity/update],methods=[POST]}" onto public com.friends.utils.Result com.friends.controller.FriendsActivityController.update(java.lang.String)
2018-06-21 19:05:30.782 INFO  org.springframework.web.servlet.mvc.method.annotation.RequestMappingHandlerMapping Line:543 - Mapped "{[/friendsActivity/delete],methods=[POST]}" onto public com.friends.utils.Result com.friends.controller.FriendsActivityController.delete(java.lang.String[])
2018-06-21 19:05:30.782 INFO  org.springframework.web.servlet.mvc.method.annotation.RequestMappingHandlerMapping Line:543 - Mapped "{[/friendsActivity/save],methods=[POST]}" onto public com.friends.utils.Result com.friends.controller.FriendsActivityController.save(java.lang.String)
2018-06-21 19:05:30.782 INFO  org.springframework.web.servlet.mvc.method.annotation.RequestMappingHandlerMapping Line:543 - Mapped "{[/friendsActivity/pushMessage],methods=[POST]}" onto public com.friends.utils.Result com.friends.controller.FriendsActivityController.pushMessage(java.lang.String)
2018-06-21 19:05:30.783 INFO  org.springframework.web.servlet.mvc.method.annotation.RequestMappingHandlerMapping Line:543 - Mapped "{[/friendsActivity/activityEnroll],methods=[GET]}" onto public org.springframework.web.servlet.ModelAndView com.friends.controller.FriendsActivityController.enroll()
2018-06-21 19:05:30.783 INFO  org.springframework.web.servlet.mvc.method.annotation.RequestMappingHandlerMapping Line:543 - Mapped "{[/friendsActivity/activityImages],methods=[GET]}" onto public org.springframework.web.servlet.ModelAndView com.friends.controller.FriendsActivityController.activityImages()
2018-06-21 19:05:30.783 INFO  org.springframework.web.servlet.mvc.method.annotation.RequestMappingHandlerMapping Line:543 - Mapped "{[/friendsActivity/queryDynamic],methods=[POST]}" onto public com.friends.utils.Result com.friends.controller.FriendsActivityController.queryDynamic(java.lang.String)
2018-06-21 19:05:30.783 INFO  org.springframework.web.servlet.mvc.method.annotation.RequestMappingHandlerMapping Line:543 - Mapped "{[/friendsActivity/activityList],methods=[GET]}" onto public org.springframework.web.servlet.ModelAndView com.friends.controller.FriendsActivityController.page()
2018-06-21 19:05:30.784 INFO  org.springframework.web.servlet.mvc.method.annotation.RequestMappingHandlerMapping Line:543 - Mapped "{[/friendsActivity/addPoints],methods=[POST]}" onto public com.friends.utils.Result com.friends.controller.FriendsActivityController.addPoints(java.lang.String,java.lang.String)
2018-06-21 19:05:30.784 INFO  org.springframework.web.servlet.mvc.method.annotation.RequestMappingHandlerMapping Line:543 - Mapped "{[/friendsActivity/upload2],methods=[POST]}" onto public com.friends.utils.Result com.friends.controller.FriendsActivityController.upload2(org.springframework.web.multipart.MultipartFile) throws java.io.IOException
2018-06-21 19:05:30.785 INFO  org.springframework.web.servlet.mvc.method.annotation.RequestMappingHandlerMapping Line:543 - Mapped "{[/friendsActivity/edit],methods=[GET]}" onto public org.springframework.web.servlet.ModelAndView com.friends.controller.FriendsActivityController.edit(org.springframework.web.servlet.ModelAndView,java.lang.String)
2018-06-21 19:05:30.785 INFO  org.springframework.web.servlet.mvc.method.annotation.RequestMappingHandlerMapping Line:543 - Mapped "{[/friendsActivity/upload],methods=[POST]}" onto public java.lang.Object com.friends.controller.FriendsActivityController.upload(org.springframework.web.multipart.MultipartFile) throws java.io.IOException
2018-06-21 19:05:30.785 INFO  org.springframework.web.servlet.mvc.method.annotation.RequestMappingHandlerMapping Line:543 - Mapped "{[/friendsActivity/minusPoints],methods=[POST]}" onto public com.friends.utils.Result com.friends.controller.FriendsActivityController.minusPoints(java.lang.String,java.lang.String)
2018-06-21 19:05:30.786 INFO  org.springframework.web.servlet.mvc.method.annotation.RequestMappingHandlerMapping Line:543 - Mapped "{[/friendsActivity/ByActivityIdqueryUser],methods=[POST]}" onto public com.friends.utils.Result com.friends.controller.FriendsActivityController.queryDynamic2(java.lang.String)
2018-06-21 19:05:30.786 INFO  org.springframework.web.servlet.mvc.method.annotation.RequestMappingHandlerMapping Line:543 - Mapped "{[/friendsActivity/enrollDetail],methods=[GET]}" onto public org.springframework.web.servlet.ModelAndView com.friends.controller.FriendsActivityController.detail2(org.springframework.web.servlet.ModelAndView,java.lang.String)
2018-06-21 19:05:30.786 INFO  org.springframework.web.servlet.mvc.method.annotation.RequestMappingHandlerMapping Line:543 - Mapped "{[/friendsActivity/saveActivityImg],methods=[POST]}" onto public com.friends.utils.Result com.friends.controller.FriendsActivityController.saveActivityImg(java.lang.String,java.lang.String,java.lang.String,java.lang.String)
2018-06-21 19:05:30.787 INFO  org.springframework.web.servlet.mvc.method.annotation.RequestMappingHandlerMapping Line:543 - Mapped "{[/friendsActivity/detail],methods=[GET]}" onto public org.springframework.web.servlet.ModelAndView com.friends.controller.FriendsActivityController.detail(org.springframework.web.servlet.ModelAndView,java.lang.String)
2018-06-21 19:05:30.787 INFO  org.springframework.web.servlet.mvc.method.annotation.RequestMappingHandlerMapping Line:543 - Mapped "{[/friendsActivity/queryActivityByUserId],methods=[POST]}" onto public com.friends.utils.Result com.friends.controller.FriendsActivityController.queryActivityByUserId(java.lang.String)
2018-06-21 19:05:30.788 INFO  org.springframework.web.servlet.mvc.method.annotation.RequestMappingHandlerMapping Line:543 - Mapped "{[/index]}" onto public org.springframework.web.servlet.ModelAndView com.friends.controller.IndexController.index(org.springframework.web.servlet.ModelAndView)
2018-06-21 19:05:30.789 INFO  org.springframework.web.servlet.mvc.method.annotation.RequestMappingHandlerMapping Line:543 - Mapped "{[/]}" onto public org.springframework.web.servlet.ModelAndView com.friends.controller.IndexController.indexs(org.springframework.web.servlet.ModelAndView)
2018-06-21 19:05:30.789 INFO  org.springframework.web.servlet.mvc.method.annotation.RequestMappingHandlerMapping Line:543 - Mapped "{[/getOpenid],methods=[GET]}" onto public void com.friends.controller.IndexController.getOpenid(javax.servlet.http.HttpServletResponse,javax.servlet.http.HttpServletRequest,java.lang.String)
2018-06-21 19:05:30.789 INFO  org.springframework.web.servlet.mvc.method.annotation.RequestMappingHandlerMapping Line:543 - Mapped "{[/login],methods=[GET]}" onto public org.springframework.web.servlet.ModelAndView com.friends.controller.IndexController.login(org.springframework.web.servlet.ModelAndView)
2018-06-21 19:05:30.790 INFO  org.springframework.web.servlet.mvc.method.annotation.RequestMappingHandlerMapping Line:543 - Mapped "{[/login],methods=[POST]}" onto public java.lang.String com.friends.controller.IndexController.login(javax.servlet.http.HttpServletRequest,javax.servlet.http.HttpServletResponse,java.util.Map<java.lang.String, java.lang.Object>) throws java.lang.Exception
2018-06-21 19:05:30.790 INFO  org.springframework.web.servlet.mvc.method.annotation.RequestMappingHandlerMapping Line:543 - Mapped "{[/logout],methods=[GET]}" onto public java.lang.String com.friends.controller.IndexController.logout(javax.servlet.http.HttpServletRequest)
2018-06-21 19:05:30.795 INFO  org.springframework.web.servlet.mvc.method.annotation.RequestMappingHandlerMapping Line:543 - Mapped "{[/mail/sendSome],methods=[POST]}" onto public com.friends.utils.Result com.friends.controller.MailController.sendSome(java.lang.String)
2018-06-21 19:05:30.797 INFO  org.springframework.web.servlet.mvc.method.annotation.RequestMappingHandlerMapping Line:543 - Mapped "{[/mail/toPage]}" onto public org.springframework.web.servlet.ModelAndView com.friends.controller.MailController.toPage(org.springframework.web.servlet.ModelAndView)
2018-06-21 19:05:30.797 INFO  org.springframework.web.servlet.mvc.method.annotation.RequestMappingHandlerMapping Line:543 - Mapped "{[/mail/send],methods=[POST]}" onto public com.friends.utils.Result com.friends.controller.MailController.sendOne(java.lang.String,java.lang.String,java.lang.String)
2018-06-21 19:05:30.798 INFO  org.springframework.web.servlet.mvc.method.annotation.RequestMappingHandlerMapping Line:543 - Mapped "{[/mail/updateOne],methods=[POST]}" onto public com.friends.utils.Result com.friends.controller.MailController.updateOne(java.lang.String,java.lang.String)
2018-06-21 19:05:30.798 INFO  org.springframework.web.servlet.mvc.method.annotation.RequestMappingHandlerMapping Line:543 - Mapped "{[/mail/querySystemMessage],methods=[POST]}" onto public com.friends.utils.Result com.friends.controller.MailController.querySystemMessage(java.lang.Integer,java.lang.Integer,java.lang.String,java.lang.String)
2018-06-21 19:05:30.799 INFO  org.springframework.web.servlet.mvc.method.annotation.RequestMappingHandlerMapping Line:543 - Mapped "{[/memberStyle/delete],methods=[POST]}" onto public com.friends.utils.Result com.friends.controller.MemberStyleController.delete(java.lang.String,java.lang.String)
2018-06-21 19:05:30.801 INFO  org.springframework.web.servlet.mvc.method.annotation.RequestMappingHandlerMapping Line:543 - Mapped "{[/memberStyle/memberStyleList],methods=[GET]}" onto public org.springframework.web.servlet.ModelAndView com.friends.controller.MemberStyleController.page()
2018-06-21 19:05:30.802 INFO  org.springframework.web.servlet.mvc.method.annotation.RequestMappingHandlerMapping Line:543 - Mapped "{[/memberStyle/pass],methods=[POST]}" onto public com.friends.utils.Result com.friends.controller.MemberStyleController.pass(java.lang.String)
2018-06-21 19:05:30.802 INFO  org.springframework.web.servlet.mvc.method.annotation.RequestMappingHandlerMapping Line:543 - Mapped "{[/memberStyle/notThrough],methods=[POST]}" onto public com.friends.utils.Result com.friends.controller.MemberStyleController.notThrough(java.lang.String)
2018-06-21 19:05:30.802 INFO  org.springframework.web.servlet.mvc.method.annotation.RequestMappingHandlerMapping Line:543 - Mapped "{[/memberStyle/queryJoinTableDynamic],methods=[POST]}" onto public com.friends.utils.Result com.friends.controller.MemberStyleController.queryJoinTableDynamic(java.lang.Integer,java.lang.Integer,java.lang.String)
2018-06-21 19:05:30.804 INFO  org.springframework.web.servlet.mvc.method.annotation.RequestMappingHandlerMapping Line:543 - Mapped "{[/activityReview/add]}" onto public com.friends.utils.Result com.friends.controller.MfActivityReviewController.add(java.lang.String)
2018-06-21 19:05:30.805 INFO  org.springframework.web.servlet.mvc.method.annotation.RequestMappingHandlerMapping Line:543 - Mapped "{[/activityReview/update]}" onto public com.friends.utils.Result com.friends.controller.MfActivityReviewController.update(com.friends.entity.MfActivityReview)
2018-06-21 19:05:30.805 INFO  org.springframework.web.servlet.mvc.method.annotation.RequestMappingHandlerMapping Line:543 - Mapped "{[/activityReview/delete]}" onto public com.friends.utils.Result com.friends.controller.MfActivityReviewController.delete(java.lang.String)
2018-06-21 19:05:30.805 INFO  org.springframework.web.servlet.mvc.method.annotation.RequestMappingHandlerMapping Line:543 - Mapped "{[/activityReview/queryDynamic]}" onto public com.friends.utils.Result com.friends.controller.MfActivityReviewController.queryDynamic(java.lang.Integer,java.lang.Integer,java.lang.String)
2018-06-21 19:05:30.806 INFO  org.springframework.web.servlet.mvc.method.annotation.RequestMappingHandlerMapping Line:543 - Mapped "{[/activityReview/list]}" onto public org.springframework.web.servlet.ModelAndView com.friends.controller.MfActivityReviewController.page()
2018-06-21 19:05:30.806 INFO  org.springframework.web.servlet.mvc.method.annotation.RequestMappingHandlerMapping Line:543 - Mapped "{[/activityReview/batchDelete]}" onto public com.friends.utils.Result com.friends.controller.MfActivityReviewController.batchDelete(java.lang.String)
2018-06-21 19:05:30.806 INFO  org.springframework.web.servlet.mvc.method.annotation.RequestMappingHandlerMapping Line:543 - Mapped "{[/activityReview/uploadImg],methods=[POST]}" onto public com.friends.utils.Result com.friends.controller.MfActivityReviewController.uploadImg(org.springframework.web.multipart.MultipartFile) throws java.lang.IllegalStateException,java.io.IOException
2018-06-21 19:05:30.808 INFO  org.springframework.web.servlet.mvc.method.annotation.RequestMappingHandlerMapping Line:543 - Mapped "{[/mfClassMv/add]}" onto public com.friends.utils.Result com.friends.controller.MfClassMvController.add(java.lang.String,java.lang.String,java.lang.String)
2018-06-21 19:05:30.808 INFO  org.springframework.web.servlet.mvc.method.annotation.RequestMappingHandlerMapping Line:543 - Mapped "{[/mfClassMv/update]}" onto public com.friends.utils.Result com.friends.controller.MfClassMvController.update(java.lang.String,java.lang.String,java.lang.String,java.lang.String,java.lang.String)
2018-06-21 19:05:30.808 INFO  org.springframework.web.servlet.mvc.method.annotation.RequestMappingHandlerMapping Line:543 - Mapped "{[/mfClassMv/delete]}" onto public com.friends.utils.Result com.friends.controller.MfClassMvController.delete(com.friends.entity.MfClassMv)
2018-06-21 19:05:30.809 INFO  org.springframework.web.servlet.mvc.method.annotation.RequestMappingHandlerMapping Line:543 - Mapped "{[/mfClassMv/queryDynamic]}" onto public com.friends.utils.Result com.friends.controller.MfClassMvController.queryDynamic(java.lang.String)
2018-06-21 19:05:30.809 INFO  org.springframework.web.servlet.mvc.method.annotation.RequestMappingHandlerMapping Line:543 - Mapped "{[/mfClassMv/page]}" onto public org.springframework.web.servlet.ModelAndView com.friends.controller.MfClassMvController.page()
2018-06-21 19:05:30.809 INFO  org.springframework.web.servlet.mvc.method.annotation.RequestMappingHandlerMapping Line:543 - Mapped "{[/mfClassMv/batchDelete]}" onto public com.friends.utils.Result com.friends.controller.MfClassMvController.batchDelete(java.lang.String)
2018-06-21 19:05:30.809 INFO  org.springframework.web.servlet.mvc.method.annotation.RequestMappingHandlerMapping Line:543 - Mapped "{[/mfClassMv/modify]}" onto public com.friends.utils.Result com.friends.controller.MfClassMvController.modify(java.lang.String)
2018-06-21 19:05:30.809 INFO  org.springframework.web.servlet.mvc.method.annotation.RequestMappingHandlerMapping Line:543 - Mapped "{[/mfClassMv/indexImgUpLoad]}" onto public com.friends.utils.Result com.friends.controller.MfClassMvController.uploadImg(javax.servlet.http.HttpServletRequest,javax.servlet.http.HttpServletResponse,org.springframework.web.multipart.MultipartFile)
2018-06-21 19:05:30.810 INFO  org.springframework.web.servlet.mvc.method.annotation.RequestMappingHandlerMapping Line:543 - Mapped "{[/headlines/add]}" onto public com.friends.utils.Result com.friends.controller.MfHeadlinesController.add(java.lang.String)
2018-06-21 19:05:30.811 INFO  org.springframework.web.servlet.mvc.method.annotation.RequestMappingHandlerMapping Line:543 - Mapped "{[/headlines/update]}" onto public com.friends.utils.Result com.friends.controller.MfHeadlinesController.update(java.lang.String)
2018-06-21 19:05:30.811 INFO  org.springframework.web.servlet.mvc.method.annotation.RequestMappingHandlerMapping Line:543 - Mapped "{[/headlines/delete]}" onto public com.friends.utils.Result com.friends.controller.MfHeadlinesController.delete(java.lang.String)
2018-06-21 19:05:30.811 INFO  org.springframework.web.servlet.mvc.method.annotation.RequestMappingHandlerMapping Line:543 - Mapped "{[/headlines/queryDynamic]}" onto public com.friends.utils.Result com.friends.controller.MfHeadlinesController.queryDynamic(java.lang.Integer,java.lang.Integer,java.lang.String)
2018-06-21 19:05:30.811 INFO  org.springframework.web.servlet.mvc.method.annotation.RequestMappingHandlerMapping Line:543 - Mapped "{[/headlines/list]}" onto public org.springframework.web.servlet.ModelAndView com.friends.controller.MfHeadlinesController.page()
2018-06-21 19:05:30.812 INFO  org.springframework.web.servlet.mvc.method.annotation.RequestMappingHandlerMapping Line:543 - Mapped "{[/headlines/batchDelete]}" onto public com.friends.utils.Result com.friends.controller.MfHeadlinesController.batchDelete(java.lang.String)
2018-06-21 19:05:30.812 INFO  org.springframework.web.servlet.mvc.method.annotation.RequestMappingHandlerMapping Line:543 - Mapped "{[/headlines/uploadImg],methods=[POST]}" onto public com.friends.utils.Result com.friends.controller.MfHeadlinesController.uploadImg(org.springframework.web.multipart.MultipartFile) throws java.lang.IllegalStateException,java.io.IOException
2018-06-21 19:05:30.813 INFO  org.springframework.web.servlet.mvc.method.annotation.RequestMappingHandlerMapping Line:543 - Mapped "{[/InvitationUser/add]}" onto public com.friends.utils.Result com.friends.controller.MfInvitationUserDataController.add(com.friends.entity.MfInvitationUserData)
2018-06-21 19:05:30.814 INFO  org.springframework.web.servlet.mvc.method.annotation.RequestMappingHandlerMapping Line:543 - Mapped "{[/InvitationUser/update]}" onto public com.friends.utils.Result com.friends.controller.MfInvitationUserDataController.update(java.lang.String,java.lang.String)
2018-06-21 19:05:30.814 INFO  org.springframework.web.servlet.mvc.method.annotation.RequestMappingHandlerMapping Line:543 - Mapped "{[/InvitationUser/delete]}" onto public com.friends.utils.Result com.friends.controller.MfInvitationUserDataController.delete(java.lang.String)
2018-06-21 19:05:30.814 INFO  org.springframework.web.servlet.mvc.method.annotation.RequestMappingHandlerMapping Line:543 - Mapped "{[/InvitationUser/queryDynamic]}" onto public com.friends.utils.Result com.friends.controller.MfInvitationUserDataController.queryDynamic(java.lang.Integer,java.lang.Integer,java.lang.String)
2018-06-21 19:05:30.814 INFO  org.springframework.web.servlet.mvc.method.annotation.RequestMappingHandlerMapping Line:543 - Mapped "{[/InvitationUser/page]}" onto public org.springframework.web.servlet.ModelAndView com.friends.controller.MfInvitationUserDataController.page()
2018-06-21 19:05:30.815 INFO  org.springframework.web.servlet.mvc.method.annotation.RequestMappingHandlerMapping Line:543 - Mapped "{[/InvitationUser/downLoadTemplate]}" onto public void com.friends.controller.MfInvitationUserDataController.downLoadTemplate(java.lang.String,javax.servlet.http.HttpServletResponse) throws java.lang.Exception
2018-06-21 19:05:30.815 INFO  org.springframework.web.servlet.mvc.method.annotation.RequestMappingHandlerMapping Line:543 - Mapped "{[/InvitationUser/downloadUserData],methods=[POST]}" onto public void com.friends.controller.MfInvitationUserDataController.downloadUserData(java.lang.String,java.lang.String,java.lang.String,javax.servlet.http.HttpServletResponse) throws java.lang.Exception
2018-06-21 19:05:30.815 INFO  org.springframework.web.servlet.mvc.method.annotation.RequestMappingHandlerMapping Line:543 - Mapped "{[/InvitationUser/batchDelete]}" onto public com.friends.utils.Result com.friends.controller.MfInvitationUserDataController.batchDelete(java.lang.String)
2018-06-21 19:05:30.815 INFO  org.springframework.web.servlet.mvc.method.annotation.RequestMappingHandlerMapping Line:543 - Mapped "{[/InvitationUser/import]}" onto public com.friends.utils.Result com.friends.controller.MfInvitationUserDataController.importMemberLevel(javax.servlet.http.HttpServletRequest,javax.servlet.http.HttpServletResponse,org.springframework.web.multipart.MultipartFile) throws java.lang.Exception
2018-06-21 19:05:30.817 INFO  org.springframework.web.servlet.mvc.method.annotation.RequestMappingHandlerMapping Line:543 - Mapped "{[/spotpush/addSpot]}" onto public com.friends.utils.Result com.friends.controller.MfSpotAndModuleController.addSpot(java.lang.String)
2018-06-21 19:05:30.818 INFO  org.springframework.web.servlet.mvc.method.annotation.RequestMappingHandlerMapping Line:543 - Mapped "{[/spotpush/updateSpot]}" onto public com.friends.utils.Result com.friends.controller.MfSpotAndModuleController.updateSpot(java.lang.String)
2018-06-21 19:05:30.818 INFO  org.springframework.web.servlet.mvc.method.annotation.RequestMappingHandlerMapping Line:543 - Mapped "{[/spotpush/deleteSpot]}" onto public com.friends.utils.Result com.friends.controller.MfSpotAndModuleController.deleteSpot(java.lang.String)
2018-06-21 19:05:30.818 INFO  org.springframework.web.servlet.mvc.method.annotation.RequestMappingHandlerMapping Line:543 - Mapped "{[/spotpush/updateModule]}" onto public com.friends.utils.Result com.friends.controller.MfSpotAndModuleController.updateModule(java.lang.String)
2018-06-21 19:05:30.819 INFO  org.springframework.web.servlet.mvc.method.annotation.RequestMappingHandlerMapping Line:543 - Mapped "{[/spotpush/querySpot]}" onto public com.friends.utils.Result com.friends.controller.MfSpotAndModuleController.querySpot(java.lang.String)
2018-06-21 19:05:30.819 INFO  org.springframework.web.servlet.mvc.method.annotation.RequestMappingHandlerMapping Line:543 - Mapped "{[/spotpush/addModule]}" onto public com.friends.utils.Result com.friends.controller.MfSpotAndModuleController.addModule(java.lang.String)
2018-06-21 19:05:30.819 INFO  org.springframework.web.servlet.mvc.method.annotation.RequestMappingHandlerMapping Line:543 - Mapped "{[/spotpush/deleteModule]}" onto public com.friends.utils.Result com.friends.controller.MfSpotAndModuleController.deleteModule(java.lang.String)
2018-06-21 19:05:30.820 INFO  org.springframework.web.servlet.mvc.method.annotation.RequestMappingHandlerMapping Line:543 - Mapped "{[/spotpush/queryModule]}" onto public com.friends.utils.Result com.friends.controller.MfSpotAndModuleController.queryModule(java.lang.String)
2018-06-21 19:05:30.821 INFO  org.springframework.web.servlet.mvc.method.annotation.RequestMappingHandlerMapping Line:543 - Mapped "{[/report/delete]}" onto public com.friends.utils.Result com.friends.controller.ReportController.delete(java.lang.String)
2018-06-21 19:05:30.821 INFO  org.springframework.web.servlet.mvc.method.annotation.RequestMappingHandlerMapping Line:543 - Mapped "{[/report/reject],methods=[POST]}" onto public com.friends.utils.Result com.friends.controller.ReportController.reject(java.lang.String,java.lang.String)
2018-06-21 19:05:30.822 INFO  org.springframework.web.servlet.mvc.method.annotation.RequestMappingHandlerMapping Line:543 - Mapped "{[/report/queryDynamic],methods=[POST]}" onto public com.friends.utils.Result com.friends.controller.ReportController.queryDynamic(java.lang.Integer,java.lang.Integer,java.lang.String)
2018-06-21 19:05:30.822 INFO  org.springframework.web.servlet.mvc.method.annotation.RequestMappingHandlerMapping Line:543 - Mapped "{[/report/reportList],methods=[GET]}" onto public org.springframework.web.servlet.ModelAndView com.friends.controller.ReportController.page()
2018-06-21 19:05:30.822 INFO  org.springframework.web.servlet.mvc.method.annotation.RequestMappingHandlerMapping Line:543 - Mapped "{[/report/platformList],methods=[GET]}" onto public org.springframework.web.servlet.ModelAndView com.friends.controller.ReportController.page2()
2018-06-21 19:05:30.822 INFO  org.springframework.web.servlet.mvc.method.annotation.RequestMappingHandlerMapping Line:543 - Mapped "{[/report/plusIntegral],methods=[POST]}" onto public com.friends.utils.Result com.friends.controller.ReportController.plusIntegral(java.lang.String,java.lang.String)
2018-06-21 19:05:30.822 INFO  org.springframework.web.servlet.mvc.method.annotation.RequestMappingHandlerMapping Line:543 - Mapped "{[/report/auditPassed],methods=[POST]}" onto public com.friends.utils.Result com.friends.controller.ReportController.auditPassed(java.lang.String,java.lang.Integer,java.lang.String,java.lang.String)
2018-06-21 19:05:30.825 INFO  org.springframework.web.servlet.mvc.method.annotation.RequestMappingHandlerMapping Line:543 - Mapped "{[/sysPermission/queryDynamic],methods=[POST]}" onto public com.friends.utils.Result com.friends.controller.SysPermissionController.queryDynamic(java.lang.String)
2018-06-21 19:05:30.825 INFO  org.springframework.web.servlet.mvc.method.annotation.RequestMappingHandlerMapping Line:543 - Mapped "{[/sysPermission/menuList],methods=[GET]}" onto public org.springframework.web.servlet.ModelAndView com.friends.controller.SysPermissionController.menuList(org.springframework.web.servlet.ModelAndView,javax.servlet.http.HttpSession)
2018-06-21 19:05:30.825 INFO  org.springframework.web.servlet.mvc.method.annotation.RequestMappingHandlerMapping Line:543 - Mapped "{[/sysPermission/menuSave],methods=[POST]}" onto public com.friends.utils.Result com.friends.controller.SysPermissionController.menuSave(com.friends.entity.SysPermission)
2018-06-21 19:05:30.826 INFO  org.springframework.web.servlet.mvc.method.annotation.RequestMappingHandlerMapping Line:543 - Mapped "{[/sysPermission/buttonSave],methods=[POST]}" onto public com.friends.utils.Result com.friends.controller.SysPermissionController.buttonSave(com.friends.entity.SysPermission,java.lang.String[],java.lang.String)
2018-06-21 19:05:30.826 INFO  org.springframework.web.servlet.mvc.method.annotation.RequestMappingHandlerMapping Line:543 - Mapped "{[/sysPermission/buttonUpdate],methods=[POST]}" onto public com.friends.utils.Result com.friends.controller.SysPermissionController.buttonUpdate(com.friends.entity.SysPermission)
2018-06-21 19:05:30.826 INFO  org.springframework.web.servlet.mvc.method.annotation.RequestMappingHandlerMapping Line:543 - Mapped "{[/sysPermission/validateIsLeaf],methods=[POST]}" onto public com.friends.utils.Result com.friends.controller.SysPermissionController.validateIsLeaf(java.lang.String)
2018-06-21 19:05:30.826 INFO  org.springframework.web.servlet.mvc.method.annotation.RequestMappingHandlerMapping Line:543 - Mapped "{[/sysPermission/validateButton],methods=[POST]}" onto public com.friends.utils.Result com.friends.controller.SysPermissionController.validateButton(java.lang.String,java.lang.String,java.lang.String)
2018-06-21 19:05:30.826 INFO  org.springframework.web.servlet.mvc.method.annotation.RequestMappingHandlerMapping Line:543 - Mapped "{[/sysPermission/validateMenu],methods=[POST]}" onto public com.friends.utils.Result com.friends.controller.SysPermissionController.validateMenu(java.lang.String,java.lang.String)
2018-06-21 19:05:30.826 INFO  org.springframework.web.servlet.mvc.method.annotation.RequestMappingHandlerMapping Line:543 - Mapped "{[/sysPermission/menuUpdate],methods=[POST]}" onto public com.friends.utils.Result com.friends.controller.SysPermissionController.menuUpdate(org.springframework.web.servlet.ModelAndView,javax.servlet.http.HttpSession,com.friends.entity.SysPermission)
2018-06-21 19:05:30.827 INFO  org.springframework.web.servlet.mvc.method.annotation.RequestMappingHandlerMapping Line:543 - Mapped "{[/sysPermission/buttonEdit],methods=[GET]}" onto public org.springframework.web.servlet.ModelAndView com.friends.controller.SysPermissionController.buttonEdit(org.springframework.web.servlet.ModelAndView,javax.servlet.http.HttpSession,java.lang.String)
2018-06-21 19:05:30.827 INFO  org.springframework.web.servlet.mvc.method.annotation.RequestMappingHandlerMapping Line:543 - Mapped "{[/sysPermission/menuEdit],methods=[GET]}" onto public org.springframework.web.servlet.ModelAndView com.friends.controller.SysPermissionController.menuEdit(org.springframework.web.servlet.ModelAndView,javax.servlet.http.HttpSession,java.lang.String)
2018-06-21 19:05:30.827 INFO  org.springframework.web.servlet.mvc.method.annotation.RequestMappingHandlerMapping Line:543 - Mapped "{[/sysPermission/buttonList],methods=[GET]}" onto public org.springframework.web.servlet.ModelAndView com.friends.controller.SysPermissionController.buttonList(org.springframework.web.servlet.ModelAndView,javax.servlet.http.HttpSession)
2018-06-21 19:05:30.827 INFO  org.springframework.web.servlet.mvc.method.annotation.RequestMappingHandlerMapping Line:543 - Mapped "{[/sysPermission/menuAdd],methods=[GET]}" onto public org.springframework.web.servlet.ModelAndView com.friends.controller.SysPermissionController.menuAdd(org.springframework.web.servlet.ModelAndView,javax.servlet.http.HttpSession,java.lang.String)
2018-06-21 19:05:30.827 INFO  org.springframework.web.servlet.mvc.method.annotation.RequestMappingHandlerMapping Line:543 - Mapped "{[/sysPermission/buttonAdd],methods=[GET]}" onto public org.springframework.web.servlet.ModelAndView com.friends.controller.SysPermissionController.buttonAdd(org.springframework.web.servlet.ModelAndView,javax.servlet.http.HttpSession,java.lang.String)
2018-06-21 19:05:30.828 INFO  org.springframework.web.servlet.mvc.method.annotation.RequestMappingHandlerMapping Line:543 - Mapped "{[/sysPermission/buttonPermSave],methods=[POST]}" onto public com.friends.utils.Result com.friends.controller.SysPermissionController.buttonPermSave(com.friends.entity.SysPermission)
2018-06-21 19:05:30.828 INFO  org.springframework.web.servlet.mvc.method.annotation.RequestMappingHandlerMapping Line:543 - Mapped "{[/sysPermission/batchDelete],methods=[POST]}" onto public com.friends.utils.Result com.friends.controller.SysPermissionController.batchDelete(java.lang.String[],javax.servlet.http.HttpSession)
2018-06-21 19:05:30.828 INFO  org.springframework.web.servlet.mvc.method.annotation.RequestMappingHandlerMapping Line:543 - Mapped "{[/sysPermission/validatePermByParentId],methods=[POST]}" onto public com.friends.utils.Result com.friends.controller.SysPermissionController.validatePermByParentId(java.lang.String,java.lang.String,java.lang.String)
2018-06-21 19:05:30.830 INFO  org.springframework.web.servlet.mvc.method.annotation.RequestMappingHandlerMapping Line:543 - Mapped "{[/sysRole/add],methods=[GET]}" onto public org.springframework.web.servlet.ModelAndView com.friends.controller.SysRoleController.add(org.springframework.web.servlet.ModelAndView)
2018-06-21 19:05:30.831 INFO  org.springframework.web.servlet.mvc.method.annotation.RequestMappingHandlerMapping Line:543 - Mapped "{[/sysRole/save],methods=[POST]}" onto public com.friends.utils.Result com.friends.controller.SysRoleController.add(com.friends.entity.SysRole,java.lang.String[])
2018-06-21 19:05:30.831 INFO  org.springframework.web.servlet.mvc.method.annotation.RequestMappingHandlerMapping Line:543 - Mapped "{[/sysRole/update],methods=[PUT]}" onto public com.friends.utils.Result com.friends.controller.SysRoleController.update(com.friends.entity.SysRole,java.lang.String[])
2018-06-21 19:05:30.831 INFO  org.springframework.web.servlet.mvc.method.annotation.RequestMappingHandlerMapping Line:543 - Mapped "{[/sysRole/queryDynamic],methods=[POST]}" onto public com.friends.utils.Result com.friends.controller.SysRoleController.queryDynamic(java.lang.String)
2018-06-21 19:05:30.831 INFO  org.springframework.web.servlet.mvc.method.annotation.RequestMappingHandlerMapping Line:543 - Mapped "{[/sysRole/list],methods=[GET]}" onto public org.springframework.web.servlet.ModelAndView com.friends.controller.SysRoleController.page()
2018-06-21 19:05:30.831 INFO  org.springframework.web.servlet.mvc.method.annotation.RequestMappingHandlerMapping Line:543 - Mapped "{[/sysRole/detail],methods=[GET]}" onto public org.springframework.web.servlet.ModelAndView com.friends.controller.SysRoleController.detail(org.springframework.web.servlet.ModelAndView,java.lang.String)
2018-06-21 19:05:30.831 INFO  org.springframework.web.servlet.mvc.method.annotation.RequestMappingHandlerMapping Line:543 - Mapped "{[/sysRole/edit],methods=[GET]}" onto public org.springframework.web.servlet.ModelAndView com.friends.controller.SysRoleController.initInfo(org.springframework.web.servlet.ModelAndView,java.lang.String)
2018-06-21 19:05:30.832 INFO  org.springframework.web.servlet.mvc.method.annotation.RequestMappingHandlerMapping Line:543 - Mapped "{[/sysRole/queryIds],methods=[POST]}" onto public com.friends.utils.Result com.friends.controller.SysRoleController.queryIds(java.lang.String)
2018-06-21 19:05:30.832 INFO  org.springframework.web.servlet.mvc.method.annotation.RequestMappingHandlerMapping Line:543 - Mapped "{[/sysRole/menu],methods=[POST]}" onto public com.friends.utils.Result com.friends.controller.SysRoleController.queryMenus()
2018-06-21 19:05:30.832 INFO  org.springframework.web.servlet.mvc.method.annotation.RequestMappingHandlerMapping Line:543 - Mapped "{[/sysRole/validateRole],methods=[POST]}" onto public com.friends.utils.Result com.friends.controller.SysRoleController.validateRole(java.lang.String)
2018-06-21 19:05:30.832 INFO  org.springframework.web.servlet.mvc.method.annotation.RequestMappingHandlerMapping Line:543 - Mapped "{[/sysRole/delete],methods=[POST]}" onto public com.friends.utils.Result com.friends.controller.SysRoleController.batchDelete(java.lang.String[])
2018-06-21 19:05:30.834 INFO  org.springframework.web.servlet.mvc.method.annotation.RequestMappingHandlerMapping Line:543 - Mapped "{[/sysUser/add],methods=[GET]}" onto public org.springframework.web.servlet.ModelAndView com.friends.controller.SysUserController.add(org.springframework.web.servlet.ModelAndView)
2018-06-21 19:05:30.835 INFO  org.springframework.web.servlet.mvc.method.annotation.RequestMappingHandlerMapping Line:543 - Mapped "{[/sysUser/update],methods=[PUT]}" onto public com.friends.utils.Result com.friends.controller.SysUserController.update(com.friends.entity.SysUser,java.lang.String[])
2018-06-21 19:05:30.835 INFO  org.springframework.web.servlet.mvc.method.annotation.RequestMappingHandlerMapping Line:543 - Mapped "{[/sysUser/delete],methods=[POST]}" onto public com.friends.utils.Result com.friends.controller.SysUserController.delete(java.lang.String[])
2018-06-21 19:05:30.835 INFO  org.springframework.web.servlet.mvc.method.annotation.RequestMappingHandlerMapping Line:543 - Mapped "{[/sysUser/save],methods=[POST]}" onto public com.friends.utils.Result com.friends.controller.SysUserController.save(com.friends.entity.SysUser,java.lang.String[])
2018-06-21 19:05:30.835 INFO  org.springframework.web.servlet.mvc.method.annotation.RequestMappingHandlerMapping Line:543 - Mapped "{[/sysUser/queryDynamic],methods=[POST]}" onto public com.friends.utils.Result com.friends.controller.SysUserController.queryDynamic(java.lang.String)
2018-06-21 19:05:30.836 INFO  org.springframework.web.servlet.mvc.method.annotation.RequestMappingHandlerMapping Line:543 - Mapped "{[/sysUser/list],methods=[GET]}" onto public org.springframework.web.servlet.ModelAndView com.friends.controller.SysUserController.page(org.springframework.web.servlet.ModelAndView)
2018-06-21 19:05:30.836 INFO  org.springframework.web.servlet.mvc.method.annotation.RequestMappingHandlerMapping Line:543 - Mapped "{[/sysUser/edit],methods=[GET]}" onto public org.springframework.web.servlet.ModelAndView com.friends.controller.SysUserController.edit(org.springframework.web.servlet.ModelAndView,java.lang.String)
2018-06-21 19:05:30.836 INFO  org.springframework.web.servlet.mvc.method.annotation.RequestMappingHandlerMapping Line:543 - Mapped "{[/sysUser/detail],methods=[GET]}" onto public org.springframework.web.servlet.ModelAndView com.friends.controller.SysUserController.detail(org.springframework.web.servlet.ModelAndView,java.lang.String)
2018-06-21 19:05:30.836 INFO  org.springframework.web.servlet.mvc.method.annotation.RequestMappingHandlerMapping Line:543 - Mapped "{[/sysUser/validateUserName],methods=[POST]}" onto public com.friends.utils.Result com.friends.controller.SysUserController.validateUserName(java.lang.String)
2018-06-21 19:05:30.837 INFO  org.springframework.web.servlet.mvc.method.annotation.RequestMappingHandlerMapping Line:543 - Mapped "{[/sysUserinfo/add],methods=[POST]}" onto public com.friends.utils.Result com.friends.controller.SysUserinfoController.add(java.lang.String)
2018-06-21 19:05:30.837 INFO  org.springframework.web.servlet.mvc.method.annotation.RequestMappingHandlerMapping Line:543 - Mapped "{[/sysUserinfo/update]}" onto public com.friends.utils.Result com.friends.controller.SysUserinfoController.update(com.friends.entity.MfUserInfo)
2018-06-21 19:05:30.837 INFO  org.springframework.web.servlet.mvc.method.annotation.RequestMappingHandlerMapping Line:543 - Mapped "{[/sysUserinfo/delete]}" onto public com.friends.utils.Result com.friends.controller.SysUserinfoController.delete(com.friends.entity.MfUserInfo)
2018-06-21 19:05:30.838 INFO  org.springframework.web.servlet.mvc.method.annotation.RequestMappingHandlerMapping Line:543 - Mapped "{[/sysUserinfo/unlock]}" onto public com.friends.utils.Result com.friends.controller.SysUserinfoController.unlock(java.lang.String)
2018-06-21 19:05:30.838 INFO  org.springframework.web.servlet.mvc.method.annotation.RequestMappingHandlerMapping Line:543 - Mapped "{[/sysUserinfo/queryDynamic]}" onto public com.friends.utils.Result com.friends.controller.SysUserinfoController.queryDynamic(java.lang.Integer,java.lang.Integer,java.lang.String)
2018-06-21 19:05:30.838 INFO  org.springframework.web.servlet.mvc.method.annotation.RequestMappingHandlerMapping Line:543 - Mapped "{[/sysUserinfo/page]}" onto public org.springframework.web.servlet.ModelAndView com.friends.controller.SysUserinfoController.page()
2018-06-21 19:05:30.838 INFO  org.springframework.web.servlet.mvc.method.annotation.RequestMappingHandlerMapping Line:543 - Mapped "{[/sysUserinfo/queryDynamic2]}" onto public com.friends.utils.Result com.friends.controller.SysUserinfoController.queryDynamic2(java.lang.Integer,java.lang.Integer,java.lang.String)
2018-06-21 19:05:30.838 INFO  org.springframework.web.servlet.mvc.method.annotation.RequestMappingHandlerMapping Line:543 - Mapped "{[/sysUserinfo/LockUser]}" onto public com.friends.utils.Result com.friends.controller.SysUserinfoController.LockUser(java.lang.String)
2018-06-21 19:05:30.838 INFO  org.springframework.web.servlet.mvc.method.annotation.RequestMappingHandlerMapping Line:543 - Mapped "{[/sysUserinfo/batchDelete]}" onto public com.friends.utils.Result com.friends.controller.SysUserinfoController.batchDelete(java.lang.String)
2018-06-21 19:05:30.839 INFO  org.springframework.web.servlet.mvc.method.annotation.RequestMappingHandlerMapping Line:543 - Mapped "{[/template/add],methods=[GET]}" onto public org.springframework.web.servlet.ModelAndView com.friends.controller.TemplateController.add(org.springframework.web.servlet.ModelAndView)
2018-06-21 19:05:30.840 INFO  org.springframework.web.servlet.mvc.method.annotation.RequestMappingHandlerMapping Line:543 - Mapped "{[/template/update],methods=[PUT]}" onto public com.friends.utils.Result com.friends.controller.TemplateController.update(com.friends.entity.Template)
2018-06-21 19:05:30.840 INFO  org.springframework.web.servlet.mvc.method.annotation.RequestMappingHandlerMapping Line:543 - Mapped "{[/template/delete],methods=[POST]}" onto public com.friends.utils.Result com.friends.controller.TemplateController.delete(java.lang.String[])
2018-06-21 19:05:30.840 INFO  org.springframework.web.servlet.mvc.method.annotation.RequestMappingHandlerMapping Line:543 - Mapped "{[/template/save],methods=[POST]}" onto public com.friends.utils.Result com.friends.controller.TemplateController.save(com.friends.entity.Template)
2018-06-21 19:05:30.840 INFO  org.springframework.web.servlet.mvc.method.annotation.RequestMappingHandlerMapping Line:543 - Mapped "{[/template/queryDynamic],methods=[POST]}" onto public com.friends.utils.Result com.friends.controller.TemplateController.queryDynamic(java.lang.String)
2018-06-21 19:05:30.840 INFO  org.springframework.web.servlet.mvc.method.annotation.RequestMappingHandlerMapping Line:543 - Mapped "{[/template/list],methods=[GET]}" onto public org.springframework.web.servlet.ModelAndView com.friends.controller.TemplateController.page()
2018-06-21 19:05:30.841 INFO  org.springframework.web.servlet.mvc.method.annotation.RequestMappingHandlerMapping Line:543 - Mapped "{[/template/edit],methods=[GET]}" onto public org.springframework.web.servlet.ModelAndView com.friends.controller.TemplateController.edit(org.springframework.web.servlet.ModelAndView,java.lang.String)
2018-06-21 19:05:30.841 INFO  org.springframework.web.servlet.mvc.method.annotation.RequestMappingHandlerMapping Line:543 - Mapped "{[/template/detail],methods=[GET]}" onto public org.springframework.web.servlet.ModelAndView com.friends.controller.TemplateController.detail(org.springframework.web.servlet.ModelAndView,java.lang.String)
2018-06-21 19:05:30.841 INFO  org.springframework.web.servlet.mvc.method.annotation.RequestMappingHandlerMapping Line:543 - Mapped "{[/userPhoto/toPage]}" onto public org.springframework.web.servlet.ModelAndView com.friends.controller.UserPhotoController.toPage(org.springframework.web.servlet.ModelAndView)
2018-06-21 19:05:30.841 INFO  org.springframework.web.servlet.mvc.method.annotation.RequestMappingHandlerMapping Line:543 - Mapped "{[/userPhoto/queryDynamic]}" onto public com.friends.utils.Result com.friends.controller.UserPhotoController.queryDynamic(java.lang.Integer,java.lang.Integer,java.lang.String)
2018-06-21 19:05:30.842 INFO  org.springframework.web.servlet.mvc.method.annotation.RequestMappingHandlerMapping Line:543 - Mapped "{[/userPhoto/updateImg],methods=[POST]}" onto public com.friends.utils.Result com.friends.controller.UserPhotoController.updateImg(java.lang.String,java.lang.String)
2018-06-21 19:05:30.843 INFO  org.springframework.web.servlet.mvc.method.annotation.RequestMappingHandlerMapping Line:543 - Mapped "{[/singleAuth/page]}" onto public org.springframework.web.servlet.ModelAndView com.friends.controller.UserSingleAuthController.toPage(org.springframework.web.servlet.ModelAndView)
2018-06-21 19:05:30.843 INFO  org.springframework.web.servlet.mvc.method.annotation.RequestMappingHandlerMapping Line:543 - Mapped "{[/singleAuth/queryDynamic]}" onto public com.friends.utils.Result com.friends.controller.UserSingleAuthController.queryDynamic(java.lang.Integer,java.lang.Integer,java.lang.String,javax.servlet.http.HttpServletRequest)
2018-06-21 19:05:30.843 INFO  org.springframework.web.servlet.mvc.method.annotation.RequestMappingHandlerMapping Line:543 - Mapped "{[/singleAuth/index]}" onto public java.lang.String com.friends.controller.UserSingleAuthController.xxxxxx(javax.servlet.http.HttpServletRequest)
2018-06-21 19:05:30.843 INFO  org.springframework.web.servlet.mvc.method.annotation.RequestMappingHandlerMapping Line:543 - Mapped "{[/singleAuth/singleAuth],methods=[POST]}" onto public com.friends.utils.Result com.friends.controller.UserSingleAuthController.singleAuth(java.lang.String,java.lang.String)
2018-06-21 19:05:30.844 INFO  org.springframework.web.servlet.mvc.method.annotation.RequestMappingHandlerMapping Line:543 - Mapped "{[/singleAuth/save],methods=[POST]}" onto public com.friends.utils.Result com.friends.controller.UserSingleAuthController.saveSingleAuth(java.lang.String,java.lang.String,java.lang.String,javax.servlet.http.HttpServletRequest)
2018-06-21 19:05:30.844 INFO  org.springframework.web.servlet.mvc.method.annotation.RequestMappingHandlerMapping Line:543 - Mapped "{[/singleAuth/uploadImg],methods=[POST]}" onto public com.friends.utils.Result com.friends.controller.UserSingleAuthController.uploadImg(org.springframework.web.multipart.MultipartFile) throws java.lang.IllegalStateException,java.io.IOException
2018-06-21 19:05:30.845 INFO  org.springframework.web.servlet.mvc.method.annotation.RequestMappingHandlerMapping Line:543 - Mapped "{[/userStatistics/toPage]}" onto public org.springframework.web.servlet.ModelAndView com.friends.controller.UserStatisticsController.toPage()
2018-06-21 19:05:30.845 INFO  org.springframework.web.servlet.mvc.method.annotation.RequestMappingHandlerMapping Line:543 - Mapped "{[/userStatistics/page]}" onto public org.springframework.web.servlet.ModelAndView com.friends.controller.UserStatisticsController.page()
2018-06-21 19:05:30.846 INFO  org.springframework.web.servlet.mvc.method.annotation.RequestMappingHandlerMapping Line:543 - Mapped "{[/userStatistics/statistics]}" onto public com.friends.utils.Result com.friends.controller.UserStatisticsController.statistics(java.lang.String,java.lang.String)
2018-06-21 19:05:30.846 INFO  org.springframework.web.servlet.mvc.method.annotation.RequestMappingHandlerMapping Line:543 - Mapped "{[/userStatistics/userStatistics]}" onto public com.friends.utils.Result com.friends.controller.UserStatisticsController.userStatistics(java.lang.String,java.lang.String,java.lang.String)
2018-06-21 19:05:30.848 INFO  org.springframework.web.servlet.mvc.method.annotation.RequestMappingHandlerMapping Line:543 - Mapped "{[/workUnits/add]}" onto public com.friends.utils.Result com.friends.controller.WorkUnitsController.add(java.lang.String,java.lang.Integer,java.lang.String)
2018-06-21 19:05:30.848 INFO  org.springframework.web.servlet.mvc.method.annotation.RequestMappingHandlerMapping Line:543 - Mapped "{[/workUnits/delete]}" onto public com.friends.utils.Result com.friends.controller.WorkUnitsController.delete(java.lang.String)
2018-06-21 19:05:30.848 INFO  org.springframework.web.servlet.mvc.method.annotation.RequestMappingHandlerMapping Line:543 - Mapped "{[/workUnits/getAll]}" onto public com.friends.utils.Result com.friends.controller.WorkUnitsController.getAll()
2018-06-21 19:05:30.848 INFO  org.springframework.web.servlet.mvc.method.annotation.RequestMappingHandlerMapping Line:543 - Mapped "{[/workUnits/queryDynamic]}" onto public com.friends.utils.Result com.friends.controller.WorkUnitsController.queryDynamic(java.lang.Integer,java.lang.Integer,java.lang.String)
2018-06-21 19:05:30.849 INFO  org.springframework.web.servlet.mvc.method.annotation.RequestMappingHandlerMapping Line:543 - Mapped "{[/workUnits/page]}" onto public org.springframework.web.servlet.ModelAndView com.friends.controller.WorkUnitsController.page()
2018-06-21 19:05:30.849 INFO  org.springframework.web.servlet.mvc.method.annotation.RequestMappingHandlerMapping Line:543 - Mapped "{[/workUnits/batchDelete]}" onto public com.friends.utils.Result com.friends.controller.WorkUnitsController.batchDelete(java.lang.String)
2018-06-21 19:05:30.851 INFO  org.springframework.web.servlet.mvc.method.annotation.RequestMappingHandlerMapping Line:543 - Mapped "{[/error]}" onto public org.springframework.http.ResponseEntity<java.util.Map<java.lang.String, java.lang.Object>> org.springframework.boot.autoconfigure.web.BasicErrorController.error(javax.servlet.http.HttpServletRequest)
2018-06-21 19:05:30.853 INFO  org.springframework.web.servlet.mvc.method.annotation.RequestMappingHandlerMapping Line:543 - Mapped "{[/error],produces=[text/html]}" onto public org.springframework.web.servlet.ModelAndView org.springframework.boot.autoconfigure.web.BasicErrorController.errorHtml(javax.servlet.http.HttpServletRequest,javax.servlet.http.HttpServletResponse)
2018-06-21 19:05:31.092 INFO  org.springframework.web.servlet.handler.SimpleUrlHandlerMapping Line:354 - Mapped URL path [/webjars/**] onto handler of type [class org.springframework.web.servlet.resource.ResourceHttpRequestHandler]
2018-06-21 19:05:31.092 INFO  org.springframework.web.servlet.handler.SimpleUrlHandlerMapping Line:354 - Mapped URL path [/**] onto handler of type [class org.springframework.web.servlet.resource.ResourceHttpRequestHandler]
2018-06-21 19:05:31.278 INFO  org.springframework.web.servlet.handler.SimpleUrlHandlerMapping Line:354 - Mapped URL path [/**/favicon.ico] onto handler of type [class org.springframework.web.servlet.resource.ResourceHttpRequestHandler]
2018-06-21 19:05:32.407 INFO  org.springframework.security.web.DefaultSecurityFilterChain Line:43  - Creating filter chain: Ant [pattern='/css/**'], []
2018-06-21 19:05:32.408 INFO  org.springframework.security.web.DefaultSecurityFilterChain Line:43  - Creating filter chain: Ant [pattern='/js/**'], []
2018-06-21 19:05:32.408 INFO  org.springframework.security.web.DefaultSecurityFilterChain Line:43  - Creating filter chain: Ant [pattern='/images/**'], []
2018-06-21 19:05:32.408 INFO  org.springframework.security.web.DefaultSecurityFilterChain Line:43  - Creating filter chain: Ant [pattern='/webjars/**'], []
2018-06-21 19:05:32.408 INFO  org.springframework.security.web.DefaultSecurityFilterChain Line:43  - Creating filter chain: Ant [pattern='/**/favicon.ico'], []
2018-06-21 19:05:32.408 INFO  org.springframework.security.web.DefaultSecurityFilterChain Line:43  - Creating filter chain: Ant [pattern='/error'], []
2018-06-21 19:05:32.609 INFO  org.springframework.security.web.DefaultSecurityFilterChain Line:43  - Creating filter chain: org.springframework.boot.autoconfigure.security.SpringBootWebSecurityConfiguration$ApplicationNoWebSecurityConfigurerAdapter$1@3d5b2c1e, [org.springframework.security.web.context.request.async.WebAsyncManagerIntegrationFilter@137a9d69, org.springframework.security.web.context.SecurityContextPersistenceFilter@2c34ce24, org.springframework.security.web.header.HeaderWriterFilter@6287e312, org.springframework.security.web.csrf.CsrfFilter@65a7bc80, org.springframework.security.web.authentication.logout.LogoutFilter@7ecca48, org.springframework.security.web.savedrequest.RequestCacheAwareFilter@31406eab, org.springframework.security.web.servletapi.SecurityContextHolderAwareRequestFilter@139da216, org.springframework.security.web.authentication.AnonymousAuthenticationFilter@12faeada, org.springframework.security.web.session.SessionManagementFilter@56c7e2d1, org.springframework.security.web.access.ExceptionTranslationFilter@b2db8bc]
2018-06-21 19:05:33.192 INFO  org.springframework.jmx.export.annotation.AnnotationMBeanExporter Line:431 - Registering beans for JMX exposure on startup
2018-06-21 19:05:33.194 INFO  org.springframework.jmx.export.annotation.AnnotationMBeanExporter Line:912 - Bean with name 'dataSource' has been autodetected for JMX exposure
2018-06-21 19:05:33.201 INFO  org.springframework.jmx.export.annotation.AnnotationMBeanExporter Line:667 - Located MBean 'dataSource': registering with JMX server as MBean [com.alibaba.druid.pool:name=dataSource,type=DruidDataSource]
2018-06-21 19:05:33.219 INFO  org.apache.coyote.http11.Http11NioProtocol Line:179 - Initializing ProtocolHandler ["http-nio-8031"]
2018-06-21 19:05:33.283 INFO  org.apache.coyote.http11.Http11NioProtocol Line:179 - Starting ProtocolHandler [http-nio-8031]
2018-06-21 19:05:33.317 INFO  org.apache.tomcat.util.net.NioSelectorPool Line:179 - Using a shared selector for servlet write/read
2018-06-21 19:05:33.418 INFO  org.springframework.boot.context.embedded.tomcat.TomcatEmbeddedServletContainer Line:185 - Tomcat started on port(s): 8031 (http)
2018-06-21 19:05:33.425 INFO  com.friends.FriendsApplication Line:57  - Started FriendsApplication in 38.749 seconds (JVM running for 41.429)
2018-06-21 19:05:33.425 INFO  com.friends.FriendsApplication Line:34  - start ok
2018-06-21 19:07:31.347 INFO  org.apache.tomcat.util.http.parser.Cookie Line:179 - A cookie header was received [e10adc3949ba59abbe56e057f20f883e"] that contained an invalid cookie. That cookie will be ignored.Note: further occurrences of this error will be logged at DEBUG level.
2018-06-21 19:07:31.358 INFO  org.apache.catalina.core.ContainerBase.[Tomcat].[localhost].[/] Line:179 - Initializing Spring FrameworkServlet 'dispatcherServlet'
2018-06-21 19:07:31.358 INFO  org.springframework.web.servlet.DispatcherServlet Line:489 - FrameworkServlet 'dispatcherServlet': initialization started
2018-06-21 19:07:31.412 INFO  org.springframework.web.servlet.DispatcherServlet Line:508 - FrameworkServlet 'dispatcherServlet': initialization completed in 53 ms
2018-06-21 19:09:04.250 INFO  com.friends.common.shiro.MyShiroRealm Line:70  - ---->MyShiroRealm.doGetAuthenticationInfo()
2018-06-21 19:09:06.424 INFO  com.friends.common.shiro.MyShiroRealm Line:73  - Subjecttokenorg.apache.shiro.authc.UsernamePasswordToken@6437477f[
  username=sys_admin
  password={d,e,b,5,c,1,6,5,1,6,b,d,4,2,2,9,7,6,4,d,0,d,b,8,7,f,0,2,b,3,9,8}
  rememberMe=false
  host=0:0:0:0:0:0:0:1
]
2018-06-21 19:09:07.518 INFO  com.friends.controller.IndexController Line:68  - -----------------
2018-06-21 19:09:08.001 INFO  com.friends.common.shiro.MyShiroRealm Line:120 - -->MyShiroRealm.doGetAuthorizationInfo()
