2018-07-02 10:14:41.820 DEBUG org.hibernate.SQL Line:92  - select sysuser0_.id as id1_27_, sysuser0_.address as address2_27_, sysuser0_.attent_count as attent_c3_27_, sysuser0_.birthday as birthday4_27_, sysuser0_.create_date as create_d5_27_, sysuser0_.email as email6_27_, sysuser0_.fan_count as fan_coun7_27_, sysuser0_.grade as grade8_27_, sysuser0_.group_count as group_co9_27_, sysuser0_.image as image10_27_, sysuser0_.introduce as introdu11_27_, sysuser0_.labour_union_id as labour_12_27_, sysuser0_.locked as locked13_27_, sysuser0_.nickname as nicknam14_27_, sysuser0_.password as passwor15_27_, sysuser0_.phone as phone16_27_, sysuser0_.points as points17_27_, sysuser0_.pre_login_date as pre_log18_27_, sysuser0_.real_name as real_na19_27_, sysuser0_.salt as salt20_27_, sysuser0_.sex as sex21_27_, sysuser0_.update_date as update_22_27_, sysuser0_.user_name as user_na23_27_ from sys_user sysuser0_ where sysuser0_.user_name=?
2018-07-02 10:14:42.040 DEBUG org.hibernate.SQL Line:92  - select *from sys_permission where pid=?  order by order_num ASC 
2018-07-02 10:14:42.340 DEBUG org.hibernate.SQL Line:92  - select *from sys_permission where pid=?  order by order_num ASC 
2018-07-02 10:14:42.400 DEBUG org.hibernate.SQL Line:92  - select *from sys_permission where pid=?  order by order_num ASC 
2018-07-02 10:14:42.460 DEBUG org.hibernate.SQL Line:92  - select *from sys_permission where pid=?  order by order_num ASC 
2018-07-02 10:14:42.500 DEBUG org.hibernate.SQL Line:92  - select *from sys_permission where pid=?  order by order_num ASC 
2018-07-02 10:14:42.550 DEBUG org.hibernate.SQL Line:92  - select *from sys_permission where pid=?  order by order_num ASC 
2018-07-02 10:14:42.610 DEBUG org.hibernate.SQL Line:92  - select *from sys_permission where pid=?  order by order_num ASC 
2018-07-02 10:14:42.660 DEBUG org.hibernate.SQL Line:92  - select *from sys_permission where pid=?  order by order_num ASC 
2018-07-02 10:14:42.710 DEBUG org.hibernate.SQL Line:92  - select *from sys_permission where pid=?  order by order_num ASC 
2018-07-02 10:14:42.760 DEBUG org.hibernate.SQL Line:92  - select *from sys_permission where pid=?  order by order_num ASC 
2018-07-02 10:14:42.821 DEBUG org.hibernate.SQL Line:92  - select *from sys_permission where pid=?  order by order_num ASC 
2018-07-02 10:14:42.875 DEBUG org.hibernate.SQL Line:92  - select *from sys_permission where pid=?  order by order_num ASC 
2018-07-02 10:14:42.925 DEBUG org.hibernate.SQL Line:92  - select *from sys_permission where pid=?  order by order_num ASC 
2018-07-02 10:14:42.975 DEBUG org.hibernate.SQL Line:92  - select *from sys_permission where pid=?  order by order_num ASC 
2018-07-02 10:14:43.035 DEBUG org.hibernate.SQL Line:92  - select *from sys_permission where pid=?  order by order_num ASC 
2018-07-02 10:14:43.750 DEBUG org.hibernate.SQL Line:92  -  select r.* from sys_user_role ur left join sys_role r on ur.role_id=r.id where ur.user_id=? 
2018-07-02 10:14:43.790 DEBUG org.hibernate.SQL Line:92  - select p.* from sys_permission p LEFT JOIN sys_role_permission rp on rp.permission_id=p.id where rp.role_id=? 
2018-07-02 10:14:51.990 DEBUG org.hibernate.SQL Line:92  -  select distinct t.*  from pay t where 1=1  limit ?, ? 
2018-07-02 10:14:52.017 DEBUG org.hibernate.SQL Line:92  -  select count(1)  from pay t where 1=1 
2018-07-02 10:32:06.784 DEBUG org.hibernate.SQL Line:92  -  select distinct t.*  from mf_invitation_user_data t where 1=1  limit ?, ? 
2018-07-02 10:32:08.828 DEBUG org.hibernate.SQL Line:92  -  select count(1)  from mf_invitation_user_data t where 1=1 
2018-07-02 10:56:12.666 DEBUG org.hibernate.SQL Line:92  -  select distinct t.*  from sys_role t where 1=1  order by order_num asc limit ?, ? 
2018-07-02 10:56:12.682 DEBUG org.hibernate.SQL Line:92  -  select count(1)  from sys_role t where 1=1  order by order_num asc 
2018-07-02 10:56:29.390 DEBUG org.hibernate.SQL Line:92  -  select distinct t.*  from sys_user t where 1=1  and t.user_name like ?  limit ?, ? 
2018-07-02 10:56:29.405 DEBUG org.hibernate.SQL Line:92  -  select count(1)  from sys_user t where 1=1  and t.user_name like ? 
2018-07-02 10:56:31.737 DEBUG org.hibernate.SQL Line:92  -  select distinct t.*  from sys_role t where 1=1  order by order_num asc limit ?, ? 
2018-07-02 10:56:31.751 DEBUG org.hibernate.SQL Line:92  -  select count(1)  from sys_role t where 1=1  order by order_num asc 
2018-07-02 10:56:32.875 DEBUG org.hibernate.SQL Line:92  - select sysrole0_.id as id1_25_0_, sysrole0_.create_date as create_d2_25_0_, sysrole0_.description as descript3_25_0_, sysrole0_.name as name4_25_0_, sysrole0_.order_num as order_nu5_25_0_, sysrole0_.update_date as update_d6_25_0_ from sys_role sysrole0_ where sysrole0_.id=?
2018-07-02 10:56:33.765 DEBUG org.hibernate.SQL Line:92  - select * from sys_permission p where 1=1 order by order_num ASC 
2018-07-02 10:56:34.000 DEBUG org.hibernate.SQL Line:92  - select * from sys_role_permission s where s.role_id=? 
2018-07-02 10:57:10.335 DEBUG org.hibernate.SQL Line:92  - select sysuser0_.id as id1_27_, sysuser0_.address as address2_27_, sysuser0_.attent_count as attent_c3_27_, sysuser0_.birthday as birthday4_27_, sysuser0_.create_date as create_d5_27_, sysuser0_.email as email6_27_, sysuser0_.fan_count as fan_coun7_27_, sysuser0_.grade as grade8_27_, sysuser0_.group_count as group_co9_27_, sysuser0_.image as image10_27_, sysuser0_.introduce as introdu11_27_, sysuser0_.labour_union_id as labour_12_27_, sysuser0_.locked as locked13_27_, sysuser0_.nickname as nicknam14_27_, sysuser0_.password as passwor15_27_, sysuser0_.phone as phone16_27_, sysuser0_.points as points17_27_, sysuser0_.pre_login_date as pre_log18_27_, sysuser0_.real_name as real_na19_27_, sysuser0_.salt as salt20_27_, sysuser0_.sex as sex21_27_, sysuser0_.update_date as update_22_27_, sysuser0_.user_name as user_na23_27_ from sys_user sysuser0_ where sysuser0_.user_name=?
2018-07-02 10:57:10.402 DEBUG org.hibernate.SQL Line:92  - select *from sys_permission where pid=?  order by order_num ASC 
2018-07-02 10:57:10.442 DEBUG org.hibernate.SQL Line:92  - select *from sys_permission where pid=?  order by order_num ASC 
2018-07-02 10:57:10.482 DEBUG org.hibernate.SQL Line:92  - select *from sys_permission where pid=?  order by order_num ASC 
2018-07-02 10:57:10.534 DEBUG org.hibernate.SQL Line:92  - select *from sys_permission where pid=?  order by order_num ASC 
2018-07-02 10:57:10.577 DEBUG org.hibernate.SQL Line:92  - select *from sys_permission where pid=?  order by order_num ASC 
2018-07-02 10:57:10.618 DEBUG org.hibernate.SQL Line:92  - select *from sys_permission where pid=?  order by order_num ASC 
2018-07-02 10:57:10.665 DEBUG org.hibernate.SQL Line:92  - select *from sys_permission where pid=?  order by order_num ASC 
2018-07-02 10:57:10.707 DEBUG org.hibernate.SQL Line:92  - select *from sys_permission where pid=?  order by order_num ASC 
2018-07-02 10:57:10.747 DEBUG org.hibernate.SQL Line:92  - select *from sys_permission where pid=?  order by order_num ASC 
2018-07-02 10:57:10.795 DEBUG org.hibernate.SQL Line:92  - select *from sys_permission where pid=?  order by order_num ASC 
2018-07-02 10:57:10.840 DEBUG org.hibernate.SQL Line:92  - select *from sys_permission where pid=?  order by order_num ASC 
2018-07-02 10:57:10.880 DEBUG org.hibernate.SQL Line:92  - select *from sys_permission where pid=?  order by order_num ASC 
2018-07-02 10:57:10.930 DEBUG org.hibernate.SQL Line:92  - select *from sys_permission where pid=?  order by order_num ASC 
2018-07-02 10:57:10.980 DEBUG org.hibernate.SQL Line:92  - select *from sys_permission where pid=?  order by order_num ASC 
2018-07-02 10:57:11.020 DEBUG org.hibernate.SQL Line:92  - select *from sys_permission where pid=?  order by order_num ASC 
2018-07-02 10:57:11.090 DEBUG org.hibernate.SQL Line:92  -  select r.* from sys_user_role ur left join sys_role r on ur.role_id=r.id where ur.user_id=? 
2018-07-02 10:57:11.130 DEBUG org.hibernate.SQL Line:92  - select p.* from sys_permission p LEFT JOIN sys_role_permission rp on rp.permission_id=p.id where rp.role_id=? 
2018-07-02 10:57:45.156 DEBUG org.hibernate.SQL Line:92  - select * from sys_permission p where p.type=? order by order_num ASC 
2018-07-02 10:57:46.321 DEBUG org.hibernate.SQL Line:92  -  select distinct t.*  from sys_permission t where 1=1  and t.type = 1 order by order_num ASC limit ?, ? 
2018-07-02 10:57:46.346 DEBUG org.hibernate.SQL Line:92  -  select count(1)  from sys_permission t where 1=1  and t.type = 1
2018-07-02 10:57:57.782 DEBUG org.hibernate.SQL Line:92  -  select distinct t.*  from sys_permission t where 1=1  and t.pid = '402881196455d03e016455fcc38b0001' and t.type = 1 order by order_num ASC limit ?, ? 
2018-07-02 10:57:57.796 DEBUG org.hibernate.SQL Line:92  -  select count(1)  from sys_permission t where 1=1  and t.pid = '402881196455d03e016455fcc38b0001' and t.type = 1
2018-07-02 10:58:25.513 DEBUG org.hibernate.SQL Line:92  - select * from sys_permission p where p.type=? order by order_num ASC 
2018-07-02 11:02:53.511 DEBUG org.hibernate.SQL Line:92  -  select distinct t.*  from sys_role t where 1=1  order by order_num asc limit ?, ? 
2018-07-02 11:02:53.530 DEBUG org.hibernate.SQL Line:92  -  select count(1)  from sys_role t where 1=1  order by order_num asc 
2018-07-02 11:03:08.918 DEBUG org.hibernate.SQL Line:92  - select * from sys_permission p where p.type=? order by order_num ASC 
2018-07-02 11:03:09.303 DEBUG org.hibernate.SQL Line:92  -  select distinct t.*  from sys_permission t where 1=1  and t.type = 1 order by order_num ASC limit ?, ? 
2018-07-02 11:03:09.322 DEBUG org.hibernate.SQL Line:92  -  select count(1)  from sys_permission t where 1=1  and t.type = 1
2018-07-02 11:03:13.504 DEBUG org.hibernate.SQL Line:92  - select * from sys_permission p where p.type=? order by order_num ASC 
2018-07-02 11:03:13.553 DEBUG org.hibernate.SQL Line:92  - select syspermiss0_.id as id1_24_0_, syspermiss0_.available as availabl2_24_0_, syspermiss0_.icon_code as icon_cod3_24_0_, syspermiss0_.is_parent as is_paren4_24_0_, syspermiss0_.name as name5_24_0_, syspermiss0_.open as open6_24_0_, syspermiss0_.order_num as order_nu7_24_0_, syspermiss0_.permission_name as permissi8_24_0_, syspermiss0_.permission_value as permissi9_24_0_, syspermiss0_.pid as pid10_24_0_, syspermiss0_.pname as pname11_24_0_, syspermiss0_.type as type12_24_0_, syspermiss0_.url as url13_24_0_ from sys_permission syspermiss0_ where syspermiss0_.id=?
2018-07-02 11:03:27.493 DEBUG org.hibernate.SQL Line:92  -  select distinct t.*  from sys_role t where 1=1  order by order_num asc limit ?, ? 
2018-07-02 11:03:27.508 DEBUG org.hibernate.SQL Line:92  -  select count(1)  from sys_role t where 1=1  order by order_num asc 
2018-07-02 11:03:29.959 DEBUG org.hibernate.SQL Line:92  - select sysrole0_.id as id1_25_0_, sysrole0_.create_date as create_d2_25_0_, sysrole0_.description as descript3_25_0_, sysrole0_.name as name4_25_0_, sysrole0_.order_num as order_nu5_25_0_, sysrole0_.update_date as update_d6_25_0_ from sys_role sysrole0_ where sysrole0_.id=?
2018-07-02 11:03:30.206 DEBUG org.hibernate.SQL Line:92  - select * from sys_permission p where 1=1 order by order_num ASC 
2018-07-02 11:03:30.353 DEBUG org.hibernate.SQL Line:92  - select * from sys_role_permission s where s.role_id=? 
2018-07-02 11:04:49.272 DEBUG org.hibernate.SQL Line:92  -  select distinct t.*  from pay t where 1=1  limit ?, ? 
2018-07-02 11:04:49.296 DEBUG org.hibernate.SQL Line:92  -  select count(1)  from pay t where 1=1 
2018-07-02 11:04:55.833 DEBUG org.hibernate.SQL Line:92  -  select distinct t.*  from pay t where 1=1  limit ?, ? 
2018-07-02 11:04:55.855 DEBUG org.hibernate.SQL Line:92  -  select count(1)  from pay t where 1=1 
2018-07-02 11:05:03.728 DEBUG org.hibernate.SQL Line:92  -  select distinct t.*  from mf_invitation_user_data t where 1=1  limit ?, ? 
2018-07-02 11:05:03.743 DEBUG org.hibernate.SQL Line:92  -  select count(1)  from mf_invitation_user_data t where 1=1 
2018-07-02 11:05:11.797 DEBUG org.hibernate.SQL Line:92  -  select distinct t.*  from sys_role t where 1=1  order by order_num asc limit ?, ? 
2018-07-02 11:05:11.810 DEBUG org.hibernate.SQL Line:92  -  select count(1)  from sys_role t where 1=1  order by order_num asc 
2018-07-02 11:06:19.315 DEBUG org.hibernate.SQL Line:92  - select * from sys_permission p where p.type=? order by order_num ASC 
2018-07-02 11:06:19.717 DEBUG org.hibernate.SQL Line:92  -  select distinct t.*  from sys_permission t where 1=1  and t.type = 1 order by order_num ASC limit ?, ? 
2018-07-02 11:06:19.734 DEBUG org.hibernate.SQL Line:92  -  select count(1)  from sys_permission t where 1=1  and t.type = 1
2018-07-02 11:06:40.862 DEBUG org.hibernate.SQL Line:92  - select * from sys_permission p where p.type=? order by order_num ASC 
2018-07-02 11:06:40.909 DEBUG org.hibernate.SQL Line:92  - select syspermiss0_.id as id1_24_0_, syspermiss0_.available as availabl2_24_0_, syspermiss0_.icon_code as icon_cod3_24_0_, syspermiss0_.is_parent as is_paren4_24_0_, syspermiss0_.name as name5_24_0_, syspermiss0_.open as open6_24_0_, syspermiss0_.order_num as order_nu7_24_0_, syspermiss0_.permission_name as permissi8_24_0_, syspermiss0_.permission_value as permissi9_24_0_, syspermiss0_.pid as pid10_24_0_, syspermiss0_.pname as pname11_24_0_, syspermiss0_.type as type12_24_0_, syspermiss0_.url as url13_24_0_ from sys_permission syspermiss0_ where syspermiss0_.id=?
2018-07-02 11:08:01.748 DEBUG org.hibernate.SQL Line:92  - select count(*) from sys_permission  where name='任务管理' and type!=2 
2018-07-02 11:08:05.303 DEBUG org.hibernate.SQL Line:92  - select count(*) from sys_permission  where permission_value='110' and type!=2 
2018-07-02 11:08:21.758 DEBUG org.hibernate.SQL Line:92  - insert into sys_permission (available, icon_code, is_parent, name, open, order_num, permission_name, permission_value, pid, pname, type, url, id) values (?, ?, ?, ?, ?, ?, ?, ?, ?, ?, ?, ?, ?)
2018-07-02 11:08:21.814 DEBUG org.hibernate.SQL Line:92  - select * from sys_permission p where p.type=? order by order_num ASC 
2018-07-02 11:08:21.878 DEBUG org.hibernate.SQL Line:92  -  select distinct t.*  from sys_permission t where 1=1  and t.type = 1 order by order_num ASC limit ?, ? 
2018-07-02 11:08:21.893 DEBUG org.hibernate.SQL Line:92  -  select count(1)  from sys_permission t where 1=1  and t.type = 1
2018-07-02 11:08:27.486 DEBUG org.hibernate.SQL Line:92  -  select distinct t.*  from sys_permission t where 1=1  and t.pid = '402881196458c494016458f66b0c0000' and t.type = 1 order by order_num ASC limit ?, ? 
2018-07-02 11:08:27.516 DEBUG org.hibernate.SQL Line:92  -  select count(1)  from sys_permission t where 1=1  and t.pid = '402881196458c494016458f66b0c0000' and t.type = 1
2018-07-02 11:08:29.867 DEBUG org.hibernate.SQL Line:92  - select * from sys_permission p where p.type=? order by order_num ASC 
2018-07-02 11:08:41.191 DEBUG org.hibernate.SQL Line:92  - select count(*) from sys_permission  where name='日报' and type!=2 
2018-07-02 11:09:09.428 DEBUG org.hibernate.SQL Line:92  - select count(*) from sys_permission  where url='task/' and type!=2 
2018-07-02 11:09:43.888 DEBUG org.hibernate.SQL Line:92  - select count(*) from sys_permission  where url='task/dailyInden' and type!=2 
2018-07-02 11:09:45.391 DEBUG org.hibernate.SQL Line:92  - select count(*) from sys_permission  where permission_name='111' and type!=2 
2018-07-02 11:09:48.503 DEBUG org.hibernate.SQL Line:92  - select count(*) from sys_permission  where permission_value='111' and type!=2 
2018-07-02 11:10:00.111 DEBUG org.hibernate.SQL Line:92  - insert into sys_permission (available, icon_code, is_parent, name, open, order_num, permission_name, permission_value, pid, pname, type, url, id) values (?, ?, ?, ?, ?, ?, ?, ?, ?, ?, ?, ?, ?)
2018-07-02 11:10:00.178 DEBUG org.hibernate.SQL Line:92  - select * from sys_permission p where p.type=? order by order_num ASC 
2018-07-02 11:10:00.239 DEBUG org.hibernate.SQL Line:92  -  select distinct t.*  from sys_permission t where 1=1  and t.pid = '402881196458c494016458f66b0c0000' and t.type = 1 order by order_num ASC limit ?, ? 
2018-07-02 11:10:00.257 DEBUG org.hibernate.SQL Line:92  -  select count(1)  from sys_permission t where 1=1  and t.pid = '402881196458c494016458f66b0c0000' and t.type = 1
2018-07-02 11:10:15.439 DEBUG org.hibernate.SQL Line:92  - select *from sys_permission where pid=?  order by order_num ASC 
2018-07-02 11:10:15.493 DEBUG org.hibernate.SQL Line:92  - select *from sys_permission where pid=?  order by order_num ASC 
2018-07-02 11:10:15.537 DEBUG org.hibernate.SQL Line:92  - select *from sys_permission where pid=?  order by order_num ASC 
2018-07-02 11:10:15.581 DEBUG org.hibernate.SQL Line:92  - select *from sys_permission where pid=?  order by order_num ASC 
2018-07-02 11:10:15.625 DEBUG org.hibernate.SQL Line:92  - select *from sys_permission where pid=?  order by order_num ASC 
2018-07-02 11:10:15.665 DEBUG org.hibernate.SQL Line:92  - select *from sys_permission where pid=?  order by order_num ASC 
2018-07-02 11:10:15.715 DEBUG org.hibernate.SQL Line:92  - select *from sys_permission where pid=?  order by order_num ASC 
2018-07-02 11:10:15.765 DEBUG org.hibernate.SQL Line:92  - select *from sys_permission where pid=?  order by order_num ASC 
2018-07-02 11:10:15.805 DEBUG org.hibernate.SQL Line:92  - select *from sys_permission where pid=?  order by order_num ASC 
2018-07-02 11:10:15.848 DEBUG org.hibernate.SQL Line:92  - select *from sys_permission where pid=?  order by order_num ASC 
2018-07-02 11:10:15.903 DEBUG org.hibernate.SQL Line:92  - select *from sys_permission where pid=?  order by order_num ASC 
2018-07-02 11:10:15.939 DEBUG org.hibernate.SQL Line:92  - select *from sys_permission where pid=?  order by order_num ASC 
2018-07-02 11:10:15.989 DEBUG org.hibernate.SQL Line:92  - select *from sys_permission where pid=?  order by order_num ASC 
2018-07-02 11:10:16.039 DEBUG org.hibernate.SQL Line:92  - select *from sys_permission where pid=?  order by order_num ASC 
2018-07-02 11:10:16.089 DEBUG org.hibernate.SQL Line:92  - select *from sys_permission where pid=?  order by order_num ASC 
2018-07-02 11:10:16.129 DEBUG org.hibernate.SQL Line:92  - select *from sys_permission where pid=?  order by order_num ASC 
2018-07-02 11:10:16.199 DEBUG org.hibernate.SQL Line:92  -  select r.* from sys_user_role ur left join sys_role r on ur.role_id=r.id where ur.user_id=? 
2018-07-02 11:10:16.249 DEBUG org.hibernate.SQL Line:92  - select p.* from sys_permission p LEFT JOIN sys_role_permission rp on rp.permission_id=p.id where rp.role_id=? 
2018-07-02 11:10:21.961 DEBUG org.hibernate.SQL Line:92  -  select distinct t.*  from sys_role t where 1=1  order by order_num asc limit ?, ? 
2018-07-02 11:10:21.979 DEBUG org.hibernate.SQL Line:92  -  select count(1)  from sys_role t where 1=1  order by order_num asc 
2018-07-02 11:10:27.870 DEBUG org.hibernate.SQL Line:92  - select sysrole0_.id as id1_25_0_, sysrole0_.create_date as create_d2_25_0_, sysrole0_.description as descript3_25_0_, sysrole0_.name as name4_25_0_, sysrole0_.order_num as order_nu5_25_0_, sysrole0_.update_date as update_d6_25_0_ from sys_role sysrole0_ where sysrole0_.id=?
2018-07-02 11:10:28.115 DEBUG org.hibernate.SQL Line:92  - select * from sys_permission p where 1=1 order by order_num ASC 
2018-07-02 11:10:28.243 DEBUG org.hibernate.SQL Line:92  - select * from sys_role_permission s where s.role_id=? 
2018-07-02 11:10:37.824 DEBUG org.hibernate.SQL Line:92  - select sysrole0_.id as id1_25_0_, sysrole0_.create_date as create_d2_25_0_, sysrole0_.description as descript3_25_0_, sysrole0_.name as name4_25_0_, sysrole0_.order_num as order_nu5_25_0_, sysrole0_.update_date as update_d6_25_0_ from sys_role sysrole0_ where sysrole0_.id=?
2018-07-02 11:10:37.911 DEBUG org.hibernate.SQL Line:92  - update sys_role set create_date=?, description=?, name=?, order_num=?, update_date=? where id=?
2018-07-02 11:10:38.014 DEBUG org.hibernate.SQL Line:92  - select sysroleper0_.id as id1_26_, sysroleper0_.permission_id as permissi2_26_, sysroleper0_.role_id as role_id3_26_ from sys_role_permission sysroleper0_ where sysroleper0_.role_id=?
2018-07-02 11:10:38.712 DEBUG org.hibernate.SQL Line:92  - delete from sys_role_permission where id=? or id=? or id=? or id=? or id=? or id=? or id=? or id=? or id=? or id=? or id=? or id=? or id=? or id=? or id=? or id=? or id=? or id=? or id=? or id=? or id=? or id=?
2018-07-02 11:10:38.768 DEBUG org.hibernate.SQL Line:92  - insert into sys_role_permission (permission_id, role_id, id) values (?, ?, ?)
2018-07-02 11:10:38.786 DEBUG org.hibernate.SQL Line:92  - insert into sys_role_permission (permission_id, role_id, id) values (?, ?, ?)
2018-07-02 11:10:38.791 DEBUG org.hibernate.SQL Line:92  - insert into sys_role_permission (permission_id, role_id, id) values (?, ?, ?)
2018-07-02 11:10:38.814 DEBUG org.hibernate.SQL Line:92  - insert into sys_role_permission (permission_id, role_id, id) values (?, ?, ?)
2018-07-02 11:10:38.828 DEBUG org.hibernate.SQL Line:92  - insert into sys_role_permission (permission_id, role_id, id) values (?, ?, ?)
2018-07-02 11:10:38.836 DEBUG org.hibernate.SQL Line:92  - insert into sys_role_permission (permission_id, role_id, id) values (?, ?, ?)
2018-07-02 11:10:38.856 DEBUG org.hibernate.SQL Line:92  - insert into sys_role_permission (permission_id, role_id, id) values (?, ?, ?)
2018-07-02 11:10:38.869 DEBUG org.hibernate.SQL Line:92  - insert into sys_role_permission (permission_id, role_id, id) values (?, ?, ?)
2018-07-02 11:10:38.883 DEBUG org.hibernate.SQL Line:92  - insert into sys_role_permission (permission_id, role_id, id) values (?, ?, ?)
2018-07-02 11:10:38.897 DEBUG org.hibernate.SQL Line:92  - insert into sys_role_permission (permission_id, role_id, id) values (?, ?, ?)
2018-07-02 11:10:38.910 DEBUG org.hibernate.SQL Line:92  - insert into sys_role_permission (permission_id, role_id, id) values (?, ?, ?)
2018-07-02 11:10:38.924 DEBUG org.hibernate.SQL Line:92  - insert into sys_role_permission (permission_id, role_id, id) values (?, ?, ?)
2018-07-02 11:10:38.935 DEBUG org.hibernate.SQL Line:92  - insert into sys_role_permission (permission_id, role_id, id) values (?, ?, ?)
2018-07-02 11:10:38.952 DEBUG org.hibernate.SQL Line:92  - insert into sys_role_permission (permission_id, role_id, id) values (?, ?, ?)
2018-07-02 11:10:38.966 DEBUG org.hibernate.SQL Line:92  - insert into sys_role_permission (permission_id, role_id, id) values (?, ?, ?)
2018-07-02 11:10:38.969 DEBUG org.hibernate.SQL Line:92  - insert into sys_role_permission (permission_id, role_id, id) values (?, ?, ?)
2018-07-02 11:10:38.989 DEBUG org.hibernate.SQL Line:92  - insert into sys_role_permission (permission_id, role_id, id) values (?, ?, ?)
2018-07-02 11:10:39.006 DEBUG org.hibernate.SQL Line:92  - insert into sys_role_permission (permission_id, role_id, id) values (?, ?, ?)
2018-07-02 11:10:39.020 DEBUG org.hibernate.SQL Line:92  - insert into sys_role_permission (permission_id, role_id, id) values (?, ?, ?)
2018-07-02 11:10:39.033 DEBUG org.hibernate.SQL Line:92  - insert into sys_role_permission (permission_id, role_id, id) values (?, ?, ?)
2018-07-02 11:10:39.047 DEBUG org.hibernate.SQL Line:92  - insert into sys_role_permission (permission_id, role_id, id) values (?, ?, ?)
2018-07-02 11:10:39.062 DEBUG org.hibernate.SQL Line:92  - insert into sys_role_permission (permission_id, role_id, id) values (?, ?, ?)
2018-07-02 11:10:39.073 DEBUG org.hibernate.SQL Line:92  - insert into sys_role_permission (permission_id, role_id, id) values (?, ?, ?)
2018-07-02 11:10:39.085 DEBUG org.hibernate.SQL Line:92  - insert into sys_role_permission (permission_id, role_id, id) values (?, ?, ?)
2018-07-02 11:10:39.149 DEBUG org.hibernate.SQL Line:92  -  select distinct t.*  from sys_role t where 1=1  order by order_num asc limit ?, ? 
2018-07-02 11:10:39.168 DEBUG org.hibernate.SQL Line:92  -  select count(1)  from sys_role t where 1=1  order by order_num asc 
2018-07-02 11:10:41.652 DEBUG org.hibernate.SQL Line:92  - select *from sys_permission where pid=?  order by order_num ASC 
2018-07-02 11:10:41.699 DEBUG org.hibernate.SQL Line:92  - select *from sys_permission where pid=?  order by order_num ASC 
2018-07-02 11:10:41.749 DEBUG org.hibernate.SQL Line:92  - select *from sys_permission where pid=?  order by order_num ASC 
2018-07-02 11:10:41.789 DEBUG org.hibernate.SQL Line:92  - select *from sys_permission where pid=?  order by order_num ASC 
2018-07-02 11:10:41.829 DEBUG org.hibernate.SQL Line:92  - select *from sys_permission where pid=?  order by order_num ASC 
2018-07-02 11:10:41.869 DEBUG org.hibernate.SQL Line:92  - select *from sys_permission where pid=?  order by order_num ASC 
2018-07-02 11:10:41.919 DEBUG org.hibernate.SQL Line:92  - select *from sys_permission where pid=?  order by order_num ASC 
2018-07-02 11:10:41.959 DEBUG org.hibernate.SQL Line:92  - select *from sys_permission where pid=?  order by order_num ASC 
2018-07-02 11:10:41.999 DEBUG org.hibernate.SQL Line:92  - select *from sys_permission where pid=?  order by order_num ASC 
2018-07-02 11:10:42.049 DEBUG org.hibernate.SQL Line:92  - select *from sys_permission where pid=?  order by order_num ASC 
2018-07-02 11:10:42.089 DEBUG org.hibernate.SQL Line:92  - select *from sys_permission where pid=?  order by order_num ASC 
2018-07-02 11:10:42.134 DEBUG org.hibernate.SQL Line:92  - select *from sys_permission where pid=?  order by order_num ASC 
2018-07-02 11:10:42.179 DEBUG org.hibernate.SQL Line:92  - select *from sys_permission where pid=?  order by order_num ASC 
2018-07-02 11:10:42.223 DEBUG org.hibernate.SQL Line:92  - select *from sys_permission where pid=?  order by order_num ASC 
2018-07-02 11:10:42.271 DEBUG org.hibernate.SQL Line:92  - select *from sys_permission where pid=?  order by order_num ASC 
2018-07-02 11:10:42.317 DEBUG org.hibernate.SQL Line:92  - select *from sys_permission where pid=?  order by order_num ASC 
2018-07-02 11:11:10.838 DEBUG org.hibernate.SQL Line:92  - select sysuser0_.id as id1_27_, sysuser0_.address as address2_27_, sysuser0_.attent_count as attent_c3_27_, sysuser0_.birthday as birthday4_27_, sysuser0_.create_date as create_d5_27_, sysuser0_.email as email6_27_, sysuser0_.fan_count as fan_coun7_27_, sysuser0_.grade as grade8_27_, sysuser0_.group_count as group_co9_27_, sysuser0_.image as image10_27_, sysuser0_.introduce as introdu11_27_, sysuser0_.labour_union_id as labour_12_27_, sysuser0_.locked as locked13_27_, sysuser0_.nickname as nicknam14_27_, sysuser0_.password as passwor15_27_, sysuser0_.phone as phone16_27_, sysuser0_.points as points17_27_, sysuser0_.pre_login_date as pre_log18_27_, sysuser0_.real_name as real_na19_27_, sysuser0_.salt as salt20_27_, sysuser0_.sex as sex21_27_, sysuser0_.update_date as update_22_27_, sysuser0_.user_name as user_na23_27_ from sys_user sysuser0_ where sysuser0_.user_name=?
2018-07-02 11:11:10.905 DEBUG org.hibernate.SQL Line:92  - select *from sys_permission where pid=?  order by order_num ASC 
2018-07-02 11:11:10.955 DEBUG org.hibernate.SQL Line:92  - select *from sys_permission where pid=?  order by order_num ASC 
2018-07-02 11:11:10.995 DEBUG org.hibernate.SQL Line:92  - select *from sys_permission where pid=?  order by order_num ASC 
2018-07-02 11:11:11.045 DEBUG org.hibernate.SQL Line:92  - select *from sys_permission where pid=?  order by order_num ASC 
2018-07-02 11:11:11.085 DEBUG org.hibernate.SQL Line:92  - select *from sys_permission where pid=?  order by order_num ASC 
2018-07-02 11:11:11.125 DEBUG org.hibernate.SQL Line:92  - select *from sys_permission where pid=?  order by order_num ASC 
2018-07-02 11:11:11.175 DEBUG org.hibernate.SQL Line:92  - select *from sys_permission where pid=?  order by order_num ASC 
2018-07-02 11:11:11.215 DEBUG org.hibernate.SQL Line:92  - select *from sys_permission where pid=?  order by order_num ASC 
2018-07-02 11:11:11.255 DEBUG org.hibernate.SQL Line:92  - select *from sys_permission where pid=?  order by order_num ASC 
2018-07-02 11:11:11.303 DEBUG org.hibernate.SQL Line:92  - select *from sys_permission where pid=?  order by order_num ASC 
2018-07-02 11:11:11.339 DEBUG org.hibernate.SQL Line:92  - select *from sys_permission where pid=?  order by order_num ASC 
2018-07-02 11:11:11.390 DEBUG org.hibernate.SQL Line:92  - select *from sys_permission where pid=?  order by order_num ASC 
2018-07-02 11:11:11.438 DEBUG org.hibernate.SQL Line:92  - select *from sys_permission where pid=?  order by order_num ASC 
2018-07-02 11:11:11.477 DEBUG org.hibernate.SQL Line:92  - select *from sys_permission where pid=?  order by order_num ASC 
2018-07-02 11:11:11.517 DEBUG org.hibernate.SQL Line:92  - select *from sys_permission where pid=?  order by order_num ASC 
2018-07-02 11:11:11.567 DEBUG org.hibernate.SQL Line:92  - select *from sys_permission where pid=?  order by order_num ASC 
2018-07-02 11:11:11.627 DEBUG org.hibernate.SQL Line:92  -  select r.* from sys_user_role ur left join sys_role r on ur.role_id=r.id where ur.user_id=? 
2018-07-02 11:11:11.677 DEBUG org.hibernate.SQL Line:92  - select p.* from sys_permission p LEFT JOIN sys_role_permission rp on rp.permission_id=p.id where rp.role_id=? 
2018-07-02 11:24:00.256 DEBUG org.hibernate.SQL Line:92  - select sysuser0_.id as id1_27_, sysuser0_.address as address2_27_, sysuser0_.attent_count as attent_c3_27_, sysuser0_.birthday as birthday4_27_, sysuser0_.create_date as create_d5_27_, sysuser0_.email as email6_27_, sysuser0_.fan_count as fan_coun7_27_, sysuser0_.grade as grade8_27_, sysuser0_.group_count as group_co9_27_, sysuser0_.image as image10_27_, sysuser0_.introduce as introdu11_27_, sysuser0_.labour_union_id as labour_12_27_, sysuser0_.locked as locked13_27_, sysuser0_.nickname as nicknam14_27_, sysuser0_.password as passwor15_27_, sysuser0_.phone as phone16_27_, sysuser0_.points as points17_27_, sysuser0_.pre_login_date as pre_log18_27_, sysuser0_.real_name as real_na19_27_, sysuser0_.salt as salt20_27_, sysuser0_.sex as sex21_27_, sysuser0_.update_date as update_22_27_, sysuser0_.user_name as user_na23_27_ from sys_user sysuser0_ where sysuser0_.user_name=?
2018-07-02 11:24:00.965 DEBUG org.hibernate.SQL Line:92  - select *from sys_permission where pid=?  order by order_num ASC 
2018-07-02 11:24:01.567 DEBUG org.hibernate.SQL Line:92  - select *from sys_permission where pid=?  order by order_num ASC 
2018-07-02 11:24:02.047 DEBUG org.hibernate.SQL Line:92  - select *from sys_permission where pid=?  order by order_num ASC 
2018-07-02 11:24:02.549 DEBUG org.hibernate.SQL Line:92  - select *from sys_permission where pid=?  order by order_num ASC 
2018-07-02 11:24:03.010 DEBUG org.hibernate.SQL Line:92  - select *from sys_permission where pid=?  order by order_num ASC 
2018-07-02 11:24:03.570 DEBUG org.hibernate.SQL Line:92  - select *from sys_permission where pid=?  order by order_num ASC 
2018-07-02 11:24:04.026 DEBUG org.hibernate.SQL Line:92  - select *from sys_permission where pid=?  order by order_num ASC 
2018-07-02 11:24:04.086 DEBUG org.hibernate.SQL Line:92  - select *from sys_permission where pid=?  order by order_num ASC 
2018-07-02 11:24:04.156 DEBUG org.hibernate.SQL Line:92  - select *from sys_permission where pid=?  order by order_num ASC 
2018-07-02 11:24:04.276 DEBUG org.hibernate.SQL Line:92  - select *from sys_permission where pid=?  order by order_num ASC 
2018-07-02 11:24:04.316 DEBUG org.hibernate.SQL Line:92  - select *from sys_permission where pid=?  order by order_num ASC 
2018-07-02 11:24:04.366 DEBUG org.hibernate.SQL Line:92  - select *from sys_permission where pid=?  order by order_num ASC 
2018-07-02 11:24:04.898 DEBUG org.hibernate.SQL Line:92  - select *from sys_permission where pid=?  order by order_num ASC 
2018-07-02 11:24:05.381 DEBUG org.hibernate.SQL Line:92  - select *from sys_permission where pid=?  order by order_num ASC 
2018-07-02 11:24:05.781 DEBUG org.hibernate.SQL Line:92  - select *from sys_permission where pid=?  order by order_num ASC 
2018-07-02 11:24:06.183 DEBUG org.hibernate.SQL Line:92  - select *from sys_permission where pid=?  order by order_num ASC 
2018-07-02 11:24:07.206 DEBUG org.hibernate.SQL Line:92  -  select r.* from sys_user_role ur left join sys_role r on ur.role_id=r.id where ur.user_id=? 
2018-07-02 11:24:07.728 DEBUG org.hibernate.SQL Line:92  - select p.* from sys_permission p LEFT JOIN sys_role_permission rp on rp.permission_id=p.id where rp.role_id=? 
2018-07-02 11:41:36.023 DEBUG org.hibernate.SQL Line:92  - select *from sys_permission where pid=?  order by order_num ASC 
2018-07-02 11:41:36.085 DEBUG org.hibernate.SQL Line:92  - select *from sys_permission where pid=?  order by order_num ASC 
2018-07-02 11:41:36.148 DEBUG org.hibernate.SQL Line:92  - select *from sys_permission where pid=?  order by order_num ASC 
2018-07-02 11:41:36.196 DEBUG org.hibernate.SQL Line:92  - select *from sys_permission where pid=?  order by order_num ASC 
2018-07-02 11:41:36.257 DEBUG org.hibernate.SQL Line:92  - select *from sys_permission where pid=?  order by order_num ASC 
2018-07-02 11:41:36.306 DEBUG org.hibernate.SQL Line:92  - select *from sys_permission where pid=?  order by order_num ASC 
2018-07-02 11:41:36.357 DEBUG org.hibernate.SQL Line:92  - select *from sys_permission where pid=?  order by order_num ASC 
2018-07-02 11:41:36.405 DEBUG org.hibernate.SQL Line:92  - select *from sys_permission where pid=?  order by order_num ASC 
2018-07-02 11:41:36.466 DEBUG org.hibernate.SQL Line:92  - select *from sys_permission where pid=?  order by order_num ASC 
2018-07-02 11:41:36.516 DEBUG org.hibernate.SQL Line:92  - select *from sys_permission where pid=?  order by order_num ASC 
2018-07-02 11:41:36.571 DEBUG org.hibernate.SQL Line:92  - select *from sys_permission where pid=?  order by order_num ASC 
2018-07-02 11:41:36.621 DEBUG org.hibernate.SQL Line:92  - select *from sys_permission where pid=?  order by order_num ASC 
2018-07-02 11:41:36.670 DEBUG org.hibernate.SQL Line:92  - select *from sys_permission where pid=?  order by order_num ASC 
2018-07-02 11:41:36.719 DEBUG org.hibernate.SQL Line:92  - select *from sys_permission where pid=?  order by order_num ASC 
2018-07-02 11:41:36.773 DEBUG org.hibernate.SQL Line:92  - select *from sys_permission where pid=?  order by order_num ASC 
2018-07-02 11:41:36.822 DEBUG org.hibernate.SQL Line:92  - select *from sys_permission where pid=?  order by order_num ASC 
2018-07-02 11:41:36.904 DEBUG org.hibernate.SQL Line:92  -  select r.* from sys_user_role ur left join sys_role r on ur.role_id=r.id where ur.user_id=? 
2018-07-02 11:41:36.961 DEBUG org.hibernate.SQL Line:92  - select p.* from sys_permission p LEFT JOIN sys_role_permission rp on rp.permission_id=p.id where rp.role_id=? 
2018-07-02 11:42:13.949 DEBUG org.hibernate.SQL Line:92  - select *from sys_permission where pid=?  order by order_num ASC 
2018-07-02 11:42:13.997 DEBUG org.hibernate.SQL Line:92  - select *from sys_permission where pid=?  order by order_num ASC 
2018-07-02 11:42:14.057 DEBUG org.hibernate.SQL Line:92  - select *from sys_permission where pid=?  order by order_num ASC 
2018-07-02 11:42:14.113 DEBUG org.hibernate.SQL Line:92  - select *from sys_permission where pid=?  order by order_num ASC 
2018-07-02 11:42:14.182 DEBUG org.hibernate.SQL Line:92  - select *from sys_permission where pid=?  order by order_num ASC 
2018-07-02 11:42:14.235 DEBUG org.hibernate.SQL Line:92  - select *from sys_permission where pid=?  order by order_num ASC 
2018-07-02 11:42:14.293 DEBUG org.hibernate.SQL Line:92  - select *from sys_permission where pid=?  order by order_num ASC 
2018-07-02 11:42:14.347 DEBUG org.hibernate.SQL Line:92  - select *from sys_permission where pid=?  order by order_num ASC 
2018-07-02 11:42:14.409 DEBUG org.hibernate.SQL Line:92  - select *from sys_permission where pid=?  order by order_num ASC 
2018-07-02 11:42:14.455 DEBUG org.hibernate.SQL Line:92  - select *from sys_permission where pid=?  order by order_num ASC 
2018-07-02 11:42:14.503 DEBUG org.hibernate.SQL Line:92  - select *from sys_permission where pid=?  order by order_num ASC 
2018-07-02 11:42:14.551 DEBUG org.hibernate.SQL Line:92  - select *from sys_permission where pid=?  order by order_num ASC 
2018-07-02 11:42:14.616 DEBUG org.hibernate.SQL Line:92  - select *from sys_permission where pid=?  order by order_num ASC 
2018-07-02 11:42:14.662 DEBUG org.hibernate.SQL Line:92  - select *from sys_permission where pid=?  order by order_num ASC 
2018-07-02 11:42:14.720 DEBUG org.hibernate.SQL Line:92  - select *from sys_permission where pid=?  order by order_num ASC 
2018-07-02 11:42:14.769 DEBUG org.hibernate.SQL Line:92  - select *from sys_permission where pid=?  order by order_num ASC 
2018-07-02 12:11:53.392 DEBUG org.hibernate.SQL Line:92  - select sysuser0_.id as id1_28_, sysuser0_.address as address2_28_, sysuser0_.attent_count as attent_c3_28_, sysuser0_.birthday as birthday4_28_, sysuser0_.create_date as create_d5_28_, sysuser0_.email as email6_28_, sysuser0_.fan_count as fan_coun7_28_, sysuser0_.grade as grade8_28_, sysuser0_.group_count as group_co9_28_, sysuser0_.image as image10_28_, sysuser0_.introduce as introdu11_28_, sysuser0_.labour_union_id as labour_12_28_, sysuser0_.locked as locked13_28_, sysuser0_.nickname as nicknam14_28_, sysuser0_.password as passwor15_28_, sysuser0_.phone as phone16_28_, sysuser0_.points as points17_28_, sysuser0_.pre_login_date as pre_log18_28_, sysuser0_.real_name as real_na19_28_, sysuser0_.salt as salt20_28_, sysuser0_.sex as sex21_28_, sysuser0_.update_date as update_22_28_, sysuser0_.user_name as user_na23_28_ from sys_user sysuser0_ where sysuser0_.user_name=?
2018-07-02 12:11:53.618 DEBUG org.hibernate.SQL Line:92  - select *from sys_permission where pid=?  order by order_num ASC 
2018-07-02 12:11:53.925 DEBUG org.hibernate.SQL Line:92  - select *from sys_permission where pid=?  order by order_num ASC 
2018-07-02 12:11:54.001 DEBUG org.hibernate.SQL Line:92  - select *from sys_permission where pid=?  order by order_num ASC 
2018-07-02 12:11:54.070 DEBUG org.hibernate.SQL Line:92  - select *from sys_permission where pid=?  order by order_num ASC 
2018-07-02 12:11:54.132 DEBUG org.hibernate.SQL Line:92  - select *from sys_permission where pid=?  order by order_num ASC 
2018-07-02 12:11:54.178 DEBUG org.hibernate.SQL Line:92  - select *from sys_permission where pid=?  order by order_num ASC 
2018-07-02 12:11:54.228 DEBUG org.hibernate.SQL Line:92  - select *from sys_permission where pid=?  order by order_num ASC 
2018-07-02 12:11:54.276 DEBUG org.hibernate.SQL Line:92  - select *from sys_permission where pid=?  order by order_num ASC 
2018-07-02 12:11:54.324 DEBUG org.hibernate.SQL Line:92  - select *from sys_permission where pid=?  order by order_num ASC 
2018-07-02 12:11:54.377 DEBUG org.hibernate.SQL Line:92  - select *from sys_permission where pid=?  order by order_num ASC 
2018-07-02 12:11:54.425 DEBUG org.hibernate.SQL Line:92  - select *from sys_permission where pid=?  order by order_num ASC 
2018-07-02 12:11:54.470 DEBUG org.hibernate.SQL Line:92  - select *from sys_permission where pid=?  order by order_num ASC 
2018-07-02 12:11:54.522 DEBUG org.hibernate.SQL Line:92  - select *from sys_permission where pid=?  order by order_num ASC 
2018-07-02 12:11:54.591 DEBUG org.hibernate.SQL Line:92  - select *from sys_permission where pid=?  order by order_num ASC 
2018-07-02 12:11:54.643 DEBUG org.hibernate.SQL Line:92  - select *from sys_permission where pid=?  order by order_num ASC 
2018-07-02 12:11:54.692 DEBUG org.hibernate.SQL Line:92  - select *from sys_permission where pid=?  order by order_num ASC 
2018-07-02 12:11:55.432 DEBUG org.hibernate.SQL Line:92  -  select r.* from sys_user_role ur left join sys_role r on ur.role_id=r.id where ur.user_id=? 
2018-07-02 12:11:55.478 DEBUG org.hibernate.SQL Line:92  - select p.* from sys_permission p LEFT JOIN sys_role_permission rp on rp.permission_id=p.id where rp.role_id=? 
2018-07-02 12:12:21.979 DEBUG org.hibernate.SQL Line:92  - select *from sys_permission where pid=?  order by order_num ASC 
2018-07-02 12:12:22.031 DEBUG org.hibernate.SQL Line:92  - select *from sys_permission where pid=?  order by order_num ASC 
2018-07-02 12:12:22.089 DEBUG org.hibernate.SQL Line:92  - select *from sys_permission where pid=?  order by order_num ASC 
2018-07-02 12:12:22.137 DEBUG org.hibernate.SQL Line:92  - select *from sys_permission where pid=?  order by order_num ASC 
2018-07-02 12:12:22.191 DEBUG org.hibernate.SQL Line:92  - select *from sys_permission where pid=?  order by order_num ASC 
2018-07-02 12:12:22.247 DEBUG org.hibernate.SQL Line:92  - select *from sys_permission where pid=?  order by order_num ASC 
2018-07-02 12:12:22.292 DEBUG org.hibernate.SQL Line:92  - select *from sys_permission where pid=?  order by order_num ASC 
2018-07-02 12:12:22.352 DEBUG org.hibernate.SQL Line:92  - select *from sys_permission where pid=?  order by order_num ASC 
2018-07-02 12:12:22.406 DEBUG org.hibernate.SQL Line:92  - select *from sys_permission where pid=?  order by order_num ASC 
2018-07-02 12:12:22.454 DEBUG org.hibernate.SQL Line:92  - select *from sys_permission where pid=?  order by order_num ASC 
2018-07-02 12:12:22.502 DEBUG org.hibernate.SQL Line:92  - select *from sys_permission where pid=?  order by order_num ASC 
2018-07-02 12:12:22.552 DEBUG org.hibernate.SQL Line:92  - select *from sys_permission where pid=?  order by order_num ASC 
2018-07-02 12:12:22.607 DEBUG org.hibernate.SQL Line:92  - select *from sys_permission where pid=?  order by order_num ASC 
2018-07-02 12:12:22.649 DEBUG org.hibernate.SQL Line:92  - select *from sys_permission where pid=?  order by order_num ASC 
2018-07-02 12:12:22.710 DEBUG org.hibernate.SQL Line:92  - select *from sys_permission where pid=?  order by order_num ASC 
2018-07-02 12:12:22.775 DEBUG org.hibernate.SQL Line:92  - select *from sys_permission where pid=?  order by order_num ASC 
2018-07-02 12:12:49.218 DEBUG org.hibernate.SQL Line:92  - select *from sys_permission where pid=?  order by order_num ASC 
2018-07-02 12:12:49.267 DEBUG org.hibernate.SQL Line:92  - select *from sys_permission where pid=?  order by order_num ASC 
2018-07-02 12:12:49.312 DEBUG org.hibernate.SQL Line:92  - select *from sys_permission where pid=?  order by order_num ASC 
2018-07-02 12:12:49.353 DEBUG org.hibernate.SQL Line:92  - select *from sys_permission where pid=?  order by order_num ASC 
2018-07-02 12:12:49.412 DEBUG org.hibernate.SQL Line:92  - select *from sys_permission where pid=?  order by order_num ASC 
2018-07-02 12:12:49.466 DEBUG org.hibernate.SQL Line:92  - select *from sys_permission where pid=?  order by order_num ASC 
2018-07-02 12:12:49.550 DEBUG org.hibernate.SQL Line:92  - select *from sys_permission where pid=?  order by order_num ASC 
2018-07-02 12:12:49.603 DEBUG org.hibernate.SQL Line:92  - select *from sys_permission where pid=?  order by order_num ASC 
2018-07-02 12:12:49.713 DEBUG org.hibernate.SQL Line:92  - select *from sys_permission where pid=?  order by order_num ASC 
2018-07-02 12:12:49.765 DEBUG org.hibernate.SQL Line:92  - select *from sys_permission where pid=?  order by order_num ASC 
2018-07-02 12:12:49.807 DEBUG org.hibernate.SQL Line:92  - select *from sys_permission where pid=?  order by order_num ASC 
2018-07-02 12:12:49.854 DEBUG org.hibernate.SQL Line:92  - select *from sys_permission where pid=?  order by order_num ASC 
2018-07-02 12:12:49.897 DEBUG org.hibernate.SQL Line:92  - select *from sys_permission where pid=?  order by order_num ASC 
2018-07-02 12:12:49.943 DEBUG org.hibernate.SQL Line:92  - select *from sys_permission where pid=?  order by order_num ASC 
2018-07-02 12:12:49.990 DEBUG org.hibernate.SQL Line:92  - select *from sys_permission where pid=?  order by order_num ASC 
2018-07-02 12:12:50.078 DEBUG org.hibernate.SQL Line:92  - select *from sys_permission where pid=?  order by order_num ASC 
2018-07-02 12:12:59.441 DEBUG org.hibernate.SQL Line:92  - select *from sys_permission where pid=?  order by order_num ASC 
2018-07-02 12:12:59.487 DEBUG org.hibernate.SQL Line:92  - select *from sys_permission where pid=?  order by order_num ASC 
2018-07-02 12:12:59.535 DEBUG org.hibernate.SQL Line:92  - select *from sys_permission where pid=?  order by order_num ASC 
2018-07-02 12:12:59.595 DEBUG org.hibernate.SQL Line:92  - select *from sys_permission where pid=?  order by order_num ASC 
2018-07-02 12:12:59.676 DEBUG org.hibernate.SQL Line:92  - select *from sys_permission where pid=?  order by order_num ASC 
2018-07-02 12:12:59.764 DEBUG org.hibernate.SQL Line:92  - select *from sys_permission where pid=?  order by order_num ASC 
2018-07-02 12:12:59.830 DEBUG org.hibernate.SQL Line:92  - select *from sys_permission where pid=?  order by order_num ASC 
2018-07-02 12:12:59.888 DEBUG org.hibernate.SQL Line:92  - select *from sys_permission where pid=?  order by order_num ASC 
2018-07-02 12:12:59.966 DEBUG org.hibernate.SQL Line:92  - select *from sys_permission where pid=?  order by order_num ASC 
2018-07-02 12:13:00.029 DEBUG org.hibernate.SQL Line:92  - select *from sys_permission where pid=?  order by order_num ASC 
2018-07-02 12:13:00.084 DEBUG org.hibernate.SQL Line:92  - select *from sys_permission where pid=?  order by order_num ASC 
2018-07-02 12:13:00.144 DEBUG org.hibernate.SQL Line:92  - select *from sys_permission where pid=?  order by order_num ASC 
2018-07-02 12:13:00.188 DEBUG org.hibernate.SQL Line:92  - select *from sys_permission where pid=?  order by order_num ASC 
2018-07-02 12:13:00.239 DEBUG org.hibernate.SQL Line:92  - select *from sys_permission where pid=?  order by order_num ASC 
2018-07-02 12:13:00.285 DEBUG org.hibernate.SQL Line:92  - select *from sys_permission where pid=?  order by order_num ASC 
2018-07-02 12:13:00.331 DEBUG org.hibernate.SQL Line:92  - select *from sys_permission where pid=?  order by order_num ASC 
2018-07-02 12:14:32.699 DEBUG org.hibernate.SQL Line:92  - select *from sys_permission where pid=?  order by order_num ASC 
2018-07-02 12:14:32.742 DEBUG org.hibernate.SQL Line:92  - select *from sys_permission where pid=?  order by order_num ASC 
2018-07-02 12:14:32.784 DEBUG org.hibernate.SQL Line:92  - select *from sys_permission where pid=?  order by order_num ASC 
2018-07-02 12:14:32.827 DEBUG org.hibernate.SQL Line:92  - select *from sys_permission where pid=?  order by order_num ASC 
2018-07-02 12:14:32.872 DEBUG org.hibernate.SQL Line:92  - select *from sys_permission where pid=?  order by order_num ASC 
2018-07-02 12:14:32.923 DEBUG org.hibernate.SQL Line:92  - select *from sys_permission where pid=?  order by order_num ASC 
2018-07-02 12:14:32.966 DEBUG org.hibernate.SQL Line:92  - select *from sys_permission where pid=?  order by order_num ASC 
2018-07-02 12:14:33.007 DEBUG org.hibernate.SQL Line:92  - select *from sys_permission where pid=?  order by order_num ASC 
2018-07-02 12:14:33.053 DEBUG org.hibernate.SQL Line:92  - select *from sys_permission where pid=?  order by order_num ASC 
2018-07-02 12:14:33.101 DEBUG org.hibernate.SQL Line:92  - select *from sys_permission where pid=?  order by order_num ASC 
2018-07-02 12:14:33.158 DEBUG org.hibernate.SQL Line:92  - select *from sys_permission where pid=?  order by order_num ASC 
2018-07-02 12:14:33.201 DEBUG org.hibernate.SQL Line:92  - select *from sys_permission where pid=?  order by order_num ASC 
2018-07-02 12:14:33.245 DEBUG org.hibernate.SQL Line:92  - select *from sys_permission where pid=?  order by order_num ASC 
2018-07-02 12:14:33.315 DEBUG org.hibernate.SQL Line:92  - select *from sys_permission where pid=?  order by order_num ASC 
2018-07-02 12:14:33.374 DEBUG org.hibernate.SQL Line:92  - select *from sys_permission where pid=?  order by order_num ASC 
2018-07-02 12:14:33.426 DEBUG org.hibernate.SQL Line:92  - select *from sys_permission where pid=?  order by order_num ASC 
2018-07-02 12:14:33.499 DEBUG org.hibernate.SQL Line:92  -  select r.* from sys_user_role ur left join sys_role r on ur.role_id=r.id where ur.user_id=? 
2018-07-02 12:14:33.544 DEBUG org.hibernate.SQL Line:92  - select p.* from sys_permission p LEFT JOIN sys_role_permission rp on rp.permission_id=p.id where rp.role_id=? 
2018-07-02 12:15:20.979 DEBUG org.hibernate.SQL Line:92  - select *from sys_permission where pid=?  order by order_num ASC 
2018-07-02 12:15:21.027 DEBUG org.hibernate.SQL Line:92  - select *from sys_permission where pid=?  order by order_num ASC 
2018-07-02 12:15:21.070 DEBUG org.hibernate.SQL Line:92  - select *from sys_permission where pid=?  order by order_num ASC 
2018-07-02 12:15:21.114 DEBUG org.hibernate.SQL Line:92  - select *from sys_permission where pid=?  order by order_num ASC 
2018-07-02 12:15:21.156 DEBUG org.hibernate.SQL Line:92  - select *from sys_permission where pid=?  order by order_num ASC 
2018-07-02 12:15:21.255 DEBUG org.hibernate.SQL Line:92  - select *from sys_permission where pid=?  order by order_num ASC 
2018-07-02 12:15:21.328 DEBUG org.hibernate.SQL Line:92  - select *from sys_permission where pid=?  order by order_num ASC 
2018-07-02 12:15:21.373 DEBUG org.hibernate.SQL Line:92  - select *from sys_permission where pid=?  order by order_num ASC 
2018-07-02 12:15:21.415 DEBUG org.hibernate.SQL Line:92  - select *from sys_permission where pid=?  order by order_num ASC 
2018-07-02 12:15:21.457 DEBUG org.hibernate.SQL Line:92  - select *from sys_permission where pid=?  order by order_num ASC 
2018-07-02 12:15:21.506 DEBUG org.hibernate.SQL Line:92  - select *from sys_permission where pid=?  order by order_num ASC 
2018-07-02 12:15:21.567 DEBUG org.hibernate.SQL Line:92  - select *from sys_permission where pid=?  order by order_num ASC 
2018-07-02 12:15:21.623 DEBUG org.hibernate.SQL Line:92  - select *from sys_permission where pid=?  order by order_num ASC 
2018-07-02 12:15:21.671 DEBUG org.hibernate.SQL Line:92  - select *from sys_permission where pid=?  order by order_num ASC 
2018-07-02 12:15:21.715 DEBUG org.hibernate.SQL Line:92  - select *from sys_permission where pid=?  order by order_num ASC 
2018-07-02 12:15:21.761 DEBUG org.hibernate.SQL Line:92  - select *from sys_permission where pid=?  order by order_num ASC 
2018-07-02 12:15:26.419 DEBUG org.hibernate.SQL Line:92  -  select distinct t.*  from daily t where 1=1  limit ?, ? 
2018-07-02 12:15:26.452 DEBUG org.hibernate.SQL Line:92  -  select count(1)  from daily t where 1=1 
2018-07-02 12:16:42.147 DEBUG org.hibernate.SQL Line:92  -  select distinct t.*  from daily t where 1=1  limit ?, ? 
2018-07-02 12:21:20.475 DEBUG org.hibernate.SQL Line:92  - select sysuser0_.id as id1_28_, sysuser0_.address as address2_28_, sysuser0_.attent_count as attent_c3_28_, sysuser0_.birthday as birthday4_28_, sysuser0_.create_date as create_d5_28_, sysuser0_.email as email6_28_, sysuser0_.fan_count as fan_coun7_28_, sysuser0_.grade as grade8_28_, sysuser0_.group_count as group_co9_28_, sysuser0_.image as image10_28_, sysuser0_.introduce as introdu11_28_, sysuser0_.labour_union_id as labour_12_28_, sysuser0_.locked as locked13_28_, sysuser0_.nickname as nicknam14_28_, sysuser0_.password as passwor15_28_, sysuser0_.phone as phone16_28_, sysuser0_.points as points17_28_, sysuser0_.pre_login_date as pre_log18_28_, sysuser0_.real_name as real_na19_28_, sysuser0_.salt as salt20_28_, sysuser0_.sex as sex21_28_, sysuser0_.update_date as update_22_28_, sysuser0_.user_name as user_na23_28_ from sys_user sysuser0_ where sysuser0_.user_name=?
2018-07-02 12:21:20.684 DEBUG org.hibernate.SQL Line:92  - select *from sys_permission where pid=?  order by order_num ASC 
2018-07-02 12:21:20.918 DEBUG org.hibernate.SQL Line:92  - select *from sys_permission where pid=?  order by order_num ASC 
2018-07-02 12:21:20.979 DEBUG org.hibernate.SQL Line:92  - select *from sys_permission where pid=?  order by order_num ASC 
2018-07-02 12:21:21.033 DEBUG org.hibernate.SQL Line:92  - select *from sys_permission where pid=?  order by order_num ASC 
2018-07-02 12:21:21.086 DEBUG org.hibernate.SQL Line:92  - select *from sys_permission where pid=?  order by order_num ASC 
2018-07-02 12:21:21.142 DEBUG org.hibernate.SQL Line:92  - select *from sys_permission where pid=?  order by order_num ASC 
2018-07-02 12:21:21.195 DEBUG org.hibernate.SQL Line:92  - select *from sys_permission where pid=?  order by order_num ASC 
2018-07-02 12:21:21.262 DEBUG org.hibernate.SQL Line:92  - select *from sys_permission where pid=?  order by order_num ASC 
2018-07-02 12:21:21.327 DEBUG org.hibernate.SQL Line:92  - select *from sys_permission where pid=?  order by order_num ASC 
2018-07-02 12:21:21.395 DEBUG org.hibernate.SQL Line:92  - select *from sys_permission where pid=?  order by order_num ASC 
2018-07-02 12:21:21.468 DEBUG org.hibernate.SQL Line:92  - select *from sys_permission where pid=?  order by order_num ASC 
2018-07-02 12:21:21.524 DEBUG org.hibernate.SQL Line:92  - select *from sys_permission where pid=?  order by order_num ASC 
2018-07-02 12:21:21.591 DEBUG org.hibernate.SQL Line:92  - select *from sys_permission where pid=?  order by order_num ASC 
2018-07-02 12:21:21.647 DEBUG org.hibernate.SQL Line:92  - select *from sys_permission where pid=?  order by order_num ASC 
2018-07-02 12:21:21.745 DEBUG org.hibernate.SQL Line:92  - select *from sys_permission where pid=?  order by order_num ASC 
2018-07-02 12:21:21.799 DEBUG org.hibernate.SQL Line:92  - select *from sys_permission where pid=?  order by order_num ASC 
2018-07-02 12:21:22.517 DEBUG org.hibernate.SQL Line:92  -  select r.* from sys_user_role ur left join sys_role r on ur.role_id=r.id where ur.user_id=? 
2018-07-02 12:21:22.573 DEBUG org.hibernate.SQL Line:92  - select p.* from sys_permission p LEFT JOIN sys_role_permission rp on rp.permission_id=p.id where rp.role_id=? 
2018-07-02 12:21:29.363 DEBUG org.hibernate.SQL Line:92  -  select distinct t.*  from daily t where 1=1  limit ?, ? 
2018-07-02 12:23:54.866 DEBUG org.hibernate.SQL Line:92  - select sysuser0_.id as id1_28_, sysuser0_.address as address2_28_, sysuser0_.attent_count as attent_c3_28_, sysuser0_.birthday as birthday4_28_, sysuser0_.create_date as create_d5_28_, sysuser0_.email as email6_28_, sysuser0_.fan_count as fan_coun7_28_, sysuser0_.grade as grade8_28_, sysuser0_.group_count as group_co9_28_, sysuser0_.image as image10_28_, sysuser0_.introduce as introdu11_28_, sysuser0_.labour_union_id as labour_12_28_, sysuser0_.locked as locked13_28_, sysuser0_.nickname as nicknam14_28_, sysuser0_.password as passwor15_28_, sysuser0_.phone as phone16_28_, sysuser0_.points as points17_28_, sysuser0_.pre_login_date as pre_log18_28_, sysuser0_.real_name as real_na19_28_, sysuser0_.salt as salt20_28_, sysuser0_.sex as sex21_28_, sysuser0_.update_date as update_22_28_, sysuser0_.user_name as user_na23_28_ from sys_user sysuser0_ where sysuser0_.user_name=?
2018-07-02 12:23:55.060 DEBUG org.hibernate.SQL Line:92  - select *from sys_permission where pid=?  order by order_num ASC 
2018-07-02 12:23:55.290 DEBUG org.hibernate.SQL Line:92  - select *from sys_permission where pid=?  order by order_num ASC 
2018-07-02 12:23:55.340 DEBUG org.hibernate.SQL Line:92  - select *from sys_permission where pid=?  order by order_num ASC 
2018-07-02 12:23:55.412 DEBUG org.hibernate.SQL Line:92  - select *from sys_permission where pid=?  order by order_num ASC 
2018-07-02 12:23:55.458 DEBUG org.hibernate.SQL Line:92  - select *from sys_permission where pid=?  order by order_num ASC 
2018-07-02 12:23:55.507 DEBUG org.hibernate.SQL Line:92  - select *from sys_permission where pid=?  order by order_num ASC 
2018-07-02 12:23:55.557 DEBUG org.hibernate.SQL Line:92  - select *from sys_permission where pid=?  order by order_num ASC 
2018-07-02 12:23:55.602 DEBUG org.hibernate.SQL Line:92  - select *from sys_permission where pid=?  order by order_num ASC 
2018-07-02 12:23:55.661 DEBUG org.hibernate.SQL Line:92  - select *from sys_permission where pid=?  order by order_num ASC 
2018-07-02 12:23:55.709 DEBUG org.hibernate.SQL Line:92  - select *from sys_permission where pid=?  order by order_num ASC 
2018-07-02 12:23:55.759 DEBUG org.hibernate.SQL Line:92  - select *from sys_permission where pid=?  order by order_num ASC 
2018-07-02 12:23:55.832 DEBUG org.hibernate.SQL Line:92  - select *from sys_permission where pid=?  order by order_num ASC 
2018-07-02 12:23:55.875 DEBUG org.hibernate.SQL Line:92  - select *from sys_permission where pid=?  order by order_num ASC 
2018-07-02 12:23:55.928 DEBUG org.hibernate.SQL Line:92  - select *from sys_permission where pid=?  order by order_num ASC 
2018-07-02 12:23:55.980 DEBUG org.hibernate.SQL Line:92  - select *from sys_permission where pid=?  order by order_num ASC 
2018-07-02 12:23:56.028 DEBUG org.hibernate.SQL Line:92  - select *from sys_permission where pid=?  order by order_num ASC 
2018-07-02 12:23:56.708 DEBUG org.hibernate.SQL Line:92  -  select r.* from sys_user_role ur left join sys_role r on ur.role_id=r.id where ur.user_id=? 
2018-07-02 12:23:56.755 DEBUG org.hibernate.SQL Line:92  - select p.* from sys_permission p LEFT JOIN sys_role_permission rp on rp.permission_id=p.id where rp.role_id=? 
2018-07-02 12:23:59.380 DEBUG org.hibernate.SQL Line:92  -  select distinct t.*  from daily t where 1=1  limit ?, ? 
2018-07-02 12:23:59.394 DEBUG org.hibernate.SQL Line:92  -  select count(1)  from daily t where 1=1 
2018-07-02 18:49:50.367 DEBUG org.hibernate.SQL Line:92  - select sysuser0_.id as id1_28_, sysuser0_.address as address2_28_, sysuser0_.attent_count as attent_c3_28_, sysuser0_.birthday as birthday4_28_, sysuser0_.create_date as create_d5_28_, sysuser0_.email as email6_28_, sysuser0_.fan_count as fan_coun7_28_, sysuser0_.grade as grade8_28_, sysuser0_.group_count as group_co9_28_, sysuser0_.image as image10_28_, sysuser0_.introduce as introdu11_28_, sysuser0_.labour_union_id as labour_12_28_, sysuser0_.locked as locked13_28_, sysuser0_.nickname as nicknam14_28_, sysuser0_.password as passwor15_28_, sysuser0_.phone as phone16_28_, sysuser0_.points as points17_28_, sysuser0_.pre_login_date as pre_log18_28_, sysuser0_.real_name as real_na19_28_, sysuser0_.salt as salt20_28_, sysuser0_.sex as sex21_28_, sysuser0_.update_date as update_22_28_, sysuser0_.user_name as user_na23_28_ from sys_user sysuser0_ where sysuser0_.user_name=?
2018-07-02 18:49:50.617 DEBUG org.hibernate.SQL Line:92  - select *from sys_permission where pid=?  order by order_num ASC 
2018-07-02 18:49:50.906 DEBUG org.hibernate.SQL Line:92  - select *from sys_permission where pid=?  order by order_num ASC 
2018-07-02 18:49:50.957 DEBUG org.hibernate.SQL Line:92  - select *from sys_permission where pid=?  order by order_num ASC 
2018-07-02 18:49:51.015 DEBUG org.hibernate.SQL Line:92  - select *from sys_permission where pid=?  order by order_num ASC 
2018-07-02 18:49:51.067 DEBUG org.hibernate.SQL Line:92  - select *from sys_permission where pid=?  order by order_num ASC 
2018-07-02 18:49:51.117 DEBUG org.hibernate.SQL Line:92  - select *from sys_permission where pid=?  order by order_num ASC 
2018-07-02 18:49:51.169 DEBUG org.hibernate.SQL Line:92  - select *from sys_permission where pid=?  order by order_num ASC 
2018-07-02 18:49:51.227 DEBUG org.hibernate.SQL Line:92  - select *from sys_permission where pid=?  order by order_num ASC 
2018-07-02 18:49:51.280 DEBUG org.hibernate.SQL Line:92  - select *from sys_permission where pid=?  order by order_num ASC 
2018-07-02 18:49:51.340 DEBUG org.hibernate.SQL Line:92  - select *from sys_permission where pid=?  order by order_num ASC 
2018-07-02 18:49:51.395 DEBUG org.hibernate.SQL Line:92  - select *from sys_permission where pid=?  order by order_num ASC 
2018-07-02 18:49:51.449 DEBUG org.hibernate.SQL Line:92  - select *from sys_permission where pid=?  order by order_num ASC 
2018-07-02 18:49:51.509 DEBUG org.hibernate.SQL Line:92  - select *from sys_permission where pid=?  order by order_num ASC 
2018-07-02 18:49:51.567 DEBUG org.hibernate.SQL Line:92  - select *from sys_permission where pid=?  order by order_num ASC 
2018-07-02 18:49:51.617 DEBUG org.hibernate.SQL Line:92  - select *from sys_permission where pid=?  order by order_num ASC 
2018-07-02 18:49:51.679 DEBUG org.hibernate.SQL Line:92  - select *from sys_permission where pid=?  order by order_num ASC 
2018-07-02 18:49:52.544 DEBUG org.hibernate.SQL Line:92  -  select r.* from sys_user_role ur left join sys_role r on ur.role_id=r.id where ur.user_id=? 
2018-07-02 18:49:52.599 DEBUG org.hibernate.SQL Line:92  - select p.* from sys_permission p LEFT JOIN sys_role_permission rp on rp.permission_id=p.id where rp.role_id=? 
2018-07-02 18:50:06.829 DEBUG org.hibernate.SQL Line:92  -  select distinct t.*  from sys_role t where 1=1  order by order_num asc limit ?, ? 
2018-07-02 18:50:06.846 DEBUG org.hibernate.SQL Line:92  -  select count(1)  from sys_role t where 1=1  order by order_num asc 
2018-07-02 18:50:10.137 DEBUG org.hibernate.SQL Line:92  - select sysrole0_.id as id1_26_0_, sysrole0_.create_date as create_d2_26_0_, sysrole0_.description as descript3_26_0_, sysrole0_.name as name4_26_0_, sysrole0_.order_num as order_nu5_26_0_, sysrole0_.update_date as update_d6_26_0_ from sys_role sysrole0_ where sysrole0_.id=?
2018-07-02 18:50:10.962 DEBUG org.hibernate.SQL Line:92  - select * from sys_permission p where 1=1 order by order_num ASC 
2018-07-02 18:50:11.225 DEBUG org.hibernate.SQL Line:92  - select * from sys_role_permission s where s.role_id=? 
2018-07-02 18:50:18.893 DEBUG org.hibernate.SQL Line:92  -  select distinct t.*  from sys_user t where 1=1  and t.user_name like ?  limit ?, ? 
2018-07-02 18:50:18.911 DEBUG org.hibernate.SQL Line:92  -  select count(1)  from sys_user t where 1=1  and t.user_name like ? 
2018-07-02 18:50:22.130 DEBUG org.hibernate.SQL Line:92  - select sysuser0_.id as id1_28_0_, sysuser0_.address as address2_28_0_, sysuser0_.attent_count as attent_c3_28_0_, sysuser0_.birthday as birthday4_28_0_, sysuser0_.create_date as create_d5_28_0_, sysuser0_.email as email6_28_0_, sysuser0_.fan_count as fan_coun7_28_0_, sysuser0_.grade as grade8_28_0_, sysuser0_.group_count as group_co9_28_0_, sysuser0_.image as image10_28_0_, sysuser0_.introduce as introdu11_28_0_, sysuser0_.labour_union_id as labour_12_28_0_, sysuser0_.locked as locked13_28_0_, sysuser0_.nickname as nicknam14_28_0_, sysuser0_.password as passwor15_28_0_, sysuser0_.phone as phone16_28_0_, sysuser0_.points as points17_28_0_, sysuser0_.pre_login_date as pre_log18_28_0_, sysuser0_.real_name as real_na19_28_0_, sysuser0_.salt as salt20_28_0_, sysuser0_.sex as sex21_28_0_, sysuser0_.update_date as update_22_28_0_, sysuser0_.user_name as user_na23_28_0_ from sys_user sysuser0_ where sysuser0_.id=?
2018-07-02 18:50:22.215 DEBUG org.hibernate.SQL Line:92  -  select r.* from sys_user_role ur left join sys_role r on ur.role_id=r.id where ur.user_id=? 
2018-07-02 18:50:22.314 DEBUG org.hibernate.SQL Line:92  - select sysrole0_.id as id1_26_, sysrole0_.create_date as create_d2_26_, sysrole0_.description as descript3_26_, sysrole0_.name as name4_26_, sysrole0_.order_num as order_nu5_26_, sysrole0_.update_date as update_d6_26_ from sys_role sysrole0_ where 1=1
2018-07-02 18:50:32.061 DEBUG org.hibernate.SQL Line:92  -  select distinct t.*  from sys_role t where 1=1  order by order_num asc limit ?, ? 
2018-07-02 18:50:32.077 DEBUG org.hibernate.SQL Line:92  -  select count(1)  from sys_role t where 1=1  order by order_num asc 
2018-07-02 18:50:34.435 DEBUG org.hibernate.SQL Line:92  - select * from sys_permission p where 1=1 order by order_num ASC 
2018-07-02 18:50:34.551 DEBUG org.hibernate.SQL Line:92  - select * from sys_role_permission s where s.role_id=? 
2018-07-02 18:51:08.781 DEBUG org.hibernate.SQL Line:92  - insert into sys_role (create_date, description, name, order_num, update_date, id) values (?, ?, ?, ?, ?, ?)
2018-07-02 18:51:08.878 DEBUG org.hibernate.SQL Line:92  - insert into sys_role_permission (permission_id, role_id, id) values (?, ?, ?)
2018-07-02 18:51:08.894 DEBUG org.hibernate.SQL Line:92  - insert into sys_role_permission (permission_id, role_id, id) values (?, ?, ?)
2018-07-02 18:51:08.913 DEBUG org.hibernate.SQL Line:92  - insert into sys_role_permission (permission_id, role_id, id) values (?, ?, ?)
2018-07-02 18:51:08.928 DEBUG org.hibernate.SQL Line:92  - insert into sys_role_permission (permission_id, role_id, id) values (?, ?, ?)
2018-07-02 18:51:09.009 DEBUG org.hibernate.SQL Line:92  -  select distinct t.*  from sys_role t where 1=1  order by order_num asc limit ?, ? 
2018-07-02 18:51:09.027 DEBUG org.hibernate.SQL Line:92  -  select count(1)  from sys_role t where 1=1  order by order_num asc 
2018-07-02 18:51:13.566 DEBUG org.hibernate.SQL Line:92  -  select distinct t.*  from sys_user t where 1=1  and t.user_name like ?  limit ?, ? 
2018-07-02 18:51:13.583 DEBUG org.hibernate.SQL Line:92  -  select count(1)  from sys_user t where 1=1  and t.user_name like ? 
2018-07-02 18:51:17.653 DEBUG org.hibernate.SQL Line:92  - select sysrole0_.id as id1_26_, sysrole0_.create_date as create_d2_26_, sysrole0_.description as descript3_26_, sysrole0_.name as name4_26_, sysrole0_.order_num as order_nu5_26_, sysrole0_.update_date as update_d6_26_ from sys_role sysrole0_ where 1=1
2018-07-02 18:51:18.707 DEBUG org.hibernate.SQL Line:92  - select mfworkunit0_.id as id1_23_, mfworkunit0_.creation_time as creation2_23_, mfworkunit0_.p_id as p_id3_23_, mfworkunit0_.type as type4_23_, mfworkunit0_.work_units as work_uni5_23_ from mf_work_units mfworkunit0_
2018-07-02 18:51:28.759 DEBUG org.hibernate.SQL Line:92  - select count(*) as col_0_0_ from sys_user sysuser0_ where sysuser0_.user_name=?
2018-07-02 18:51:49.012 DEBUG org.hibernate.SQL Line:92  - insert into sys_user (address, attent_count, birthday, create_date, email, fan_count, grade, group_count, image, introduce, labour_union_id, locked, nickname, password, phone, points, pre_login_date, real_name, salt, sex, update_date, user_name, id) values (?, ?, ?, ?, ?, ?, ?, ?, ?, ?, ?, ?, ?, ?, ?, ?, ?, ?, ?, ?, ?, ?, ?)
2018-07-02 18:51:49.089 DEBUG org.hibernate.SQL Line:92  - insert into sys_user_role (role_id, user_id, id) values (?, ?, ?)
2018-07-02 18:51:49.153 DEBUG org.hibernate.SQL Line:92  -  select distinct t.*  from sys_user t where 1=1  and t.user_name like ?  limit ?, ? 
2018-07-02 18:51:49.172 DEBUG org.hibernate.SQL Line:92  -  select count(1)  from sys_user t where 1=1  and t.user_name like ? 
2018-07-02 18:52:05.489 DEBUG org.hibernate.SQL Line:92  - select sysuser0_.id as id1_28_, sysuser0_.address as address2_28_, sysuser0_.attent_count as attent_c3_28_, sysuser0_.birthday as birthday4_28_, sysuser0_.create_date as create_d5_28_, sysuser0_.email as email6_28_, sysuser0_.fan_count as fan_coun7_28_, sysuser0_.grade as grade8_28_, sysuser0_.group_count as group_co9_28_, sysuser0_.image as image10_28_, sysuser0_.introduce as introdu11_28_, sysuser0_.labour_union_id as labour_12_28_, sysuser0_.locked as locked13_28_, sysuser0_.nickname as nicknam14_28_, sysuser0_.password as passwor15_28_, sysuser0_.phone as phone16_28_, sysuser0_.points as points17_28_, sysuser0_.pre_login_date as pre_log18_28_, sysuser0_.real_name as real_na19_28_, sysuser0_.salt as salt20_28_, sysuser0_.sex as sex21_28_, sysuser0_.update_date as update_22_28_, sysuser0_.user_name as user_na23_28_ from sys_user sysuser0_ where sysuser0_.user_name=?
2018-07-02 18:52:05.559 DEBUG org.hibernate.SQL Line:92  - select *from sys_permission where pid=?  order by order_num ASC 
2018-07-02 18:52:05.615 DEBUG org.hibernate.SQL Line:92  - select *from sys_permission where pid=?  order by order_num ASC 
2018-07-02 18:52:05.666 DEBUG org.hibernate.SQL Line:92  - select *from sys_permission where pid=?  order by order_num ASC 
2018-07-02 18:52:05.716 DEBUG org.hibernate.SQL Line:92  - select *from sys_permission where pid=?  order by order_num ASC 
2018-07-02 18:52:05.766 DEBUG org.hibernate.SQL Line:92  - select *from sys_permission where pid=?  order by order_num ASC 
2018-07-02 18:52:05.819 DEBUG org.hibernate.SQL Line:92  - select *from sys_permission where pid=?  order by order_num ASC 
2018-07-02 18:52:05.873 DEBUG org.hibernate.SQL Line:92  - select *from sys_permission where pid=?  order by order_num ASC 
2018-07-02 18:52:05.928 DEBUG org.hibernate.SQL Line:92  - select *from sys_permission where pid=?  order by order_num ASC 
2018-07-02 18:52:05.992 DEBUG org.hibernate.SQL Line:92  - select *from sys_permission where pid=?  order by order_num ASC 
2018-07-02 18:52:06.040 DEBUG org.hibernate.SQL Line:92  - select *from sys_permission where pid=?  order by order_num ASC 
2018-07-02 18:52:06.096 DEBUG org.hibernate.SQL Line:92  - select *from sys_permission where pid=?  order by order_num ASC 
2018-07-02 18:52:06.151 DEBUG org.hibernate.SQL Line:92  - select *from sys_permission where pid=?  order by order_num ASC 
2018-07-02 18:52:06.204 DEBUG org.hibernate.SQL Line:92  - select *from sys_permission where pid=?  order by order_num ASC 
2018-07-02 18:52:06.255 DEBUG org.hibernate.SQL Line:92  - select *from sys_permission where pid=?  order by order_num ASC 
2018-07-02 18:52:06.312 DEBUG org.hibernate.SQL Line:92  - select *from sys_permission where pid=?  order by order_num ASC 
2018-07-02 18:52:06.362 DEBUG org.hibernate.SQL Line:92  - select *from sys_permission where pid=?  order by order_num ASC 
2018-07-02 18:52:06.457 DEBUG org.hibernate.SQL Line:92  -  select r.* from sys_user_role ur left join sys_role r on ur.role_id=r.id where ur.user_id=? 
2018-07-02 18:52:06.508 DEBUG org.hibernate.SQL Line:92  - select p.* from sys_permission p LEFT JOIN sys_role_permission rp on rp.permission_id=p.id where rp.role_id=? 
2018-07-02 18:52:13.299 DEBUG org.hibernate.SQL Line:92  -  select distinct t.*  from pay t where 1=1  limit ?, ? 
2018-07-02 18:52:13.413 DEBUG org.hibernate.SQL Line:92  -  select count(1)  from pay t where 1=1 
2018-07-02 18:52:14.994 DEBUG org.hibernate.SQL Line:92  -  select distinct t.*  from daily t where 1=1  limit ?, ? 
2018-07-02 18:52:15.135 DEBUG org.hibernate.SQL Line:92  -  select count(1)  from daily t where 1=1 
2018-07-02 18:52:24.391 DEBUG org.hibernate.SQL Line:92  -  select distinct t.*  from pay t where 1=1  limit ?, ? 
2018-07-02 18:52:24.406 DEBUG org.hibernate.SQL Line:92  -  select count(1)  from pay t where 1=1 
2018-07-02 18:53:01.931 DEBUG org.hibernate.SQL Line:92  - select sysuser0_.id as id1_28_, sysuser0_.address as address2_28_, sysuser0_.attent_count as attent_c3_28_, sysuser0_.birthday as birthday4_28_, sysuser0_.create_date as create_d5_28_, sysuser0_.email as email6_28_, sysuser0_.fan_count as fan_coun7_28_, sysuser0_.grade as grade8_28_, sysuser0_.group_count as group_co9_28_, sysuser0_.image as image10_28_, sysuser0_.introduce as introdu11_28_, sysuser0_.labour_union_id as labour_12_28_, sysuser0_.locked as locked13_28_, sysuser0_.nickname as nicknam14_28_, sysuser0_.password as passwor15_28_, sysuser0_.phone as phone16_28_, sysuser0_.points as points17_28_, sysuser0_.pre_login_date as pre_log18_28_, sysuser0_.real_name as real_na19_28_, sysuser0_.salt as salt20_28_, sysuser0_.sex as sex21_28_, sysuser0_.update_date as update_22_28_, sysuser0_.user_name as user_na23_28_ from sys_user sysuser0_ where sysuser0_.user_name=?
2018-07-02 18:53:02.006 DEBUG org.hibernate.SQL Line:92  - select *from sys_permission where pid=?  order by order_num ASC 
2018-07-02 18:53:02.056 DEBUG org.hibernate.SQL Line:92  - select *from sys_permission where pid=?  order by order_num ASC 
2018-07-02 18:53:02.106 DEBUG org.hibernate.SQL Line:92  - select *from sys_permission where pid=?  order by order_num ASC 
2018-07-02 18:53:02.155 DEBUG org.hibernate.SQL Line:92  - select *from sys_permission where pid=?  order by order_num ASC 
2018-07-02 18:53:02.204 DEBUG org.hibernate.SQL Line:92  - select *from sys_permission where pid=?  order by order_num ASC 
2018-07-02 18:53:02.256 DEBUG org.hibernate.SQL Line:92  - select *from sys_permission where pid=?  order by order_num ASC 
2018-07-02 18:53:02.306 DEBUG org.hibernate.SQL Line:92  - select *from sys_permission where pid=?  order by order_num ASC 
2018-07-02 18:53:02.360 DEBUG org.hibernate.SQL Line:92  - select *from sys_permission where pid=?  order by order_num ASC 
2018-07-02 18:53:02.426 DEBUG org.hibernate.SQL Line:92  - select *from sys_permission where pid=?  order by order_num ASC 
2018-07-02 18:53:02.491 DEBUG org.hibernate.SQL Line:92  - select *from sys_permission where pid=?  order by order_num ASC 
2018-07-02 18:53:02.539 DEBUG org.hibernate.SQL Line:92  - select *from sys_permission where pid=?  order by order_num ASC 
2018-07-02 18:53:02.589 DEBUG org.hibernate.SQL Line:92  - select *from sys_permission where pid=?  order by order_num ASC 
2018-07-02 18:53:02.655 DEBUG org.hibernate.SQL Line:92  - select *from sys_permission where pid=?  order by order_num ASC 
2018-07-02 18:53:02.704 DEBUG org.hibernate.SQL Line:92  - select *from sys_permission where pid=?  order by order_num ASC 
2018-07-02 18:53:02.759 DEBUG org.hibernate.SQL Line:92  - select *from sys_permission where pid=?  order by order_num ASC 
2018-07-02 18:53:02.811 DEBUG org.hibernate.SQL Line:92  - select *from sys_permission where pid=?  order by order_num ASC 
2018-07-02 18:53:02.916 DEBUG org.hibernate.SQL Line:92  -  select r.* from sys_user_role ur left join sys_role r on ur.role_id=r.id where ur.user_id=? 
2018-07-02 18:53:02.970 DEBUG org.hibernate.SQL Line:92  - select p.* from sys_permission p LEFT JOIN sys_role_permission rp on rp.permission_id=p.id where rp.role_id=? 
2018-07-02 18:53:10.108 DEBUG org.hibernate.SQL Line:92  -  select distinct t.*  from mf_invitation_user_data t where 1=1  limit ?, ? 
2018-07-02 18:53:10.126 DEBUG org.hibernate.SQL Line:92  -  select count(1)  from mf_invitation_user_data t where 1=1 
2018-07-02 18:56:13.166 DEBUG org.hibernate.SQL Line:92  -  select distinct t.*  from daily t where 1=1  limit ?, ? 
2018-07-02 18:56:13.213 DEBUG org.hibernate.SQL Line:92  -  select count(1)  from daily t where 1=1 
2018-07-02 19:00:57.422 DEBUG org.hibernate.SQL Line:92  -  select distinct t.id,t.create_time,t.huanxin_flag,t.name,t.nickname,t.openid,t.phone,t.sex,t.user_type,i.integral  from mf_user_info t left join mf_activity_integral i on t.id = i.user_id where 1=1  limit ?, ? 
2018-07-02 19:00:57.486 DEBUG org.hibernate.SQL Line:92  -  select count(1)  from mf_user_info t left join mf_activity_integral i on t.id = i.user_id where 1=1 
2018-07-02 19:00:59.668 DEBUG org.hibernate.SQL Line:92  -  select distinct t.id,t.create_time,t.huanxin_flag,t.name,t.nickname,t.openid,t.phone,t.sex,t.user_type,i.integral  from mf_user_info t left join mf_activity_integral i on t.id = i.user_id where 1=1  limit ?, ? 
2018-07-02 19:00:59.720 DEBUG org.hibernate.SQL Line:92  -  select count(1)  from mf_user_info t left join mf_activity_integral i on t.id = i.user_id where 1=1 
2018-07-02 19:03:36.533 DEBUG org.hibernate.SQL Line:92  -  select distinct t.id,t.create_time,t.huanxin_flag,t.name,t.nickname,t.openid,t.phone,t.sex,t.user_type,i.integral  from mf_user_info t left join mf_activity_integral i on t.id = i.user_id where 1=1  limit ?, ? 
2018-07-02 19:03:36.600 DEBUG org.hibernate.SQL Line:92  -  select count(1)  from mf_user_info t left join mf_activity_integral i on t.id = i.user_id where 1=1 
2018-07-02 19:12:08.856 DEBUG org.hibernate.SQL Line:92  -  select distinct t.id,t.create_time,t.huanxin_flag,t.name,t.nickname,t.openid,t.phone,t.sex,t.user_type,i.integral  from mf_user_info t left join mf_activity_integral i on t.id = i.user_id where 1=1  limit ?, ? 
2018-07-02 19:12:08.914 DEBUG org.hibernate.SQL Line:92  -  select count(1)  from mf_user_info t left join mf_activity_integral i on t.id = i.user_id where 1=1 
2018-07-02 19:12:55.427 DEBUG org.hibernate.SQL Line:92  - select count(1) from mf_integral_details where user_id=? 
2018-07-02 19:12:55.443 DEBUG org.hibernate.SQL Line:92  - select u.name,u.phone,u.sex,d.gain_integral,a.title from mf_user_info u  left join mf_integral_details d on u.id=d.user_id  left join mf_activity_release a on d.activity_id=a.id where u.id='ff80808161136773016113a73c030000'
2018-07-02 19:12:58.525 DEBUG org.hibernate.SQL Line:92  - select count(1) from mf_integral_details where user_id=? 
2018-07-02 19:12:58.542 DEBUG org.hibernate.SQL Line:92  - select u.name,u.phone,u.sex,d.gain_integral,a.title from mf_user_info u  left join mf_integral_details d on u.id=d.user_id  left join mf_activity_release a on d.activity_id=a.id where u.id='ff80808161136773016113a758440003'
2018-07-02 19:14:46.802 DEBUG org.hibernate.SQL Line:92  -  select distinct t.id,t.create_time,t.huanxin_flag,t.name,t.nickname,t.openid,t.phone,t.sex,t.user_type,i.integral  from mf_user_info t left join mf_activity_integral i on t.id = i.user_id where 1=1  limit ?, ? 
2018-07-02 19:14:46.863 DEBUG org.hibernate.SQL Line:92  -  select count(1)  from mf_user_info t left join mf_activity_integral i on t.id = i.user_id where 1=1 
2018-07-02 19:14:47.567 DEBUG org.hibernate.SQL Line:92  -  select distinct t.id,t.create_time,t.huanxin_flag,t.name,t.nickname,t.openid,t.phone,t.sex,t.user_type,i.integral  from mf_user_info t left join mf_activity_integral i on t.id = i.user_id where 1=1  limit ?, ? 
2018-07-02 19:14:48.654 DEBUG org.hibernate.SQL Line:92  -  select count(1)  from mf_user_info t left join mf_activity_integral i on t.id = i.user_id where 1=1 
2018-07-02 19:17:21.574 DEBUG org.hibernate.SQL Line:92  - select count(1) from mf_integral_details where user_id=? 
2018-07-02 19:17:24.506 DEBUG org.hibernate.SQL Line:92  -  select distinct t.*  from daily t where 1=1  limit ?, ? 
2018-07-02 19:17:24.522 DEBUG org.hibernate.SQL Line:92  -  select count(1)  from daily t where 1=1 
2018-07-02 19:18:02.936 DEBUG org.hibernate.SQL Line:92  -  select distinct t.*  from mf_invitation_user_data t where 1=1  limit ?, ? 
2018-07-02 19:18:02.953 DEBUG org.hibernate.SQL Line:92  -  select count(1)  from mf_invitation_user_data t where 1=1 
2018-07-02 19:18:46.405 DEBUG org.hibernate.SQL Line:92  - select mfinvitati0_.id as id1_8_0_, mfinvitati0_.basy_pay as basy_pay2_8_0_, mfinvitati0_.birth_time as birth_ti3_8_0_, mfinvitati0_.birthplace as birthpla4_8_0_, mfinvitati0_.contract_end_time as contract5_8_0_, mfinvitati0_.contract_start_time as contract6_8_0_, mfinvitati0_.education as educatio7_8_0_, mfinvitati0_.end_time as end_time8_8_0_, mfinvitati0_.growing_place as growing_9_8_0_, mfinvitati0_.height as height10_8_0_, mfinvitati0_.idcard as idcard11_8_0_, mfinvitati0_.is_job as is_job12_8_0_, mfinvitati0_.is_leave as is_leav13_8_0_, mfinvitati0_.marital_status as marital14_8_0_, mfinvitati0_.nation as nation15_8_0_, mfinvitati0_.phone as phone16_8_0_, mfinvitati0_.political_visage as politic17_8_0_, mfinvitati0_.post_nature as post_na18_8_0_, mfinvitati0_.real_name as real_na19_8_0_, mfinvitati0_.sex as sex20_8_0_, mfinvitati0_.start_time as start_t21_8_0_, mfinvitati0_.unit_attribute as unit_at22_8_0_, mfinvitati0_.user_id as user_id23_8_0_, mfinvitati0_.which as which24_8_0_, mfinvitati0_.which_one as which_o25_8_0_, mfinvitati0_.work_unit as work_un26_8_0_ from mf_invitation_user_data mfinvitati0_ where mfinvitati0_.id=?
2018-07-02 19:18:46.514 DEBUG org.hibernate.SQL Line:92  - delete from mf_invitation_user_data where id=?
2018-07-02 19:18:46.581 DEBUG org.hibernate.SQL Line:92  -  select distinct t.*  from mf_invitation_user_data t where 1=1  limit ?, ? 
2018-07-02 19:18:46.596 DEBUG org.hibernate.SQL Line:92  -  select count(1)  from mf_invitation_user_data t where 1=1 
2018-07-02 19:18:56.596 DEBUG org.hibernate.SQL Line:92  - insert into mf_invitation_user_data (basy_pay, birth_time, birthplace, contract_end_time, contract_start_time, education, end_time, growing_place, height, idcard, is_job, is_leave, marital_status, nation, phone, political_visage, post_nature, real_name, sex, start_time, unit_attribute, user_id, which, which_one, work_unit, id) values (?, ?, ?, ?, ?, ?, ?, ?, ?, ?, ?, ?, ?, ?, ?, ?, ?, ?, ?, ?, ?, ?, ?, ?, ?, ?)
2018-07-02 19:18:56.704 DEBUG org.hibernate.SQL Line:92  -  select distinct t.*  from mf_invitation_user_data t where 1=1  limit ?, ? 
2018-07-02 19:18:56.726 DEBUG org.hibernate.SQL Line:92  -  select count(1)  from mf_invitation_user_data t where 1=1 
2018-07-02 19:28:06.979 DEBUG org.hibernate.SQL Line:92  -  select distinct t.*  from pay t where 1=1  limit ?, ? 
2018-07-02 19:28:07.006 DEBUG org.hibernate.SQL Line:92  -  select count(1)  from pay t where 1=1 
2018-07-02 19:31:29.186 DEBUG org.hibernate.SQL Line:92  -  select distinct t.*  from pay t where 1=1  limit ?, ? 
2018-07-02 19:31:29.213 DEBUG org.hibernate.SQL Line:92  -  select count(1)  from pay t where 1=1 
2018-07-02 19:31:30.690 DEBUG org.hibernate.SQL Line:92  - select *from sys_permission where pid=?  order by order_num ASC 
2018-07-02 19:31:30.740 DEBUG org.hibernate.SQL Line:92  - select *from sys_permission where pid=?  order by order_num ASC 
2018-07-02 19:31:30.795 DEBUG org.hibernate.SQL Line:92  - select *from sys_permission where pid=?  order by order_num ASC 
2018-07-02 19:31:30.843 DEBUG org.hibernate.SQL Line:92  - select *from sys_permission where pid=?  order by order_num ASC 
2018-07-02 19:31:30.891 DEBUG org.hibernate.SQL Line:92  - select *from sys_permission where pid=?  order by order_num ASC 
2018-07-02 19:31:30.938 DEBUG org.hibernate.SQL Line:92  - select *from sys_permission where pid=?  order by order_num ASC 
2018-07-02 19:31:30.987 DEBUG org.hibernate.SQL Line:92  - select *from sys_permission where pid=?  order by order_num ASC 
2018-07-02 19:31:31.040 DEBUG org.hibernate.SQL Line:92  - select *from sys_permission where pid=?  order by order_num ASC 
2018-07-02 19:31:31.090 DEBUG org.hibernate.SQL Line:92  - select *from sys_permission where pid=?  order by order_num ASC 
2018-07-02 19:31:31.144 DEBUG org.hibernate.SQL Line:92  - select *from sys_permission where pid=?  order by order_num ASC 
2018-07-02 19:31:31.191 DEBUG org.hibernate.SQL Line:92  - select *from sys_permission where pid=?  order by order_num ASC 
2018-07-02 19:31:31.242 DEBUG org.hibernate.SQL Line:92  - select *from sys_permission where pid=?  order by order_num ASC 
2018-07-02 19:31:31.292 DEBUG org.hibernate.SQL Line:92  - select *from sys_permission where pid=?  order by order_num ASC 
2018-07-02 19:31:31.342 DEBUG org.hibernate.SQL Line:92  - select *from sys_permission where pid=?  order by order_num ASC 
2018-07-02 19:31:31.392 DEBUG org.hibernate.SQL Line:92  - select *from sys_permission where pid=?  order by order_num ASC 
2018-07-02 19:31:31.446 DEBUG org.hibernate.SQL Line:92  - select *from sys_permission where pid=?  order by order_num ASC 
2018-07-02 19:31:31.551 DEBUG org.hibernate.SQL Line:92  -  select r.* from sys_user_role ur left join sys_role r on ur.role_id=r.id where ur.user_id=? 
2018-07-02 19:31:31.606 DEBUG org.hibernate.SQL Line:92  - select p.* from sys_permission p LEFT JOIN sys_role_permission rp on rp.permission_id=p.id where rp.role_id=? 
2018-07-02 19:31:35.789 DEBUG org.hibernate.SQL Line:92  -  select distinct t.*  from pay t where 1=1  limit ?, ? 
2018-07-02 19:31:35.805 DEBUG org.hibernate.SQL Line:92  -  select count(1)  from pay t where 1=1 
2018-07-02 19:33:33.488 DEBUG org.hibernate.SQL Line:92  -  select distinct t.*  from pay t where 1=1  limit ?, ? 
2018-07-02 19:33:33.519 DEBUG org.hibernate.SQL Line:92  -  select count(1)  from pay t where 1=1 
2018-07-02 19:41:38.017 DEBUG org.hibernate.SQL Line:92  -  select distinct t.*  from pay t where 1=1  limit ?, ? 
2018-07-02 19:41:38.045 DEBUG org.hibernate.SQL Line:92  -  select count(1)  from pay t where 1=1 
2018-07-02 19:43:04.278 DEBUG org.hibernate.SQL Line:92  -  select distinct t.*  from mf_invitation_user_data t where 1=1  limit ?, ? 
2018-07-02 19:43:04.310 DEBUG org.hibernate.SQL Line:92  -  select count(1)  from mf_invitation_user_data t where 1=1 
2018-07-02 19:51:02.462 DEBUG org.hibernate.SQL Line:92  - select sysuser0_.id as id1_28_, sysuser0_.address as address2_28_, sysuser0_.attent_count as attent_c3_28_, sysuser0_.birthday as birthday4_28_, sysuser0_.create_date as create_d5_28_, sysuser0_.email as email6_28_, sysuser0_.fan_count as fan_coun7_28_, sysuser0_.grade as grade8_28_, sysuser0_.group_count as group_co9_28_, sysuser0_.image as image10_28_, sysuser0_.introduce as introdu11_28_, sysuser0_.labour_union_id as labour_12_28_, sysuser0_.locked as locked13_28_, sysuser0_.nickname as nicknam14_28_, sysuser0_.password as passwor15_28_, sysuser0_.phone as phone16_28_, sysuser0_.points as points17_28_, sysuser0_.pre_login_date as pre_log18_28_, sysuser0_.real_name as real_na19_28_, sysuser0_.salt as salt20_28_, sysuser0_.sex as sex21_28_, sysuser0_.update_date as update_22_28_, sysuser0_.user_name as user_na23_28_ from sys_user sysuser0_ where sysuser0_.user_name=?
2018-07-02 19:51:02.688 DEBUG org.hibernate.SQL Line:92  - select *from sys_permission where pid=?  order by order_num ASC 
2018-07-02 19:51:02.951 DEBUG org.hibernate.SQL Line:92  - select *from sys_permission where pid=?  order by order_num ASC 
2018-07-02 19:51:02.998 DEBUG org.hibernate.SQL Line:92  - select *from sys_permission where pid=?  order by order_num ASC 
2018-07-02 19:51:03.044 DEBUG org.hibernate.SQL Line:92  - select *from sys_permission where pid=?  order by order_num ASC 
2018-07-02 19:51:03.088 DEBUG org.hibernate.SQL Line:92  - select *from sys_permission where pid=?  order by order_num ASC 
2018-07-02 19:51:03.136 DEBUG org.hibernate.SQL Line:92  - select *from sys_permission where pid=?  order by order_num ASC 
2018-07-02 19:51:03.182 DEBUG org.hibernate.SQL Line:92  - select *from sys_permission where pid=?  order by order_num ASC 
2018-07-02 19:51:03.228 DEBUG org.hibernate.SQL Line:92  - select *from sys_permission where pid=?  order by order_num ASC 
2018-07-02 19:51:03.270 DEBUG org.hibernate.SQL Line:92  - select *from sys_permission where pid=?  order by order_num ASC 
2018-07-02 19:51:03.312 DEBUG org.hibernate.SQL Line:92  - select *from sys_permission where pid=?  order by order_num ASC 
2018-07-02 19:51:03.358 DEBUG org.hibernate.SQL Line:92  - select *from sys_permission where pid=?  order by order_num ASC 
2018-07-02 19:51:03.406 DEBUG org.hibernate.SQL Line:92  - select *from sys_permission where pid=?  order by order_num ASC 
2018-07-02 19:51:03.448 DEBUG org.hibernate.SQL Line:92  - select *from sys_permission where pid=?  order by order_num ASC 
2018-07-02 19:51:03.488 DEBUG org.hibernate.SQL Line:92  - select *from sys_permission where pid=?  order by order_num ASC 
2018-07-02 19:51:03.538 DEBUG org.hibernate.SQL Line:92  - select *from sys_permission where pid=?  order by order_num ASC 
2018-07-02 19:51:03.587 DEBUG org.hibernate.SQL Line:92  - select *from sys_permission where pid=?  order by order_num ASC 
2018-07-02 19:51:04.402 DEBUG org.hibernate.SQL Line:92  -  select r.* from sys_user_role ur left join sys_role r on ur.role_id=r.id where ur.user_id=? 
2018-07-02 19:51:04.449 DEBUG org.hibernate.SQL Line:92  - select p.* from sys_permission p LEFT JOIN sys_role_permission rp on rp.permission_id=p.id where rp.role_id=? 
2018-07-02 19:51:07.651 DEBUG org.hibernate.SQL Line:92  -  select distinct t.*  from pay t where 1=1  limit ?, ? 
2018-07-02 19:51:07.668 DEBUG org.hibernate.SQL Line:92  -  select count(1)  from pay t where 1=1 
2018-07-02 19:51:28.945 DEBUG org.hibernate.SQL Line:92  - insert into pay (absenteeism, accumulation_fund, achievements, actual, attendance, bank_card_number, first_amount, pay_wages, real_wages, reason, regular, reimbursement, second_amount, social_security, username, wages, withholding, id) values (?, ?, ?, ?, ?, ?, ?, ?, ?, ?, ?, ?, ?, ?, ?, ?, ?, ?)
2018-07-02 19:51:28.969 DEBUG org.hibernate.SQL Line:92  - insert into pay (absenteeism, accumulation_fund, achievements, actual, attendance, bank_card_number, first_amount, pay_wages, real_wages, reason, regular, reimbursement, second_amount, social_security, username, wages, withholding, id) values (?, ?, ?, ?, ?, ?, ?, ?, ?, ?, ?, ?, ?, ?, ?, ?, ?, ?)
2018-07-02 19:51:29.040 DEBUG org.hibernate.SQL Line:92  -  select distinct t.*  from pay t where 1=1  limit ?, ? 
2018-07-02 19:51:29.057 DEBUG org.hibernate.SQL Line:92  -  select count(1)  from pay t where 1=1 
2018-07-02 19:52:29.564 DEBUG org.hibernate.SQL Line:92  - select *from sys_permission where pid=?  order by order_num ASC 
2018-07-02 19:52:29.606 DEBUG org.hibernate.SQL Line:92  - select *from sys_permission where pid=?  order by order_num ASC 
2018-07-02 19:52:29.650 DEBUG org.hibernate.SQL Line:92  - select *from sys_permission where pid=?  order by order_num ASC 
2018-07-02 19:52:29.694 DEBUG org.hibernate.SQL Line:92  - select *from sys_permission where pid=?  order by order_num ASC 
2018-07-02 19:52:29.748 DEBUG org.hibernate.SQL Line:92  - select *from sys_permission where pid=?  order by order_num ASC 
2018-07-02 19:52:29.792 DEBUG org.hibernate.SQL Line:92  - select *from sys_permission where pid=?  order by order_num ASC 
2018-07-02 19:52:29.838 DEBUG org.hibernate.SQL Line:92  - select *from sys_permission where pid=?  order by order_num ASC 
2018-07-02 19:52:29.884 DEBUG org.hibernate.SQL Line:92  - select *from sys_permission where pid=?  order by order_num ASC 
2018-07-02 19:52:29.926 DEBUG org.hibernate.SQL Line:92  - select *from sys_permission where pid=?  order by order_num ASC 
2018-07-02 19:52:29.969 DEBUG org.hibernate.SQL Line:92  - select *from sys_permission where pid=?  order by order_num ASC 
2018-07-02 19:52:30.012 DEBUG org.hibernate.SQL Line:92  - select *from sys_permission where pid=?  order by order_num ASC 
2018-07-02 19:52:30.055 DEBUG org.hibernate.SQL Line:92  - select *from sys_permission where pid=?  order by order_num ASC 
2018-07-02 19:52:30.096 DEBUG org.hibernate.SQL Line:92  - select *from sys_permission where pid=?  order by order_num ASC 
2018-07-02 19:52:30.137 DEBUG org.hibernate.SQL Line:92  - select *from sys_permission where pid=?  order by order_num ASC 
2018-07-02 19:52:30.179 DEBUG org.hibernate.SQL Line:92  - select *from sys_permission where pid=?  order by order_num ASC 
2018-07-02 19:52:30.219 DEBUG org.hibernate.SQL Line:92  - select *from sys_permission where pid=?  order by order_num ASC 
2018-07-02 19:52:32.796 DEBUG org.hibernate.SQL Line:92  -  select distinct t.*  from pay t where 1=1  limit ?, ? 
2018-07-02 19:52:32.862 DEBUG org.hibernate.SQL Line:92  -  select count(1)  from pay t where 1=1 
2018-07-02 19:53:19.457 DEBUG org.hibernate.SQL Line:92  -  select distinct t.*  from mf_invitation_user_data t where 1=1  limit ?, ? 
2018-07-02 19:53:19.471 DEBUG org.hibernate.SQL Line:92  -  select count(1)  from mf_invitation_user_data t where 1=1 
2018-07-02 19:53:45.499 DEBUG org.hibernate.SQL Line:92  -  select distinct t.*  from mf_invitation_user_data t where 1=1  and phone=?  limit ?, ? 
2018-07-02 19:53:45.515 DEBUG org.hibernate.SQL Line:92  -  select count(1)  from mf_invitation_user_data t where 1=1  and phone=? 
2018-07-02 19:54:51.975 DEBUG org.hibernate.SQL Line:92  - insert into mf_invitation_user_data (basy_pay, birth_time, birthplace, contract_end_time, contract_start_time, education, end_time, growing_place, height, idcard, is_job, is_leave, marital_status, nation, phone, political_visage, post_nature, real_name, sex, start_time, unit_attribute, user_id, which, which_one, work_unit, id) values (?, ?, ?, ?, ?, ?, ?, ?, ?, ?, ?, ?, ?, ?, ?, ?, ?, ?, ?, ?, ?, ?, ?, ?, ?, ?)
2018-07-02 19:54:51.999 DEBUG org.hibernate.SQL Line:92  - insert into mf_invitation_user_data (basy_pay, birth_time, birthplace, contract_end_time, contract_start_time, education, end_time, growing_place, height, idcard, is_job, is_leave, marital_status, nation, phone, political_visage, post_nature, real_name, sex, start_time, unit_attribute, user_id, which, which_one, work_unit, id) values (?, ?, ?, ?, ?, ?, ?, ?, ?, ?, ?, ?, ?, ?, ?, ?, ?, ?, ?, ?, ?, ?, ?, ?, ?, ?)
2018-07-02 19:54:52.065 DEBUG org.hibernate.SQL Line:92  -  select distinct t.*  from mf_invitation_user_data t where 1=1  and phone=?  limit ?, ? 
2018-07-02 19:54:52.079 DEBUG org.hibernate.SQL Line:92  -  select count(1)  from mf_invitation_user_data t where 1=1  and phone=? 
2018-07-02 19:55:11.538 DEBUG org.hibernate.SQL Line:92  -  select distinct t.*  from pay t where 1=1  limit ?, ? 
2018-07-02 19:55:11.551 DEBUG org.hibernate.SQL Line:92  -  select count(1)  from pay t where 1=1 
2018-07-02 19:55:13.561 DEBUG org.hibernate.SQL Line:92  -  select distinct t.*  from mf_invitation_user_data t where 1=1  limit ?, ? 
2018-07-02 19:55:13.575 DEBUG org.hibernate.SQL Line:92  -  select count(1)  from mf_invitation_user_data t where 1=1 
2018-07-02 20:02:53.834 DEBUG org.hibernate.SQL Line:92  - select sysuser0_.id as id1_28_, sysuser0_.address as address2_28_, sysuser0_.attent_count as attent_c3_28_, sysuser0_.birthday as birthday4_28_, sysuser0_.create_date as create_d5_28_, sysuser0_.email as email6_28_, sysuser0_.fan_count as fan_coun7_28_, sysuser0_.grade as grade8_28_, sysuser0_.group_count as group_co9_28_, sysuser0_.image as image10_28_, sysuser0_.introduce as introdu11_28_, sysuser0_.labour_union_id as labour_12_28_, sysuser0_.locked as locked13_28_, sysuser0_.nickname as nicknam14_28_, sysuser0_.password as passwor15_28_, sysuser0_.phone as phone16_28_, sysuser0_.points as points17_28_, sysuser0_.pre_login_date as pre_log18_28_, sysuser0_.real_name as real_na19_28_, sysuser0_.salt as salt20_28_, sysuser0_.sex as sex21_28_, sysuser0_.update_date as update_22_28_, sysuser0_.user_name as user_na23_28_ from sys_user sysuser0_ where sysuser0_.user_name=?
2018-07-02 20:02:54.034 DEBUG org.hibernate.SQL Line:92  - select *from sys_permission where pid=?  order by order_num ASC 
2018-07-02 20:02:54.290 DEBUG org.hibernate.SQL Line:92  - select *from sys_permission where pid=?  order by order_num ASC 
2018-07-02 20:02:54.335 DEBUG org.hibernate.SQL Line:92  - select *from sys_permission where pid=?  order by order_num ASC 
2018-07-02 20:02:54.382 DEBUG org.hibernate.SQL Line:92  - select *from sys_permission where pid=?  order by order_num ASC 
2018-07-02 20:02:54.424 DEBUG org.hibernate.SQL Line:92  - select *from sys_permission where pid=?  order by order_num ASC 
2018-07-02 20:02:54.473 DEBUG org.hibernate.SQL Line:92  - select *from sys_permission where pid=?  order by order_num ASC 
2018-07-02 20:02:54.518 DEBUG org.hibernate.SQL Line:92  - select *from sys_permission where pid=?  order by order_num ASC 
2018-07-02 20:02:54.573 DEBUG org.hibernate.SQL Line:92  - select *from sys_permission where pid=?  order by order_num ASC 
2018-07-02 20:02:54.622 DEBUG org.hibernate.SQL Line:92  - select *from sys_permission where pid=?  order by order_num ASC 
2018-07-02 20:02:54.668 DEBUG org.hibernate.SQL Line:92  - select *from sys_permission where pid=?  order by order_num ASC 
2018-07-02 20:02:54.711 DEBUG org.hibernate.SQL Line:92  - select *from sys_permission where pid=?  order by order_num ASC 
2018-07-02 20:02:54.760 DEBUG org.hibernate.SQL Line:92  - select *from sys_permission where pid=?  order by order_num ASC 
2018-07-02 20:02:54.799 DEBUG org.hibernate.SQL Line:92  - select *from sys_permission where pid=?  order by order_num ASC 
2018-07-02 20:02:54.838 DEBUG org.hibernate.SQL Line:92  - select *from sys_permission where pid=?  order by order_num ASC 
2018-07-02 20:02:54.880 DEBUG org.hibernate.SQL Line:92  - select *from sys_permission where pid=?  order by order_num ASC 
2018-07-02 20:02:54.923 DEBUG org.hibernate.SQL Line:92  - select *from sys_permission where pid=?  order by order_num ASC 
2018-07-02 20:02:55.754 DEBUG org.hibernate.SQL Line:92  - select sysrole0_.id as id1_26_, sysrole0_.create_date as create_d2_26_, sysrole0_.description as descript3_26_, sysrole0_.name as name4_26_, sysrole0_.order_num as order_nu5_26_, sysrole0_.update_date as update_d6_26_ from sys_role sysrole0_
2018-07-02 20:02:55.830 DEBUG org.hibernate.SQL Line:92  - select syspermiss0_.id as id1_25_, syspermiss0_.available as availabl2_25_, syspermiss0_.icon_code as icon_cod3_25_, syspermiss0_.is_parent as is_paren4_25_, syspermiss0_.name as name5_25_, syspermiss0_.open as open6_25_, syspermiss0_.order_num as order_nu7_25_, syspermiss0_.permission_name as permissi8_25_, syspermiss0_.permission_value as permissi9_25_, syspermiss0_.pid as pid10_25_, syspermiss0_.pname as pname11_25_, syspermiss0_.type as type12_25_, syspermiss0_.url as url13_25_ from sys_permission syspermiss0_
2018-07-02 20:03:05.644 DEBUG org.hibernate.SQL Line:92  -  select distinct t.*  from mf_invitation_user_data t where 1=1  and user_id is not null  limit ?, ? 
2018-07-02 20:03:05.660 DEBUG org.hibernate.SQL Line:92  -  select count(1)  from mf_invitation_user_data t where 1=1  and user_id is not null 
2018-07-02 20:03:33.607 DEBUG org.hibernate.SQL Line:92  -  select distinct t.*  from mf_activity_review t where 1=1  limit ?, ? 
2018-07-02 20:03:33.623 DEBUG org.hibernate.SQL Line:92  -  select count(1)  from mf_activity_review t where 1=1 
2018-07-02 20:11:06.640 DEBUG org.hibernate.SQL Line:92  -  select distinct t.*  from mf_headlines t where 1=1   order by t.head_time desc limit ?, ? 
2018-07-02 20:11:06.663 DEBUG org.hibernate.SQL Line:92  -  select count(1)  from mf_headlines t where 1=1 
2018-07-02 20:11:47.324 DEBUG org.hibernate.SQL Line:92  -  select distinct t.*  from mf_headlines t where 1=1   order by t.head_time desc limit ?, ? 
2018-07-02 20:11:47.342 DEBUG org.hibernate.SQL Line:92  -  select count(1)  from mf_headlines t where 1=1 
2018-07-02 20:11:48.515 DEBUG org.hibernate.SQL Line:92  -  select distinct t.*  from mf_headlines t where 1=1   order by t.head_time desc limit ?, ? 
2018-07-02 20:11:48.531 DEBUG org.hibernate.SQL Line:92  -  select count(1)  from mf_headlines t where 1=1 
2018-07-02 20:12:05.502 DEBUG org.hibernate.SQL Line:92  -  select distinct t.*  from mf_headlines t where 1=1  and title like ?  order by t.head_time desc limit ?, ? 
2018-07-02 20:12:05.520 DEBUG org.hibernate.SQL Line:92  -  select count(1)  from mf_headlines t where 1=1  and title like ?
2018-07-02 20:12:11.392 DEBUG org.hibernate.SQL Line:92  -  select distinct t.*  from mf_headlines t where 1=1  and title like ?  order by t.head_time desc limit ?, ? 
2018-07-02 20:12:11.407 DEBUG org.hibernate.SQL Line:92  -  select count(1)  from mf_headlines t where 1=1  and title like ?
2018-07-02 20:12:15.504 DEBUG org.hibernate.SQL Line:92  -  select distinct t.*  from mf_headlines t where 1=1   order by t.head_time desc limit ?, ? 
2018-07-02 20:12:15.518 DEBUG org.hibernate.SQL Line:92  -  select count(1)  from mf_headlines t where 1=1 
2018-07-02 20:12:24.282 DEBUG org.hibernate.SQL Line:92  -  select distinct t.*  from mf_headlines t where 1=1   order by t.head_time desc limit ?, ? 
2018-07-02 20:12:24.297 DEBUG org.hibernate.SQL Line:92  -  select count(1)  from mf_headlines t where 1=1 
2018-07-02 20:12:43.897 DEBUG org.hibernate.SQL Line:92  - insert into mf_headlines (content, head_image, head_time, title, type, id) values (?, ?, ?, ?, ?, ?)
2018-07-02 20:12:43.954 DEBUG org.hibernate.SQL Line:92  -  select distinct t.*  from mf_headlines t where 1=1   order by t.head_time desc limit ?, ? 
2018-07-02 20:12:43.968 DEBUG org.hibernate.SQL Line:92  -  select count(1)  from mf_headlines t where 1=1 
2018-07-02 20:27:26.150 DEBUG org.hibernate.SQL Line:92  -  select distinct t.*  from mf_invitation_user_data t where 1=1  limit ?, ? 
2018-07-02 20:27:28.177 DEBUG org.hibernate.SQL Line:92  -  select count(1)  from mf_invitation_user_data t where 1=1 
