2018-06-21 19:09:06.518 DEBUG org.hibernate.SQL Line:92  - select sysuser0_.id as id1_26_, sysuser0_.address as address2_26_, sysuser0_.attent_count as attent_c3_26_, sysuser0_.birthday as birthday4_26_, sysuser0_.create_date as create_d5_26_, sysuser0_.email as email6_26_, sysuser0_.fan_count as fan_coun7_26_, sysuser0_.grade as grade8_26_, sysuser0_.group_count as group_co9_26_, sysuser0_.image as image10_26_, sysuser0_.introduce as introdu11_26_, sysuser0_.labour_union_id as labour_12_26_, sysuser0_.locked as locked13_26_, sysuser0_.nickname as nicknam14_26_, sysuser0_.password as passwor15_26_, sysuser0_.phone as phone16_26_, sysuser0_.points as points17_26_, sysuser0_.pre_login_date as pre_log18_26_, sysuser0_.real_name as real_na19_26_, sysuser0_.salt as salt20_26_, sysuser0_.sex as sex21_26_, sysuser0_.update_date as update_22_26_, sysuser0_.user_name as user_na23_26_ from sys_user sysuser0_ where sysuser0_.user_name=?
2018-06-21 19:09:06.790 DEBUG org.hibernate.SQL Line:92  - select *from sys_permission where pid=?  order by order_num ASC 
2018-06-21 19:09:06.998 DEBUG org.hibernate.SQL Line:92  - select *from sys_permission where pid=?  order by order_num ASC 
2018-06-21 19:09:07.042 DEBUG org.hibernate.SQL Line:92  - select *from sys_permission where pid=?  order by order_num ASC 
2018-06-21 19:09:07.085 DEBUG org.hibernate.SQL Line:92  - select *from sys_permission where pid=?  order by order_num ASC 
2018-06-21 19:09:07.130 DEBUG org.hibernate.SQL Line:92  - select *from sys_permission where pid=?  order by order_num ASC 
2018-06-21 19:09:07.175 DEBUG org.hibernate.SQL Line:92  - select *from sys_permission where pid=?  order by order_num ASC 
2018-06-21 19:09:07.221 DEBUG org.hibernate.SQL Line:92  - select *from sys_permission where pid=?  order by order_num ASC 
2018-06-21 19:09:07.265 DEBUG org.hibernate.SQL Line:92  - select *from sys_permission where pid=?  order by order_num ASC 
2018-06-21 19:09:07.312 DEBUG org.hibernate.SQL Line:92  - select *from sys_permission where pid=?  order by order_num ASC 
2018-06-21 19:09:07.355 DEBUG org.hibernate.SQL Line:92  - select *from sys_permission where pid=?  order by order_num ASC 
2018-06-21 19:09:07.398 DEBUG org.hibernate.SQL Line:92  - select *from sys_permission where pid=?  order by order_num ASC 
2018-06-21 19:09:07.443 DEBUG org.hibernate.SQL Line:92  - select *from sys_permission where pid=?  order by order_num ASC 
2018-06-21 19:09:07.486 DEBUG org.hibernate.SQL Line:92  - select *from sys_permission where pid=?  order by order_num ASC 
2018-06-21 19:09:08.027 DEBUG org.hibernate.SQL Line:92  - select sysrole0_.id as id1_24_, sysrole0_.create_date as create_d2_24_, sysrole0_.description as descript3_24_, sysrole0_.name as name4_24_, sysrole0_.order_num as order_nu5_24_, sysrole0_.update_date as update_d6_24_ from sys_role sysrole0_
2018-06-21 19:09:08.108 DEBUG org.hibernate.SQL Line:92  - select syspermiss0_.id as id1_23_, syspermiss0_.available as availabl2_23_, syspermiss0_.icon_code as icon_cod3_23_, syspermiss0_.is_parent as is_paren4_23_, syspermiss0_.name as name5_23_, syspermiss0_.open as open6_23_, syspermiss0_.order_num as order_nu7_23_, syspermiss0_.permission_name as permissi8_23_, syspermiss0_.permission_value as permissi9_23_, syspermiss0_.pid as pid10_23_, syspermiss0_.pname as pname11_23_, syspermiss0_.type as type12_23_, syspermiss0_.url as url13_23_ from sys_permission syspermiss0_
2018-06-21 19:09:13.461 DEBUG org.hibernate.SQL Line:92  -  select distinct t.*  from mf_activity_release t where 1=1 and is_delete = 0 and type= ?  order by t.time desc limit ?, ? 
2018-06-21 19:09:13.485 DEBUG org.hibernate.SQL Line:92  -  select count(1)  from mf_activity_release t where 1=1 and is_delete = 0 and type= ? 
2018-06-21 19:09:16.080 DEBUG org.hibernate.SQL Line:92  -  select distinct t.*  from mf_activity_release t where 1=1 and is_delete = 0 and type= ?  order by t.time desc limit ?, ? 
2018-06-21 19:09:16.107 DEBUG org.hibernate.SQL Line:92  -  select count(1)  from mf_activity_release t where 1=1 and is_delete = 0 and type= ? 
2018-06-21 19:09:19.482 DEBUG org.hibernate.SQL Line:92  -  select distinct t.id,t.create_time,t.huanxin_flag,t.name,t.nickname,t.openid,t.phone,t.sex,t.user_type,i.integral  from mf_user_info t left join mf_activity_integral i on t.id = i.user_id where 1=1  limit ?, ? 
2018-06-21 19:09:19.524 DEBUG org.hibernate.SQL Line:92  -  select count(1)  from mf_user_info t left join mf_activity_integral i on t.id = i.user_id where 1=1 
2018-06-21 19:09:23.901 DEBUG org.hibernate.SQL Line:92  -  select distinct t.id,t.create_time,t.huanxin_flag,t.name,t.nickname,t.openid,t.phone,t.sex,t.user_type,i.integral  from mf_user_info t left join mf_activity_integral i on t.id = i.user_id where 1=1  limit ?, ? 
2018-06-21 19:09:23.948 DEBUG org.hibernate.SQL Line:92  -  select count(1)  from mf_user_info t left join mf_activity_integral i on t.id = i.user_id where 1=1 
2018-06-21 19:09:26.373 DEBUG org.hibernate.SQL Line:92  -  select distinct t.id,t.create_time,t.huanxin_flag,t.name,t.nickname,t.openid,t.phone,t.sex,t.user_type,i.integral  from mf_user_info t left join mf_activity_integral i on t.id = i.user_id where 1=1  limit ?, ? 
2018-06-21 19:09:26.429 DEBUG org.hibernate.SQL Line:92  -  select count(1)  from mf_user_info t left join mf_activity_integral i on t.id = i.user_id where 1=1 
2018-06-21 19:09:28.122 DEBUG org.hibernate.SQL Line:92  -  select distinct t.id,t.create_time,t.huanxin_flag,t.name,t.nickname,t.openid,t.phone,t.sex,t.user_type,i.integral  from mf_user_info t left join mf_activity_integral i on t.id = i.user_id where 1=1  limit ?, ? 
2018-06-21 19:09:28.182 DEBUG org.hibernate.SQL Line:92  -  select count(1)  from mf_user_info t left join mf_activity_integral i on t.id = i.user_id where 1=1 
2018-06-21 19:09:30.456 DEBUG org.hibernate.SQL Line:92  -  select distinct t.id,t.create_time,t.huanxin_flag,t.name,t.nickname,t.openid,t.phone,t.sex,t.user_type,i.integral  from mf_user_info t left join mf_activity_integral i on t.id = i.user_id where 1=1  limit ?, ? 
2018-06-21 19:09:30.521 DEBUG org.hibernate.SQL Line:92  -  select count(1)  from mf_user_info t left join mf_activity_integral i on t.id = i.user_id where 1=1 
2018-06-21 19:09:32.539 DEBUG org.hibernate.SQL Line:92  -  select distinct t.id,t.create_time,t.huanxin_flag,t.name,t.nickname,t.openid,t.phone,t.sex,t.user_type,i.integral  from mf_user_info t left join mf_activity_integral i on t.id = i.user_id where 1=1  limit ?, ? 
2018-06-21 19:09:32.618 DEBUG org.hibernate.SQL Line:92  -  select count(1)  from mf_user_info t left join mf_activity_integral i on t.id = i.user_id where 1=1 
2018-06-21 19:09:51.470 DEBUG org.hibernate.SQL Line:92  -  select distinct t.id,t.create_time,t.huanxin_flag,t.name,t.nickname,t.openid,t.phone,t.sex,t.user_type,i.integral  from mf_user_info t left join mf_activity_integral i on t.id = i.user_id where 1=1  limit ?, ? 
2018-06-21 19:09:51.549 DEBUG org.hibernate.SQL Line:92  -  select count(1)  from mf_user_info t left join mf_activity_integral i on t.id = i.user_id where 1=1 
2018-06-21 19:09:53.057 DEBUG org.hibernate.SQL Line:92  -  select distinct t.id,t.create_time,t.huanxin_flag,t.name,t.nickname,t.openid,t.phone,t.sex,t.user_type,i.integral  from mf_user_info t left join mf_activity_integral i on t.id = i.user_id where 1=1  limit ?, ? 
2018-06-21 19:09:53.146 DEBUG org.hibernate.SQL Line:92  -  select count(1)  from mf_user_info t left join mf_activity_integral i on t.id = i.user_id where 1=1 
